{"/Users/dexter/project/fastrx/src/combination.ts": {"path":"/Users/dexter/project/fastrx/src/combination.ts","statementMap":{"0":{"start":{"line":1,"column":0},"end":{"line":1,"column":155}},"1":{"start":{"line":6,"column":4},"end":{"line":6,"column":12}},"2":{"start":{"line":5,"column":31},"end":{"line":5,"column":52}},"3":{"start":{"line":4,"column":2},"end":{"line":4,"column":30}},"4":{"start":{"line":9,"column":4},"end":{"line":9,"column":40}},"5":{"start":{"line":9,"column":21},"end":{"line":9,"column":38}},"6":{"start":{"line":10,"column":4},"end":{"line":13,"column":null}},"7":{"start":{"line":11,"column":6},"end":{"line":11,"column":19}},"8":{"start":{"line":12,"column":6},"end":{"line":12,"column":34}},"9":{"start":{"line":16,"column":4},"end":{"line":16,"column":28}},"10":{"start":{"line":17,"column":4},"end":{"line":19,"column":null}},"11":{"start":{"line":18,"column":6},"end":{"line":18,"column":21}},"12":{"start":{"line":22,"column":4},"end":{"line":22,"column":44}},"13":{"start":{"line":22,"column":30},"end":{"line":22,"column":42}},"14":{"start":{"line":25,"column":4},"end":{"line":25,"column":44}},"15":{"start":{"line":25,"column":30},"end":{"line":25,"column":42}},"16":{"start":{"line":26,"column":4},"end":{"line":26,"column":23}},"17":{"start":{"line":29,"column":4},"end":{"line":29,"column":44}},"18":{"start":{"line":29,"column":30},"end":{"line":29,"column":42}},"19":{"start":{"line":30,"column":4},"end":{"line":30,"column":23}},"20":{"start":{"line":34,"column":2},"end":{"line":46,"column":4}},"21":{"start":{"line":35,"column":18},"end":{"line":35,"column":35}},"22":{"start":{"line":36,"column":4},"end":{"line":44,"column":null}},"23":{"start":{"line":37,"column":17},"end":{"line":39,"column":52}},"24":{"start":{"line":38,"column":8},"end":{"line":38,"column":28}},"25":{"start":{"line":40,"column":6},"end":{"line":40,"column":null}},"26":{"start":{"line":41,"column":6},"end":{"line":41,"column":25}},"27":{"start":{"line":42,"column":6},"end":{"line":42,"column":22}},"28":{"start":{"line":43,"column":6},"end":{"line":43,"column":16}},"29":{"start":{"line":45,"column":4},"end":{"line":45,"column":61}},"30":{"start":{"line":33,"column":0},"end":{"line":33,"column":16}},"31":{"start":{"line":50,"column":2},"end":{"line":59,"column":25}},"32":{"start":{"line":51,"column":18},"end":{"line":51,"column":43}},"33":{"start":{"line":52,"column":16},"end":{"line":52,"column":30}},"34":{"start":{"line":53,"column":4},"end":{"line":57,"column":6}},"35":{"start":{"line":54,"column":6},"end":{"line":56,"column":null}},"36":{"start":{"line":55,"column":8},"end":{"line":55,"column":24}},"37":{"start":{"line":58,"column":4},"end":{"line":58,"column":41}},"38":{"start":{"line":48,"column":0},"end":{"line":48,"column":16}},"39":{"start":{"line":64,"column":2},"end":{"line":87,"column":26}},"40":{"start":{"line":66,"column":20},"end":{"line":66,"column":70}},"41":{"start":{"line":67,"column":6},"end":{"line":85,"column":9}},"42":{"start":{"line":68,"column":18},"end":{"line":68,"column":43}},"43":{"start":{"line":69,"column":8},"end":{"line":69,"column":29}},"44":{"start":{"line":70,"column":8},"end":{"line":77,"column":10}},"45":{"start":{"line":71,"column":10},"end":{"line":71,"column":31}},"46":{"start":{"line":72,"column":10},"end":{"line":76,"column":null}},"47":{"start":{"line":73,"column":12},"end":{"line":73,"column":28}},"48":{"start":{"line":75,"column":12},"end":{"line":75,"column":24}},"49":{"start":{"line":78,"column":8},"end":{"line":84,"column":10}},"50":{"start":{"line":79,"column":10},"end":{"line":79,"column":31}},"51":{"start":{"line":80,"column":10},"end":{"line":80,"column":44}},"52":{"start":{"line":80,"column":31},"end":{"line":80,"column":42}},"53":{"start":{"line":81,"column":10},"end":{"line":81,"column":24}},"54":{"start":{"line":82,"column":10},"end":{"line":82,"column":28}},"55":{"start":{"line":83,"column":10},"end":{"line":83,"column":23}},"56":{"start":{"line":86,"column":6},"end":{"line":86,"column":72}},"57":{"start":{"line":86,"column":34},"end":{"line":86,"column":70}},"58":{"start":{"line":62,"column":0},"end":{"line":62,"column":16}},"59":{"start":{"line":93,"column":2},"end":{"line":105,"column":26}},"60":{"start":{"line":94,"column":14},"end":{"line":94,"column":15}},"61":{"start":{"line":95,"column":16},"end":{"line":95,"column":30}},"62":{"start":{"line":96,"column":14},"end":{"line":96,"column":28}},"63":{"start":{"line":97,"column":4},"end":{"line":103,"column":6}},"64":{"start":{"line":98,"column":6},"end":{"line":102,"column":27}},"65":{"start":{"line":99,"column":8},"end":{"line":99,"column":20}},"66":{"start":{"line":100,"column":8},"end":{"line":100,"column":36}},"67":{"start":{"line":102,"column":11},"end":{"line":102,"column":27}},"68":{"start":{"line":104,"column":4},"end":{"line":104,"column":17}},"69":{"start":{"line":91,"column":0},"end":{"line":91,"column":16}},"70":{"start":{"line":109,"column":2},"end":{"line":124,"column":4}},"71":{"start":{"line":110,"column":18},"end":{"line":110,"column":35}},"72":{"start":{"line":111,"column":24},"end":{"line":111,"column":26}},"73":{"start":{"line":112,"column":4},"end":{"line":118,"column":6}},"74":{"start":{"line":113,"column":6},"end":{"line":113,"column":24}},"75":{"start":{"line":114,"column":6},"end":{"line":116,"column":null}},"76":{"start":{"line":115,"column":8},"end":{"line":115,"column":23}},"77":{"start":{"line":117,"column":6},"end":{"line":117,"column":46}},"78":{"start":{"line":117,"column":32},"end":{"line":117,"column":44}},"79":{"start":{"line":119,"column":4},"end":{"line":123,"column":33}},"80":{"start":{"line":120,"column":6},"end":{"line":120,"column":43}},"81":{"start":{"line":120,"column":23},"end":{"line":120,"column":41}},"82":{"start":{"line":121,"column":6},"end":{"line":121,"column":50}},"83":{"start":{"line":121,"column":32},"end":{"line":121,"column":48}},"84":{"start":{"line":122,"column":6},"end":{"line":122,"column":22}},"85":{"start":{"line":108,"column":0},"end":{"line":108,"column":16}},"86":{"start":{"line":127,"column":2},"end":{"line":127,"column":86}},"87":{"start":{"line":127,"column":26},"end":{"line":127,"column":66}},"88":{"start":{"line":126,"column":0},"end":{"line":126,"column":16}},"89":{"start":{"line":131,"column":2},"end":{"line":156,"column":33}},"90":{"start":{"line":132,"column":19},"end":{"line":132,"column":33}},"91":{"start":{"line":133,"column":15},"end":{"line":133,"column":21}},"92":{"start":{"line":134,"column":16},"end":{"line":134,"column":22}},"93":{"start":{"line":135,"column":21},"end":{"line":135,"column":43}},"94":{"start":{"line":136,"column":23},"end":{"line":138,"column":5}},"95":{"start":{"line":137,"column":6},"end":{"line":137,"column":41}},"96":{"start":{"line":137,"column":25},"end":{"line":137,"column":41}},"97":{"start":{"line":139,"column":14},"end":{"line":154,"column":5}},"98":{"start":{"line":140,"column":17},"end":{"line":140,"column":45}},"99":{"start":{"line":141,"column":6},"end":{"line":151,"column":8}},"100":{"start":{"line":142,"column":8},"end":{"line":150,"column":null}},"101":{"start":{"line":143,"column":10},"end":{"line":146,"column":12}},"102":{"start":{"line":144,"column":12},"end":{"line":144,"column":28}},"103":{"start":{"line":145,"column":12},"end":{"line":145,"column":29}},"104":{"start":{"line":147,"column":10},"end":{"line":147,"column":24}},"105":{"start":{"line":149,"column":10},"end":{"line":149,"column":26}},"106":{"start":{"line":152,"column":6},"end":{"line":152,"column":31}},"107":{"start":{"line":153,"column":6},"end":{"line":153,"column":27}},"108":{"start":{"line":155,"column":4},"end":{"line":155,"column":23}},"109":{"start":{"line":129,"column":0},"end":{"line":129,"column":16}},"110":{"start":{"line":162,"column":2},"end":{"line":183,"column":23}},"111":{"start":{"line":163,"column":19},"end":{"line":163,"column":33}},"112":{"start":{"line":164,"column":16},"end":{"line":164,"column":22}},"113":{"start":{"line":165,"column":32},"end":{"line":165,"column":65}},"114":{"start":{"line":166,"column":23},"end":{"line":168,"column":5}},"115":{"start":{"line":167,"column":6},"end":{"line":167,"column":41}},"116":{"start":{"line":167,"column":25},"end":{"line":167,"column":41}},"117":{"start":{"line":169,"column":14},"end":{"line":181,"column":5}},"118":{"start":{"line":170,"column":17},"end":{"line":170,"column":45}},"119":{"start":{"line":171,"column":39},"end":{"line":171,"column":41}},"120":{"start":{"line":172,"column":6},"end":{"line":172,"column":24}},"121":{"start":{"line":173,"column":6},"end":{"line":178,"column":8}},"122":{"start":{"line":174,"column":8},"end":{"line":174,"column":26}},"123":{"start":{"line":175,"column":8},"end":{"line":177,"column":null}},"124":{"start":{"line":175,"column":29},"end":{"line":175,"column":37}},"125":{"start":{"line":176,"column":10},"end":{"line":176,"column":52}},"126":{"start":{"line":176,"column":35},"end":{"line":176,"column":44}},"127":{"start":{"line":179,"column":6},"end":{"line":179,"column":31}},"128":{"start":{"line":180,"column":6},"end":{"line":180,"column":27}},"129":{"start":{"line":182,"column":4},"end":{"line":182,"column":23}},"130":{"start":{"line":160,"column":0},"end":{"line":160,"column":16}},"131":{"start":{"line":187,"column":2},"end":{"line":193,"column":31}},"132":{"start":{"line":188,"column":4},"end":{"line":193,"column":30}},"133":{"start":{"line":189,"column":6},"end":{"line":191,"column":null}},"134":{"start":{"line":190,"column":8},"end":{"line":190,"column":29}},"135":{"start":{"line":192,"column":6},"end":{"line":192,"column":51}},"136":{"start":{"line":186,"column":0},"end":{"line":186,"column":16}},"137":{"start":{"line":199,"column":4},"end":{"line":199,"column":16}},"138":{"start":{"line":200,"column":14},"end":{"line":200,"column":43}},"139":{"start":{"line":201,"column":4},"end":{"line":201,"column":44}},"140":{"start":{"line":201,"column":24},"end":{"line":201,"column":42}},"141":{"start":{"line":202,"column":4},"end":{"line":202,"column":25}},"142":{"start":{"line":203,"column":4},"end":{"line":203,"column":43}},"143":{"start":{"line":206,"column":4},"end":{"line":208,"column":null}},"144":{"start":{"line":207,"column":6},"end":{"line":207,"column":45}},"145":{"start":{"line":211,"column":13},"end":{"line":211,"column":72}},"146":{"start":{"line":217,"column":4},"end":{"line":217,"column":16}},"147":{"start":{"line":216,"column":49},"end":{"line":216,"column":67}},"148":{"start":{"line":216,"column":86},"end":{"line":216,"column":111}},"149":{"start":{"line":213,"column":2},"end":{"line":213,"column":19}},"150":{"start":{"line":215,"column":2},"end":{"line":215,"column":12}},"151":{"start":{"line":218,"column":4},"end":{"line":220,"column":null}},"152":{"start":{"line":219,"column":6},"end":{"line":219,"column":26}},"153":{"start":{"line":223,"column":4},"end":{"line":240,"column":null}},"154":{"start":{"line":224,"column":6},"end":{"line":227,"column":null}},"155":{"start":{"line":225,"column":8},"end":{"line":225,"column":30}},"156":{"start":{"line":226,"column":8},"end":{"line":226,"column":23}},"157":{"start":{"line":228,"column":6},"end":{"line":230,"column":9}},"158":{"start":{"line":229,"column":8},"end":{"line":229,"column":26}},"159":{"start":{"line":231,"column":6},"end":{"line":233,"column":null}},"160":{"start":{"line":232,"column":8},"end":{"line":232,"column":46}},"161":{"start":{"line":235,"column":6},"end":{"line":235,"column":29}},"162":{"start":{"line":236,"column":6},"end":{"line":239,"column":null}},"163":{"start":{"line":237,"column":8},"end":{"line":237,"column":36}},"164":{"start":{"line":238,"column":8},"end":{"line":238,"column":25}},"165":{"start":{"line":243,"column":4},"end":{"line":247,"column":null}},"166":{"start":{"line":244,"column":6},"end":{"line":244,"column":34}},"167":{"start":{"line":245,"column":11},"end":{"line":247,"column":null}},"168":{"start":{"line":246,"column":6},"end":{"line":246,"column":63}},"169":{"start":{"line":246,"column":39},"end":{"line":246,"column":61}},"170":{"start":{"line":248,"column":4},"end":{"line":248,"column":21}},"171":{"start":{"line":252,"column":13},"end":{"line":252,"column":63}},"172":{"start":{"line":260,"column":4},"end":{"line":260,"column":16}},"173":{"start":{"line":258,"column":2},"end":{"line":258,"column":19}},"174":{"start":{"line":261,"column":14},"end":{"line":261,"column":38}},"175":{"start":{"line":262,"column":4},"end":{"line":265,"column":6}},"176":{"start":{"line":263,"column":6},"end":{"line":263,"column":29}},"177":{"start":{"line":264,"column":6},"end":{"line":264,"column":23}},"178":{"start":{"line":266,"column":4},"end":{"line":266,"column":25}},"179":{"start":{"line":267,"column":4},"end":{"line":267,"column":33}},"180":{"start":{"line":270,"column":4},"end":{"line":270,"column":27}},"181":{"start":{"line":273,"column":4},"end":{"line":275,"column":null}},"182":{"start":{"line":274,"column":6},"end":{"line":274,"column":34}},"183":{"start":{"line":276,"column":4},"end":{"line":276,"column":21}},"184":{"start":{"line":280,"column":13},"end":{"line":280,"column":48}}},"fnMap":{"0":{"name":"(anonymous_0)","decl":{"start":{"line":5,"column":2},"end":{"line":5,"column":31}},"loc":{"start":{"line":5,"column":52},"end":{"line":7,"column":3}}},"1":{"name":"(anonymous_1)","decl":{"start":{"line":8,"column":2},"end":{"line":8,"column":5}},"loc":{"start":{"line":8,"column":20},"end":{"line":14,"column":3}}},"2":{"name":"(anonymous_2)","decl":{"start":{"line":9,"column":15},"end":{"line":9,"column":18}},"loc":{"start":{"line":9,"column":21},"end":{"line":9,"column":38}}},"3":{"name":"(anonymous_3)","decl":{"start":{"line":15,"column":2},"end":{"line":15,"column":8}},"loc":{"start":{"line":15,"column":23},"end":{"line":20,"column":3}}},"4":{"name":"(anonymous_4)","decl":{"start":{"line":21,"column":2},"end":{"line":21,"column":6}},"loc":{"start":{"line":21,"column":14},"end":{"line":23,"column":3}}},"5":{"name":"(anonymous_5)","decl":{"start":{"line":22,"column":23},"end":{"line":22,"column":24}},"loc":{"start":{"line":22,"column":30},"end":{"line":22,"column":42}}},"6":{"name":"(anonymous_6)","decl":{"start":{"line":24,"column":2},"end":{"line":24,"column":10}},"loc":{"start":{"line":24,"column":10},"end":{"line":27,"column":3}}},"7":{"name":"(anonymous_7)","decl":{"start":{"line":25,"column":23},"end":{"line":25,"column":24}},"loc":{"start":{"line":25,"column":30},"end":{"line":25,"column":42}}},"8":{"name":"(anonymous_8)","decl":{"start":{"line":28,"column":2},"end":{"line":28,"column":7}},"loc":{"start":{"line":28,"column":16},"end":{"line":31,"column":3}}},"9":{"name":"(anonymous_9)","decl":{"start":{"line":29,"column":23},"end":{"line":29,"column":24}},"loc":{"start":{"line":29,"column":30},"end":{"line":29,"column":42}}},"10":{"name":"share","decl":{"start":{"line":33,"column":16},"end":{"line":33,"column":21}},"loc":{"start":{"line":33,"column":21},"end":{"line":47,"column":1}}},"11":{"name":"(anonymous_11)","decl":{"start":{"line":34,"column":9},"end":{"line":34,"column":10}},"loc":{"start":{"line":34,"column":20},"end":{"line":46,"column":3}}},"12":{"name":"(anonymous_12)","decl":{"start":{"line":37,"column":24},"end":{"line":37,"column":25}},"loc":{"start":{"line":37,"column":37},"end":{"line":39,"column":7}}},"13":{"name":"merge","decl":{"start":{"line":48,"column":16},"end":{"line":48,"column":21}},"loc":{"start":{"line":49,"column":68},"end":{"line":60,"column":1}}},"14":{"name":"(anonymous_14)","decl":{"start":{"line":50,"column":16},"end":{"line":50,"column":17}},"loc":{"start":{"line":50,"column":25},"end":{"line":59,"column":3}}},"15":{"name":"(anonymous_15)","decl":{"start":{"line":53,"column":21},"end":{"line":53,"column":24}},"loc":{"start":{"line":53,"column":26},"end":{"line":57,"column":5}}},"16":{"name":"race","decl":{"start":{"line":62,"column":16},"end":{"line":62,"column":20}},"loc":{"start":{"line":63,"column":68},"end":{"line":88,"column":1}}},"17":{"name":"(anonymous_17)","decl":{"start":{"line":65,"column":4},"end":{"line":65,"column":5}},"loc":{"start":{"line":65,"column":13},"end":{"line":87,"column":5}}},"18":{"name":"(anonymous_18)","decl":{"start":{"line":67,"column":22},"end":{"line":67,"column":23}},"loc":{"start":{"line":67,"column":33},"end":{"line":85,"column":7}}},"19":{"name":"(anonymous_19)","decl":{"start":{"line":70,"column":21},"end":{"line":70,"column":24}},"loc":{"start":{"line":70,"column":26},"end":{"line":77,"column":9}}},"20":{"name":"(anonymous_20)","decl":{"start":{"line":78,"column":17},"end":{"line":78,"column":18}},"loc":{"start":{"line":78,"column":26},"end":{"line":84,"column":9}}},"21":{"name":"(anonymous_21)","decl":{"start":{"line":80,"column":24},"end":{"line":80,"column":25}},"loc":{"start":{"line":80,"column":31},"end":{"line":80,"column":42}}},"22":{"name":"(anonymous_22)","decl":{"start":{"line":86,"column":22},"end":{"line":86,"column":23}},"loc":{"start":{"line":86,"column":34},"end":{"line":86,"column":70}}},"23":{"name":"concat","decl":{"start":{"line":91,"column":16},"end":{"line":91,"column":22}},"loc":{"start":{"line":92,"column":68},"end":{"line":106,"column":1}}},"24":{"name":"(anonymous_24)","decl":{"start":{"line":93,"column":16},"end":{"line":93,"column":20}},"loc":{"start":{"line":93,"column":23},"end":{"line":105,"column":3}}},"25":{"name":"(anonymous_25)","decl":{"start":{"line":97,"column":17},"end":{"line":97,"column":20}},"loc":{"start":{"line":97,"column":22},"end":{"line":103,"column":5}}},"26":{"name":"shareReplay","decl":{"start":{"line":108,"column":16},"end":{"line":108,"column":27}},"loc":{"start":{"line":108,"column":49},"end":{"line":125,"column":1}}},"27":{"name":"(anonymous_27)","decl":{"start":{"line":109,"column":9},"end":{"line":109,"column":10}},"loc":{"start":{"line":109,"column":20},"end":{"line":124,"column":3}}},"28":{"name":"(anonymous_28)","decl":{"start":{"line":112,"column":17},"end":{"line":112,"column":27}},"loc":{"start":{"line":112,"column":34},"end":{"line":118,"column":5}}},"29":{"name":"(anonymous_29)","decl":{"start":{"line":117,"column":25},"end":{"line":117,"column":26}},"loc":{"start":{"line":117,"column":32},"end":{"line":117,"column":44}}},"30":{"name":"(anonymous_30)","decl":{"start":{"line":119,"column":18},"end":{"line":119,"column":22}},"loc":{"start":{"line":119,"column":25},"end":{"line":123,"column":5}}},"31":{"name":"(anonymous_31)","decl":{"start":{"line":120,"column":17},"end":{"line":120,"column":20}},"loc":{"start":{"line":120,"column":23},"end":{"line":120,"column":41}}},"32":{"name":"(anonymous_32)","decl":{"start":{"line":121,"column":21},"end":{"line":121,"column":22}},"loc":{"start":{"line":121,"column":32},"end":{"line":121,"column":48}}},"33":{"name":"iif","decl":{"start":{"line":126,"column":16},"end":{"line":126,"column":19}},"loc":{"start":{"line":126,"column":95},"end":{"line":128,"column":1}}},"34":{"name":"(anonymous_34)","decl":{"start":{"line":127,"column":16},"end":{"line":127,"column":17}},"loc":{"start":{"line":127,"column":26},"end":{"line":127,"column":66}}},"35":{"name":"combineLatest","decl":{"start":{"line":129,"column":16},"end":{"line":129,"column":29}},"loc":{"start":{"line":130,"column":59},"end":{"line":157,"column":1}}},"36":{"name":"(anonymous_36)","decl":{"start":{"line":131,"column":16},"end":{"line":131,"column":17}},"loc":{"start":{"line":131,"column":25},"end":{"line":156,"column":3}}},"37":{"name":"(anonymous_37)","decl":{"start":{"line":136,"column":23},"end":{"line":136,"column":26}},"loc":{"start":{"line":136,"column":28},"end":{"line":138,"column":5}}},"38":{"name":"(anonymous_38)","decl":{"start":{"line":139,"column":14},"end":{"line":139,"column":15}},"loc":{"start":{"line":139,"column":59},"end":{"line":154,"column":5}}},"39":{"name":"(anonymous_39)","decl":{"start":{"line":141,"column":16},"end":{"line":141,"column":20}},"loc":{"start":{"line":141,"column":23},"end":{"line":151,"column":7}}},"40":{"name":"(anonymous_40)","decl":{"start":{"line":143,"column":20},"end":{"line":143,"column":24}},"loc":{"start":{"line":143,"column":27},"end":{"line":146,"column":11}}},"41":{"name":"zip","decl":{"start":{"line":160,"column":16},"end":{"line":160,"column":19}},"loc":{"start":{"line":161,"column":59},"end":{"line":184,"column":1}}},"42":{"name":"(anonymous_42)","decl":{"start":{"line":162,"column":16},"end":{"line":162,"column":17}},"loc":{"start":{"line":162,"column":25},"end":{"line":183,"column":3}}},"43":{"name":"(anonymous_43)","decl":{"start":{"line":166,"column":23},"end":{"line":166,"column":26}},"loc":{"start":{"line":166,"column":28},"end":{"line":168,"column":5}}},"44":{"name":"(anonymous_44)","decl":{"start":{"line":169,"column":14},"end":{"line":169,"column":15}},"loc":{"start":{"line":169,"column":59},"end":{"line":181,"column":5}}},"45":{"name":"(anonymous_45)","decl":{"start":{"line":173,"column":16},"end":{"line":173,"column":20}},"loc":{"start":{"line":173,"column":23},"end":{"line":178,"column":7}}},"46":{"name":"(anonymous_46)","decl":{"start":{"line":175,"column":24},"end":{"line":175,"column":25}},"loc":{"start":{"line":175,"column":29},"end":{"line":175,"column":37}}},"47":{"name":"(anonymous_47)","decl":{"start":{"line":176,"column":30},"end":{"line":176,"column":31}},"loc":{"start":{"line":176,"column":35},"end":{"line":176,"column":44}}},"48":{"name":"startWith","decl":{"start":{"line":186,"column":16},"end":{"line":186,"column":25}},"loc":{"start":{"line":186,"column":58},"end":{"line":194,"column":1}}},"49":{"name":"(anonymous_49)","decl":{"start":{"line":187,"column":9},"end":{"line":187,"column":10}},"loc":{"start":{"line":188,"column":4},"end":{"line":193,"column":30}}},"50":{"name":"(anonymous_50)","decl":{"start":{"line":188,"column":11},"end":{"line":188,"column":12}},"loc":{"start":{"line":188,"column":44},"end":{"line":193,"column":5}}},"51":{"name":"(anonymous_51)","decl":{"start":{"line":198,"column":2},"end":{"line":198,"column":14}},"loc":{"start":{"line":198,"column":73},"end":{"line":204,"column":3}}},"52":{"name":"(anonymous_52)","decl":{"start":{"line":201,"column":13},"end":{"line":201,"column":14}},"loc":{"start":{"line":201,"column":24},"end":{"line":201,"column":42}}},"53":{"name":"(anonymous_53)","decl":{"start":{"line":205,"column":2},"end":{"line":205,"column":6}},"loc":{"start":{"line":205,"column":14},"end":{"line":209,"column":3}}},"54":{"name":"(anonymous_54)","decl":{"start":{"line":216,"column":2},"end":{"line":216,"column":14}},"loc":{"start":{"line":216,"column":111},"end":{"line":221,"column":3}}},"55":{"name":"(anonymous_55)","decl":{"start":{"line":222,"column":2},"end":{"line":222,"column":6}},"loc":{"start":{"line":222,"column":14},"end":{"line":241,"column":3}}},"56":{"name":"(anonymous_56)","decl":{"start":{"line":228,"column":27},"end":{"line":228,"column":28}},"loc":{"start":{"line":228,"column":38},"end":{"line":230,"column":7}}},"57":{"name":"(anonymous_57)","decl":{"start":{"line":242,"column":2},"end":{"line":242,"column":10}},"loc":{"start":{"line":242,"column":10},"end":{"line":249,"column":3}}},"58":{"name":"(anonymous_58)","decl":{"start":{"line":246,"column":27},"end":{"line":246,"column":28}},"loc":{"start":{"line":246,"column":39},"end":{"line":246,"column":61}}},"59":{"name":"(anonymous_59)","decl":{"start":{"line":259,"column":2},"end":{"line":259,"column":14}},"loc":{"start":{"line":259,"column":68},"end":{"line":268,"column":3}}},"60":{"name":"(anonymous_60)","decl":{"start":{"line":262,"column":13},"end":{"line":262,"column":14}},"loc":{"start":{"line":262,"column":23},"end":{"line":265,"column":5}}},"61":{"name":"(anonymous_61)","decl":{"start":{"line":269,"column":2},"end":{"line":269,"column":6}},"loc":{"start":{"line":269,"column":14},"end":{"line":271,"column":3}}},"62":{"name":"(anonymous_62)","decl":{"start":{"line":272,"column":2},"end":{"line":272,"column":10}},"loc":{"start":{"line":272,"column":10},"end":{"line":277,"column":3}}}},"branchMap":{"0":{"loc":{"start":{"line":10,"column":4},"end":{"line":13,"column":null}},"type":"if","locations":[{"start":{"line":10,"column":4},"end":{"line":13,"column":null}}]},"1":{"loc":{"start":{"line":17,"column":4},"end":{"line":19,"column":null}},"type":"if","locations":[{"start":{"line":17,"column":4},"end":{"line":19,"column":null}}]},"2":{"loc":{"start":{"line":36,"column":4},"end":{"line":44,"column":null}},"type":"if","locations":[{"start":{"line":36,"column":4},"end":{"line":44,"column":null}}]},"3":{"loc":{"start":{"line":54,"column":6},"end":{"line":56,"column":null}},"type":"if","locations":[{"start":{"line":54,"column":6},"end":{"line":56,"column":null}}]},"4":{"loc":{"start":{"line":72,"column":10},"end":{"line":76,"column":null}},"type":"if","locations":[{"start":{"line":72,"column":10},"end":{"line":76,"column":null}},{"start":{"line":74,"column":17},"end":{"line":76,"column":null}}]},"5":{"loc":{"start":{"line":98,"column":6},"end":{"line":102,"column":27}},"type":"if","locations":[{"start":{"line":98,"column":6},"end":{"line":102,"column":27}},{"start":{"line":102,"column":11},"end":{"line":102,"column":27}}]},"6":{"loc":{"start":{"line":98,"column":10},"end":{"line":98,"column":34}},"type":"binary-expr","locations":[{"start":{"line":98,"column":10},"end":{"line":98,"column":19}},{"start":{"line":98,"column":23},"end":{"line":98,"column":34}}]},"7":{"loc":{"start":{"line":114,"column":6},"end":{"line":116,"column":null}},"type":"if","locations":[{"start":{"line":114,"column":6},"end":{"line":116,"column":null}}]},"8":{"loc":{"start":{"line":127,"column":26},"end":{"line":127,"column":66}},"type":"cond-expr","locations":[{"start":{"line":127,"column":40},"end":{"line":127,"column":51}},{"start":{"line":127,"column":54},"end":{"line":127,"column":66}}]},"9":{"loc":{"start":{"line":137,"column":6},"end":{"line":137,"column":41}},"type":"if","locations":[{"start":{"line":137,"column":6},"end":{"line":137,"column":41}}]},"10":{"loc":{"start":{"line":142,"column":8},"end":{"line":150,"column":null}},"type":"if","locations":[{"start":{"line":142,"column":8},"end":{"line":150,"column":null}},{"start":{"line":148,"column":15},"end":{"line":150,"column":null}}]},"11":{"loc":{"start":{"line":167,"column":6},"end":{"line":167,"column":41}},"type":"if","locations":[{"start":{"line":167,"column":6},"end":{"line":167,"column":41}}]},"12":{"loc":{"start":{"line":175,"column":8},"end":{"line":177,"column":null}},"type":"if","locations":[{"start":{"line":175,"column":8},"end":{"line":177,"column":null}}]},"13":{"loc":{"start":{"line":188,"column":18},"end":{"line":188,"column":25}},"type":"default-arg","locations":[{"start":{"line":188,"column":24},"end":{"line":188,"column":25}}]},"14":{"loc":{"start":{"line":188,"column":27},"end":{"line":188,"column":40}},"type":"default-arg","locations":[{"start":{"line":188,"column":31},"end":{"line":188,"column":40}}]},"15":{"loc":{"start":{"line":189,"column":13},"end":{"line":189,"column":38}},"type":"binary-expr","locations":[{"start":{"line":189,"column":13},"end":{"line":189,"column":20}},{"start":{"line":189,"column":24},"end":{"line":189,"column":38}}]},"16":{"loc":{"start":{"line":192,"column":6},"end":{"line":192,"column":50}},"type":"binary-expr","locations":[{"start":{"line":192,"column":6},"end":{"line":192,"column":19}},{"start":{"line":192,"column":23},"end":{"line":192,"column":50}}]},"17":{"loc":{"start":{"line":206,"column":4},"end":{"line":208,"column":null}},"type":"if","locations":[{"start":{"line":206,"column":4},"end":{"line":208,"column":null}}]},"18":{"loc":{"start":{"line":218,"column":4},"end":{"line":220,"column":null}},"type":"if","locations":[{"start":{"line":218,"column":4},"end":{"line":220,"column":null}}]},"19":{"loc":{"start":{"line":223,"column":4},"end":{"line":240,"column":null}},"type":"if","locations":[{"start":{"line":223,"column":4},"end":{"line":240,"column":null}},{"start":{"line":234,"column":11},"end":{"line":240,"column":null}}]},"20":{"loc":{"start":{"line":224,"column":6},"end":{"line":227,"column":null}},"type":"if","locations":[{"start":{"line":224,"column":6},"end":{"line":227,"column":null}}]},"21":{"loc":{"start":{"line":231,"column":6},"end":{"line":233,"column":null}},"type":"if","locations":[{"start":{"line":231,"column":6},"end":{"line":233,"column":null}}]},"22":{"loc":{"start":{"line":236,"column":6},"end":{"line":239,"column":null}},"type":"if","locations":[{"start":{"line":236,"column":6},"end":{"line":239,"column":null}}]},"23":{"loc":{"start":{"line":243,"column":4},"end":{"line":247,"column":null}},"type":"if","locations":[{"start":{"line":243,"column":4},"end":{"line":247,"column":null}},{"start":{"line":245,"column":11},"end":{"line":247,"column":null}}]},"24":{"loc":{"start":{"line":245,"column":11},"end":{"line":247,"column":null}},"type":"if","locations":[{"start":{"line":245,"column":11},"end":{"line":247,"column":null}}]},"25":{"loc":{"start":{"line":273,"column":4},"end":{"line":275,"column":null}},"type":"if","locations":[{"start":{"line":273,"column":4},"end":{"line":275,"column":null}}]}},"s":{"0":6,"1":0,"2":0,"3":0,"4":0,"5":0,"6":0,"7":0,"8":0,"9":0,"10":0,"11":0,"12":0,"13":0,"14":0,"15":0,"16":0,"17":0,"18":0,"19":0,"20":0,"21":0,"22":0,"23":0,"24":0,"25":0,"26":0,"27":0,"28":0,"29":0,"30":6,"31":0,"32":0,"33":0,"34":0,"35":0,"36":0,"37":0,"38":6,"39":0,"40":0,"41":0,"42":0,"43":0,"44":0,"45":0,"46":0,"47":0,"48":0,"49":0,"50":0,"51":0,"52":0,"53":0,"54":0,"55":0,"56":0,"57":0,"58":6,"59":0,"60":0,"61":0,"62":0,"63":0,"64":0,"65":0,"66":0,"67":0,"68":0,"69":6,"70":0,"71":0,"72":0,"73":0,"74":0,"75":0,"76":0,"77":0,"78":0,"79":0,"80":0,"81":0,"82":0,"83":0,"84":0,"85":6,"86":0,"87":0,"88":6,"89":0,"90":0,"91":0,"92":0,"93":0,"94":0,"95":0,"96":0,"97":0,"98":0,"99":0,"100":0,"101":0,"102":0,"103":0,"104":0,"105":0,"106":0,"107":0,"108":0,"109":6,"110":0,"111":0,"112":0,"113":0,"114":0,"115":0,"116":0,"117":0,"118":0,"119":0,"120":0,"121":0,"122":0,"123":0,"124":0,"125":0,"126":0,"127":0,"128":0,"129":0,"130":6,"131":0,"132":0,"133":0,"134":0,"135":0,"136":6,"137":0,"138":0,"139":0,"140":0,"141":0,"142":0,"143":0,"144":0,"145":6,"146":0,"147":0,"148":0,"149":0,"150":0,"151":0,"152":0,"153":0,"154":0,"155":0,"156":0,"157":0,"158":0,"159":0,"160":0,"161":0,"162":0,"163":0,"164":0,"165":0,"166":0,"167":0,"168":0,"169":0,"170":0,"171":6,"172":0,"173":0,"174":0,"175":0,"176":0,"177":0,"178":0,"179":0,"180":0,"181":0,"182":0,"183":0,"184":6},"f":{"0":0,"1":0,"2":0,"3":0,"4":0,"5":0,"6":0,"7":0,"8":0,"9":0,"10":0,"11":0,"12":0,"13":0,"14":0,"15":0,"16":0,"17":0,"18":0,"19":0,"20":0,"21":0,"22":0,"23":0,"24":0,"25":0,"26":0,"27":0,"28":0,"29":0,"30":0,"31":0,"32":0,"33":0,"34":0,"35":0,"36":0,"37":0,"38":0,"39":0,"40":0,"41":0,"42":0,"43":0,"44":0,"45":0,"46":0,"47":0,"48":0,"49":0,"50":0,"51":0,"52":0,"53":0,"54":0,"55":0,"56":0,"57":0,"58":0,"59":0,"60":0,"61":0,"62":0},"b":{"0":[0],"1":[0],"2":[0],"3":[0],"4":[0,0],"5":[0,0],"6":[0,0],"7":[0],"8":[0,0],"9":[0],"10":[0,0],"11":[0],"12":[0],"13":[0],"14":[0],"15":[0,0],"16":[0,0],"17":[0],"18":[0],"19":[0,0],"20":[0],"21":[0],"22":[0],"23":[0,0],"24":[0],"25":[0]}}
,"/Users/dexter/project/fastrx/src/common.ts": {"path":"/Users/dexter/project/fastrx/src/common.ts","statementMap":{"0":{"start":{"line":1,"column":0},"end":{"line":1,"column":16}},"1":{"start":{"line":2,"column":20},"end":{"line":2,"column":40}},"2":{"start":{"line":2,"column":37},"end":{"line":2,"column":40}},"3":{"start":{"line":2,"column":13},"end":{"line":2,"column":20}},"4":{"start":{"line":3,"column":24},"end":{"line":3,"column":41}},"5":{"start":{"line":3,"column":40},"end":{"line":3,"column":41}},"6":{"start":{"line":3,"column":13},"end":{"line":3,"column":24}},"7":{"start":{"line":5,"column":2},"end":{"line":5,"column":17}},"8":{"start":{"line":4,"column":0},"end":{"line":4,"column":16}},"9":{"start":{"line":8,"column":23},"end":{"line":8,"column":71}},"10":{"start":{"line":8,"column":29},"end":{"line":8,"column":71}},"11":{"start":{"line":8,"column":13},"end":{"line":8,"column":23}},"12":{"start":{"line":32,"column":12},"end":{"line":32,"column":13}},"13":{"start":{"line":42,"column":4},"end":{"line":42,"column":80}},"14":{"start":{"line":48,"column":15},"end":{"line":48,"column":59}},"15":{"start":{"line":49,"column":4},"end":{"line":49,"column":92}},"16":{"start":{"line":50,"column":4},"end":{"line":50,"column":13}},"17":{"start":{"line":51,"column":4},"end":{"line":51,"column":14}},"18":{"start":{"line":36,"column":0},"end":{"line":36,"column":13}},"19":{"start":{"line":62,"column":2},"end":{"line":62,"column":30}},"20":{"start":{"line":63,"column":2},"end":{"line":63,"column":19}},"21":{"start":{"line":67,"column":4},"end":{"line":67,"column":19}},"22":{"start":{"line":70,"column":4},"end":{"line":70,"column":19}},"23":{"start":{"line":73,"column":4},"end":{"line":73,"column":32}},"24":{"start":{"line":73,"column":17},"end":{"line":73,"column":31}},"25":{"start":{"line":76,"column":4},"end":{"line":76,"column":25}},"26":{"start":{"line":77,"column":4},"end":{"line":77,"column":28}},"27":{"start":{"line":78,"column":4},"end":{"line":78,"column":25}},"28":{"start":{"line":79,"column":4},"end":{"line":79,"column":24}},"29":{"start":{"line":80,"column":4},"end":{"line":80,"column":27}},"30":{"start":{"line":81,"column":4},"end":{"line":81,"column":29}},"31":{"start":{"line":82,"column":4},"end":{"line":82,"column":19}},"32":{"start":{"line":85,"column":4},"end":{"line":88,"column":19}},"33":{"start":{"line":86,"column":6},"end":{"line":86,"column":29}},"34":{"start":{"line":88,"column":6},"end":{"line":88,"column":19}},"35":{"start":{"line":89,"column":4},"end":{"line":89,"column":16}},"36":{"start":{"line":92,"column":4},"end":{"line":92,"column":61}},"37":{"start":{"line":92,"column":38},"end":{"line":92,"column":60}},"38":{"start":{"line":95,"column":4},"end":{"line":95,"column":30}},"39":{"start":{"line":96,"column":4},"end":{"line":96,"column":24}},"40":{"start":{"line":99,"column":4},"end":{"line":99,"column":24}},"41":{"start":{"line":102,"column":4},"end":{"line":102,"column":27}},"42":{"start":{"line":105,"column":4},"end":{"line":105,"column":26}},"43":{"start":{"line":107,"column":4},"end":{"line":107,"column":25}},"44":{"start":{"line":109,"column":4},"end":{"line":109,"column":21}},"45":{"start":{"line":111,"column":4},"end":{"line":111,"column":24}},"46":{"start":{"line":113,"column":4},"end":{"line":113,"column":21}},"47":{"start":{"line":115,"column":4},"end":{"line":115,"column":26}},"48":{"start":{"line":119,"column":4},"end":{"line":119,"column":21}},"49":{"start":{"line":123,"column":4},"end":{"line":123,"column":25}},"50":{"start":{"line":127,"column":4},"end":{"line":127,"column":22}},"51":{"start":{"line":60,"column":0},"end":{"line":60,"column":13}},"52":{"start":{"line":133,"column":4},"end":{"line":133,"column":12}},"53":{"start":{"line":132,"column":30},"end":{"line":132,"column":44}},"54":{"start":{"line":134,"column":4},"end":{"line":134,"column":33}},"55":{"start":{"line":137,"column":4},"end":{"line":137,"column":30}},"56":{"start":{"line":140,"column":4},"end":{"line":140,"column":25}},"57":{"start":{"line":143,"column":4},"end":{"line":143,"column":25}},"58":{"start":{"line":131,"column":0},"end":{"line":131,"column":13}},"59":{"start":{"line":149,"column":4},"end":{"line":149,"column":12}},"60":{"start":{"line":148,"column":67},"end":{"line":148,"column":75}},"61":{"start":{"line":148,"column":91},"end":{"line":148,"column":100}},"62":{"start":{"line":148,"column":116},"end":{"line":148,"column":128}},"63":{"start":{"line":147,"column":2},"end":{"line":147,"column":17}},"64":{"start":{"line":150,"column":4},"end":{"line":188,"column":null}},"65":{"start":{"line":151,"column":19},"end":{"line":151,"column":65}},"66":{"start":{"line":151,"column":37},"end":{"line":151,"column":48}},"67":{"start":{"line":152,"column":6},"end":{"line":154,"column":9}},"68":{"start":{"line":153,"column":8},"end":{"line":153,"column":30}},"69":{"start":{"line":155,"column":6},"end":{"line":155,"column":26}},"70":{"start":{"line":156,"column":6},"end":{"line":156,"column":24}},"71":{"start":{"line":157,"column":6},"end":{"line":157,"column":30}},"72":{"start":{"line":158,"column":6},"end":{"line":158,"column":29}},"73":{"start":{"line":159,"column":6},"end":{"line":159,"column":51}},"74":{"start":{"line":160,"column":6},"end":{"line":167,"column":null}},"75":{"start":{"line":161,"column":8},"end":{"line":161,"column":56}},"76":{"start":{"line":161,"column":29},"end":{"line":161,"column":55}},"77":{"start":{"line":163,"column":8},"end":{"line":166,"column":10}},"78":{"start":{"line":164,"column":10},"end":{"line":164,"column":37}},"79":{"start":{"line":165,"column":10},"end":{"line":165,"column":22}},"80":{"start":{"line":168,"column":6},"end":{"line":176,"column":null}},"81":{"start":{"line":169,"column":8},"end":{"line":169,"column":56}},"82":{"start":{"line":169,"column":31},"end":{"line":169,"column":55}},"83":{"start":{"line":171,"column":8},"end":{"line":175,"column":10}},"84":{"start":{"line":172,"column":10},"end":{"line":172,"column":25}},"85":{"start":{"line":173,"column":10},"end":{"line":173,"column":35}},"86":{"start":{"line":174,"column":10},"end":{"line":174,"column":22}},"87":{"start":{"line":177,"column":6},"end":{"line":185,"column":null}},"88":{"start":{"line":178,"column":8},"end":{"line":178,"column":59}},"89":{"start":{"line":178,"column":29},"end":{"line":178,"column":58}},"90":{"start":{"line":180,"column":8},"end":{"line":184,"column":10}},"91":{"start":{"line":181,"column":10},"end":{"line":181,"column":25}},"92":{"start":{"line":182,"column":10},"end":{"line":182,"column":40}},"93":{"start":{"line":183,"column":10},"end":{"line":183,"column":22}},"94":{"start":{"line":187,"column":6},"end":{"line":187,"column":29}},"95":{"start":{"line":191,"column":4},"end":{"line":191,"column":21}},"96":{"start":{"line":194,"column":4},"end":{"line":194,"column":19}},"97":{"start":{"line":195,"column":4},"end":{"line":195,"column":21}},"98":{"start":{"line":198,"column":4},"end":{"line":198,"column":19}},"99":{"start":{"line":199,"column":4},"end":{"line":199,"column":21}},"100":{"start":{"line":146,"column":0},"end":{"line":146,"column":13}},"101":{"start":{"line":216,"column":2},"end":{"line":216,"column":47}},"102":{"start":{"line":216,"column":32},"end":{"line":216,"column":38}},"103":{"start":{"line":215,"column":0},"end":{"line":215,"column":16}},"104":{"start":{"line":222,"column":2},"end":{"line":241,"column":null}},"105":{"start":{"line":223,"column":19},"end":{"line":228,"column":6}},"106":{"start":{"line":229,"column":4},"end":{"line":229,"column":26}},"107":{"start":{"line":230,"column":4},"end":{"line":239,"column":null}},"108":{"start":{"line":230,"column":17},"end":{"line":230,"column":18}},"109":{"start":{"line":231,"column":18},"end":{"line":231,"column":25}},"110":{"start":{"line":232,"column":6},"end":{"line":238,"column":null}},"111":{"start":{"line":233,"column":8},"end":{"line":237,"column":null}},"112":{"start":{"line":234,"column":10},"end":{"line":234,"column":40}},"113":{"start":{"line":240,"column":4},"end":{"line":240,"column":42}},"114":{"start":{"line":242,"column":2},"end":{"line":242,"column":12}},"115":{"start":{"line":218,"column":0},"end":{"line":218,"column":16}},"116":{"start":{"line":245,"column":2},"end":{"line":260,"column":4}},"117":{"start":{"line":246,"column":4},"end":{"line":259,"column":6}},"118":{"start":{"line":247,"column":6},"end":{"line":258,"column":null}},"119":{"start":{"line":248,"column":19},"end":{"line":252,"column":51}},"120":{"start":{"line":249,"column":30},"end":{"line":249,"column":54}},"121":{"start":{"line":250,"column":10},"end":{"line":250,"column":39}},"122":{"start":{"line":251,"column":10},"end":{"line":251,"column":40}},"123":{"start":{"line":253,"column":8},"end":{"line":253,"column":27}},"124":{"start":{"line":254,"column":8},"end":{"line":254,"column":24}},"125":{"start":{"line":255,"column":8},"end":{"line":255,"column":18}},"126":{"start":{"line":257,"column":8},"end":{"line":257,"column":60}},"127":{"start":{"line":257,"column":27},"end":{"line":257,"column":59}},"128":{"start":{"line":244,"column":0},"end":{"line":244,"column":16}},"129":{"start":{"line":264,"column":2},"end":{"line":264,"column":89}},"130":{"start":{"line":268,"column":4},"end":{"line":268,"column":16}},"131":{"start":{"line":267,"column":46},"end":{"line":267,"column":64}},"132":{"start":{"line":267,"column":82},"end":{"line":267,"column":92}},"133":{"start":{"line":269,"column":4},"end":{"line":269,"column":34}},"134":{"start":{"line":270,"column":4},"end":{"line":272,"column":7}},"135":{"start":{"line":271,"column":6},"end":{"line":271,"column":41}},"136":{"start":{"line":275,"column":4},"end":{"line":275,"column":44}},"137":{"start":{"line":276,"column":4},"end":{"line":276,"column":25}},"138":{"start":{"line":279,"column":4},"end":{"line":279,"column":42}},"139":{"start":{"line":280,"column":4},"end":{"line":280,"column":25}},"140":{"start":{"line":283,"column":4},"end":{"line":283,"column":47}},"141":{"start":{"line":284,"column":4},"end":{"line":284,"column":25}},"142":{"start":{"line":292,"column":13},"end":{"line":330,"column":2}},"143":{"start":{"line":294,"column":4},"end":{"line":298,"column":7}},"144":{"start":{"line":301,"column":4},"end":{"line":301,"column":74}},"145":{"start":{"line":304,"column":4},"end":{"line":308,"column":7}},"146":{"start":{"line":311,"column":4},"end":{"line":311,"column":81}},"147":{"start":{"line":314,"column":4},"end":{"line":314,"column":44}},"148":{"start":{"line":317,"column":4},"end":{"line":321,"column":7}},"149":{"start":{"line":324,"column":4},"end":{"line":324,"column":57}},"150":{"start":{"line":327,"column":4},"end":{"line":327,"column":34}},"151":{"start":{"line":327,"column":17},"end":{"line":327,"column":34}},"152":{"start":{"line":328,"column":4},"end":{"line":328,"column":57}},"153":{"start":{"line":333,"column":4},"end":{"line":333,"column":40}},"154":{"start":{"line":332,"column":30},"end":{"line":332,"column":45}},"155":{"start":{"line":331,"column":0},"end":{"line":331,"column":13}}},"fnMap":{"0":{"name":"nothing","decl":{"start":{"line":1,"column":16},"end":{"line":1,"column":23}},"loc":{"start":{"line":1,"column":38},"end":{"line":1,"column":48}}},"1":{"name":"(anonymous_1)","decl":{"start":{"line":2,"column":20},"end":{"line":2,"column":21}},"loc":{"start":{"line":2,"column":37},"end":{"line":2,"column":40}}},"2":{"name":"(anonymous_2)","decl":{"start":{"line":3,"column":24},"end":{"line":3,"column":28}},"loc":{"start":{"line":3,"column":40},"end":{"line":3,"column":41}}},"3":{"name":"dispose","decl":{"start":{"line":4,"column":16},"end":{"line":4,"column":23}},"loc":{"start":{"line":4,"column":23},"end":{"line":6,"column":1}}},"4":{"name":"(anonymous_4)","decl":{"start":{"line":8,"column":23},"end":{"line":8,"column":26}},"loc":{"start":{"line":8,"column":29},"end":{"line":8,"column":71}}},"5":{"name":"(anonymous_5)","decl":{"start":{"line":41,"column":2},"end":{"line":41,"column":10}},"loc":{"start":{"line":41,"column":10},"end":{"line":43,"column":3}}},"6":{"name":"(anonymous_6)","decl":{"start":{"line":47,"column":2},"end":{"line":47,"column":11}},"loc":{"start":{"line":47,"column":26},"end":{"line":52,"column":3}}},"7":{"name":"(anonymous_7)","decl":{"start":{"line":60,"column":0},"end":{"line":60,"column":13}},"loc":{"start":{"line":60,"column":0},"end":{"line":129,"column":1}}},"8":{"name":"(anonymous_8)","decl":{"start":{"line":64,"column":2},"end":{"line":64,"column":6}},"loc":{"start":{"line":64,"column":14},"end":{"line":65,"column":3}}},"9":{"name":"(anonymous_9)","decl":{"start":{"line":66,"column":2},"end":{"line":66,"column":10}},"loc":{"start":{"line":66,"column":10},"end":{"line":68,"column":3}}},"10":{"name":"(anonymous_10)","decl":{"start":{"line":69,"column":2},"end":{"line":69,"column":7}},"loc":{"start":{"line":69,"column":16},"end":{"line":71,"column":3}}},"11":{"name":"(anonymous_11)","decl":{"start":{"line":72,"column":2},"end":{"line":72,"column":6}},"loc":{"start":{"line":72,"column":17},"end":{"line":74,"column":3}}},"12":{"name":"(anonymous_12)","decl":{"start":{"line":73,"column":11},"end":{"line":73,"column":14}},"loc":{"start":{"line":73,"column":17},"end":{"line":73,"column":31}}},"13":{"name":"(anonymous_13)","decl":{"start":{"line":75,"column":2},"end":{"line":75,"column":9}},"loc":{"start":{"line":75,"column":9},"end":{"line":83,"column":3}}},"14":{"name":"(anonymous_14)","decl":{"start":{"line":84,"column":2},"end":{"line":84,"column":11}},"loc":{"start":{"line":84,"column":33},"end":{"line":90,"column":3}}},"15":{"name":"(anonymous_15)","decl":{"start":{"line":91,"column":2},"end":{"line":91,"column":6}},"loc":{"start":{"line":91,"column":19},"end":{"line":93,"column":3}}},"16":{"name":"(anonymous_16)","decl":{"start":{"line":92,"column":11},"end":{"line":92,"column":12}},"loc":{"start":{"line":92,"column":38},"end":{"line":92,"column":60}}},"17":{"name":"(anonymous_17)","decl":{"start":{"line":94,"column":2},"end":{"line":94,"column":9}},"loc":{"start":{"line":94,"column":9},"end":{"line":97,"column":3}}},"18":{"name":"(anonymous_18)","decl":{"start":{"line":98,"column":2},"end":{"line":98,"column":7}},"loc":{"start":{"line":98,"column":19},"end":{"line":100,"column":3}}},"19":{"name":"(anonymous_19)","decl":{"start":{"line":101,"column":2},"end":{"line":101,"column":13}},"loc":{"start":{"line":101,"column":25},"end":{"line":103,"column":3}}},"20":{"name":"(anonymous_20)","decl":{"start":{"line":104,"column":2},"end":{"line":104,"column":7}},"loc":{"start":{"line":104,"column":7},"end":{"line":116,"column":3}}},"21":{"name":"(anonymous_21)","decl":{"start":{"line":117,"column":2},"end":{"line":117,"column":11}},"loc":{"start":{"line":117,"column":11},"end":{"line":120,"column":3}}},"22":{"name":"(anonymous_22)","decl":{"start":{"line":121,"column":2},"end":{"line":121,"column":15}},"loc":{"start":{"line":121,"column":15},"end":{"line":124,"column":3}}},"23":{"name":"(anonymous_23)","decl":{"start":{"line":125,"column":2},"end":{"line":125,"column":12}},"loc":{"start":{"line":125,"column":12},"end":{"line":128,"column":3}}},"24":{"name":"(anonymous_24)","decl":{"start":{"line":132,"column":2},"end":{"line":132,"column":30}},"loc":{"start":{"line":132,"column":44},"end":{"line":135,"column":3}}},"25":{"name":"(anonymous_25)","decl":{"start":{"line":136,"column":2},"end":{"line":136,"column":6}},"loc":{"start":{"line":136,"column":18},"end":{"line":138,"column":3}}},"26":{"name":"(anonymous_26)","decl":{"start":{"line":139,"column":2},"end":{"line":139,"column":10}},"loc":{"start":{"line":139,"column":10},"end":{"line":141,"column":3}}},"27":{"name":"(anonymous_27)","decl":{"start":{"line":142,"column":2},"end":{"line":142,"column":7}},"loc":{"start":{"line":142,"column":16},"end":{"line":144,"column":3}}},"28":{"name":"(anonymous_28)","decl":{"start":{"line":148,"column":2},"end":{"line":148,"column":14}},"loc":{"start":{"line":148,"column":135},"end":{"line":189,"column":3}}},"29":{"name":"(anonymous_29)","decl":{"start":{"line":151,"column":31},"end":{"line":151,"column":34}},"loc":{"start":{"line":151,"column":37},"end":{"line":151,"column":48}}},"30":{"name":"(anonymous_30)","decl":{"start":{"line":152,"column":17},"end":{"line":152,"column":20}},"loc":{"start":{"line":152,"column":22},"end":{"line":154,"column":7}}},"31":{"name":"(anonymous_31)","decl":{"start":{"line":161,"column":21},"end":{"line":161,"column":25}},"loc":{"start":{"line":161,"column":29},"end":{"line":161,"column":55}}},"32":{"name":"(anonymous_32)","decl":{"start":{"line":163,"column":20},"end":{"line":163,"column":24}},"loc":{"start":{"line":163,"column":27},"end":{"line":166,"column":9}}},"33":{"name":"(anonymous_33)","decl":{"start":{"line":169,"column":25},"end":{"line":169,"column":28}},"loc":{"start":{"line":169,"column":31},"end":{"line":169,"column":55}}},"34":{"name":"(anonymous_34)","decl":{"start":{"line":171,"column":24},"end":{"line":171,"column":27}},"loc":{"start":{"line":171,"column":29},"end":{"line":175,"column":9}}},"35":{"name":"(anonymous_35)","decl":{"start":{"line":178,"column":22},"end":{"line":178,"column":25}},"loc":{"start":{"line":178,"column":29},"end":{"line":178,"column":58}}},"36":{"name":"(anonymous_36)","decl":{"start":{"line":180,"column":21},"end":{"line":180,"column":24}},"loc":{"start":{"line":180,"column":27},"end":{"line":184,"column":9}}},"37":{"name":"(anonymous_37)","decl":{"start":{"line":190,"column":2},"end":{"line":190,"column":6}},"loc":{"start":{"line":190,"column":14},"end":{"line":192,"column":3}}},"38":{"name":"(anonymous_38)","decl":{"start":{"line":193,"column":2},"end":{"line":193,"column":10}},"loc":{"start":{"line":193,"column":10},"end":{"line":196,"column":3}}},"39":{"name":"(anonymous_39)","decl":{"start":{"line":197,"column":2},"end":{"line":197,"column":7}},"loc":{"start":{"line":197,"column":16},"end":{"line":200,"column":3}}},"40":{"name":"pipe","decl":{"start":{"line":215,"column":16},"end":{"line":215,"column":20}},"loc":{"start":{"line":215,"column":134},"end":{"line":217,"column":1}}},"41":{"name":"(anonymous_41)","decl":{"start":{"line":216,"column":20},"end":{"line":216,"column":21}},"loc":{"start":{"line":216,"column":32},"end":{"line":216,"column":38}}},"42":{"name":"create","decl":{"start":{"line":218,"column":16},"end":{"line":218,"column":22}},"loc":{"start":{"line":221,"column":1},"end":{"line":243,"column":1}}},"43":{"name":"deliver","decl":{"start":{"line":244,"column":16},"end":{"line":244,"column":23}},"loc":{"start":{"line":244,"column":114},"end":{"line":261,"column":1}}},"44":{"name":"(anonymous_44)","decl":{"start":{"line":245,"column":9},"end":{"line":245,"column":19}},"loc":{"start":{"line":245,"column":31},"end":{"line":260,"column":3}}},"45":{"name":"(anonymous_45)","decl":{"start":{"line":246,"column":11},"end":{"line":246,"column":17}},"loc":{"start":{"line":246,"column":20},"end":{"line":259,"column":5}}},"46":{"name":"(anonymous_46)","decl":{"start":{"line":248,"column":26},"end":{"line":248,"column":27}},"loc":{"start":{"line":248,"column":39},"end":{"line":252,"column":9}}},"47":{"name":"(anonymous_47)","decl":{"start":{"line":257,"column":15},"end":{"line":257,"column":23}},"loc":{"start":{"line":257,"column":27},"end":{"line":257,"column":59}}},"48":{"name":"send","decl":{"start":{"line":263,"column":9},"end":{"line":263,"column":13}},"loc":{"start":{"line":263,"column":41},"end":{"line":265,"column":1}}},"49":{"name":"(anonymous_49)","decl":{"start":{"line":267,"column":2},"end":{"line":267,"column":14}},"loc":{"start":{"line":267,"column":92},"end":{"line":273,"column":3}}},"50":{"name":"(anonymous_50)","decl":{"start":{"line":270,"column":15},"end":{"line":270,"column":18}},"loc":{"start":{"line":270,"column":20},"end":{"line":272,"column":5}}},"51":{"name":"(anonymous_51)","decl":{"start":{"line":274,"column":2},"end":{"line":274,"column":6}},"loc":{"start":{"line":274,"column":14},"end":{"line":277,"column":3}}},"52":{"name":"(anonymous_52)","decl":{"start":{"line":278,"column":2},"end":{"line":278,"column":10}},"loc":{"start":{"line":278,"column":10},"end":{"line":281,"column":3}}},"53":{"name":"(anonymous_53)","decl":{"start":{"line":282,"column":2},"end":{"line":282,"column":7}},"loc":{"start":{"line":282,"column":16},"end":{"line":285,"column":3}}},"54":{"name":"(anonymous_54)","decl":{"start":{"line":293,"column":2},"end":{"line":293,"column":11}},"loc":{"start":{"line":293,"column":35},"end":{"line":299,"column":3}}},"55":{"name":"(anonymous_55)","decl":{"start":{"line":300,"column":2},"end":{"line":300,"column":6}},"loc":{"start":{"line":300,"column":46},"end":{"line":302,"column":3}}},"56":{"name":"(anonymous_56)","decl":{"start":{"line":303,"column":2},"end":{"line":303,"column":11}},"loc":{"start":{"line":303,"column":100},"end":{"line":309,"column":3}}},"57":{"name":"(anonymous_57)","decl":{"start":{"line":310,"column":2},"end":{"line":310,"column":10}},"loc":{"start":{"line":310,"column":49},"end":{"line":312,"column":3}}},"58":{"name":"(anonymous_58)","decl":{"start":{"line":313,"column":2},"end":{"line":313,"column":7}},"loc":{"start":{"line":313,"column":35},"end":{"line":315,"column":3}}},"59":{"name":"(anonymous_59)","decl":{"start":{"line":316,"column":2},"end":{"line":316,"column":6}},"loc":{"start":{"line":316,"column":16},"end":{"line":322,"column":3}}},"60":{"name":"(anonymous_60)","decl":{"start":{"line":323,"column":2},"end":{"line":323,"column":8}},"loc":{"start":{"line":323,"column":18},"end":{"line":325,"column":3}}},"61":{"name":"(anonymous_61)","decl":{"start":{"line":326,"column":2},"end":{"line":326,"column":8}},"loc":{"start":{"line":326,"column":18},"end":{"line":329,"column":3}}},"62":{"name":"(anonymous_62)","decl":{"start":{"line":332,"column":2},"end":{"line":332,"column":30}},"loc":{"start":{"line":332,"column":45},"end":{"line":334,"column":3}}}},"branchMap":{"0":{"loc":{"start":{"line":42,"column":27},"end":{"line":42,"column":76}},"type":"cond-expr","locations":[{"start":{"line":42,"column":46},"end":{"line":42,"column":71}},{"start":{"line":42,"column":74},"end":{"line":42,"column":76}}]},"1":{"loc":{"start":{"line":85,"column":4},"end":{"line":88,"column":19}},"type":"if","locations":[{"start":{"line":85,"column":4},"end":{"line":88,"column":19}},{"start":{"line":88,"column":6},"end":{"line":88,"column":19}}]},"2":{"loc":{"start":{"line":148,"column":67},"end":{"line":148,"column":82}},"type":"default-arg","locations":[{"start":{"line":148,"column":75},"end":{"line":148,"column":82}}]},"3":{"loc":{"start":{"line":148,"column":91},"end":{"line":148,"column":107}},"type":"default-arg","locations":[{"start":{"line":148,"column":100},"end":{"line":148,"column":107}}]},"4":{"loc":{"start":{"line":148,"column":116},"end":{"line":148,"column":135}},"type":"default-arg","locations":[{"start":{"line":148,"column":128},"end":{"line":148,"column":135}}]},"5":{"loc":{"start":{"line":150,"column":4},"end":{"line":188,"column":null}},"type":"if","locations":[{"start":{"line":150,"column":4},"end":{"line":188,"column":null}},{"start":{"line":186,"column":11},"end":{"line":188,"column":null}}]},"6":{"loc":{"start":{"line":160,"column":6},"end":{"line":167,"column":null}},"type":"if","locations":[{"start":{"line":160,"column":6},"end":{"line":167,"column":null}},{"start":{"line":162,"column":13},"end":{"line":167,"column":null}}]},"7":{"loc":{"start":{"line":168,"column":6},"end":{"line":176,"column":null}},"type":"if","locations":[{"start":{"line":168,"column":6},"end":{"line":176,"column":null}},{"start":{"line":170,"column":13},"end":{"line":176,"column":null}}]},"8":{"loc":{"start":{"line":177,"column":6},"end":{"line":185,"column":null}},"type":"if","locations":[{"start":{"line":177,"column":6},"end":{"line":185,"column":null}},{"start":{"line":179,"column":13},"end":{"line":185,"column":null}}]},"9":{"loc":{"start":{"line":222,"column":2},"end":{"line":241,"column":null}},"type":"if","locations":[{"start":{"line":222,"column":2},"end":{"line":241,"column":null}}]},"10":{"loc":{"start":{"line":232,"column":6},"end":{"line":238,"column":null}},"type":"if","locations":[{"start":{"line":232,"column":6},"end":{"line":238,"column":null}}]},"11":{"loc":{"start":{"line":233,"column":8},"end":{"line":237,"column":null}},"type":"if","locations":[{"start":{"line":233,"column":8},"end":{"line":237,"column":null}},{"start":{"line":235,"column":15},"end":{"line":237,"column":null}}]},"12":{"loc":{"start":{"line":247,"column":6},"end":{"line":258,"column":null}},"type":"if","locations":[{"start":{"line":247,"column":6},"end":{"line":258,"column":null}},{"start":{"line":256,"column":13},"end":{"line":258,"column":null}}]},"13":{"loc":{"start":{"line":301,"column":47},"end":{"line":301,"column":70}},"type":"binary-expr","locations":[{"start":{"line":301,"column":47},"end":{"line":301,"column":51}},{"start":{"line":301,"column":55},"end":{"line":301,"column":70}}]},"14":{"loc":{"start":{"line":307,"column":22},"end":{"line":307,"column":41}},"type":"binary-expr","locations":[{"start":{"line":307,"column":22},"end":{"line":307,"column":26}},{"start":{"line":307,"column":30},"end":{"line":307,"column":41}}]},"15":{"loc":{"start":{"line":307,"column":53},"end":{"line":307,"column":74}},"type":"binary-expr","locations":[{"start":{"line":307,"column":53},"end":{"line":307,"column":57}},{"start":{"line":307,"column":61},"end":{"line":307,"column":74}}]},"16":{"loc":{"start":{"line":311,"column":50},"end":{"line":311,"column":77}},"type":"cond-expr","locations":[{"start":{"line":311,"column":56},"end":{"line":311,"column":70}},{"start":{"line":311,"column":73},"end":{"line":311,"column":77}}]},"17":{"loc":{"start":{"line":327,"column":4},"end":{"line":327,"column":34}},"type":"if","locations":[{"start":{"line":327,"column":4},"end":{"line":327,"column":34}}]}},"s":{"0":6,"1":6,"2":18,"3":6,"4":6,"5":0,"6":6,"7":0,"8":6,"9":6,"10":12,"11":6,"12":6,"13":0,"14":0,"15":0,"16":0,"17":0,"18":6,"19":13,"20":13,"21":0,"22":0,"23":9,"24":9,"25":21,"26":21,"27":21,"28":21,"29":21,"30":21,"31":21,"32":12,"33":0,"34":12,"35":12,"36":0,"37":0,"38":21,"39":21,"40":21,"41":3,"42":8,"43":8,"44":8,"45":8,"46":8,"47":8,"48":0,"49":0,"50":0,"51":6,"52":9,"53":9,"54":9,"55":0,"56":5,"57":0,"58":6,"59":4,"60":4,"61":4,"62":4,"63":4,"64":4,"65":0,"66":0,"67":0,"68":0,"69":0,"70":0,"71":0,"72":0,"73":0,"74":0,"75":0,"76":0,"77":0,"78":0,"79":0,"80":0,"81":0,"82":0,"83":0,"84":0,"85":0,"86":0,"87":0,"88":0,"89":0,"90":0,"91":0,"92":0,"93":0,"94":4,"95":4,"96":4,"97":4,"98":0,"99":0,"100":6,"101":4,"102":9,"103":6,"104":12,"105":0,"106":0,"107":0,"108":0,"109":0,"110":0,"111":0,"112":0,"113":0,"114":12,"115":6,"116":232,"117":5,"118":5,"119":0,"120":0,"121":0,"122":0,"123":0,"124":0,"125":0,"126":5,"127":5,"128":6,"129":0,"130":0,"131":0,"132":0,"133":0,"134":0,"135":0,"136":0,"137":0,"138":0,"139":0,"140":0,"141":0,"142":6,"143":0,"144":0,"145":0,"146":0,"147":0,"148":0,"149":0,"150":0,"151":0,"152":0,"153":0,"154":0,"155":6},"f":{"0":11,"1":18,"2":0,"3":0,"4":12,"5":0,"6":0,"7":13,"8":0,"9":0,"10":0,"11":9,"12":9,"13":21,"14":12,"15":0,"16":0,"17":21,"18":21,"19":3,"20":8,"21":0,"22":0,"23":0,"24":9,"25":0,"26":5,"27":0,"28":4,"29":0,"30":0,"31":0,"32":0,"33":0,"34":0,"35":0,"36":0,"37":4,"38":4,"39":0,"40":4,"41":9,"42":12,"43":232,"44":5,"45":5,"46":0,"47":5,"48":0,"49":0,"50":0,"51":0,"52":0,"53":0,"54":0,"55":0,"56":0,"57":0,"58":0,"59":0,"60":0,"61":0,"62":0},"b":{"0":[0,0],"1":[0,12],"2":[0],"3":[0],"4":[0],"5":[0,4],"6":[0,0],"7":[0,0],"8":[0,0],"9":[0],"10":[0],"11":[0,0],"12":[0,5],"13":[0,0],"14":[0,0],"15":[0,0],"16":[0,0],"17":[0]}}
,"/Users/dexter/project/fastrx/src/filtering.ts": {"path":"/Users/dexter/project/fastrx/src/filtering.ts","statementMap":{"0":{"start":{"line":1,"column":0},"end":{"line":1,"column":78}},"1":{"start":{"line":2,"column":0},"end":{"line":2,"column":40}},"2":{"start":{"line":3,"column":0},"end":{"line":3,"column":35}},"3":{"start":{"line":6,"column":4},"end":{"line":6,"column":16}},"4":{"start":{"line":5,"column":38},"end":{"line":5,"column":66}},"5":{"start":{"line":5,"column":76},"end":{"line":5,"column":89}},"6":{"start":{"line":9,"column":4},"end":{"line":11,"column":null}},"7":{"start":{"line":10,"column":6},"end":{"line":10,"column":27}},"8":{"start":{"line":14,"column":13},"end":{"line":14,"column":48}},"9":{"start":{"line":19,"column":13},"end":{"line":19,"column":64}},"10":{"start":{"line":22,"column":4},"end":{"line":22,"column":16}},"11":{"start":{"line":21,"column":38},"end":{"line":21,"column":51}},"12":{"start":{"line":25,"column":4},"end":{"line":25,"column":25}},"13":{"start":{"line":26,"column":4},"end":{"line":28,"column":null}},"14":{"start":{"line":27,"column":6},"end":{"line":27,"column":22}},"15":{"start":{"line":31,"column":13},"end":{"line":31,"column":42}},"16":{"start":{"line":34,"column":4},"end":{"line":34,"column":16}},"17":{"start":{"line":35,"column":23},"end":{"line":35,"column":46}},"18":{"start":{"line":36,"column":4},"end":{"line":36,"column":44}},"19":{"start":{"line":36,"column":28},"end":{"line":36,"column":43}},"20":{"start":{"line":37,"column":4},"end":{"line":37,"column":34}},"21":{"start":{"line":38,"column":4},"end":{"line":38,"column":34}},"22":{"start":{"line":41,"column":13},"end":{"line":41,"column":57}},"23":{"start":{"line":45,"column":4},"end":{"line":45,"column":16}},"24":{"start":{"line":44,"column":47},"end":{"line":44,"column":70}},"25":{"start":{"line":48,"column":4},"end":{"line":52,"column":null}},"26":{"start":{"line":49,"column":6},"end":{"line":49,"column":27}},"27":{"start":{"line":51,"column":6},"end":{"line":51,"column":22}},"28":{"start":{"line":55,"column":13},"end":{"line":55,"column":57}},"29":{"start":{"line":57,"column":24},"end":{"line":62,"column":8}},"30":{"start":{"line":58,"column":2},"end":{"line":62,"column":8}},"31":{"start":{"line":59,"column":4},"end":{"line":59,"column":19}},"32":{"start":{"line":60,"column":4},"end":{"line":60,"column":46}},"33":{"start":{"line":60,"column":31},"end":{"line":60,"column":46}},"34":{"start":{"line":61,"column":4},"end":{"line":61,"column":18}},"35":{"start":{"line":57,"column":13},"end":{"line":57,"column":24}},"36":{"start":{"line":66,"column":4},"end":{"line":66,"column":16}},"37":{"start":{"line":65,"column":38},"end":{"line":65,"column":51}},"38":{"start":{"line":69,"column":4},"end":{"line":71,"column":null}},"39":{"start":{"line":70,"column":6},"end":{"line":70,"column":29}},"40":{"start":{"line":74,"column":13},"end":{"line":74,"column":42}},"41":{"start":{"line":77,"column":4},"end":{"line":77,"column":16}},"42":{"start":{"line":78,"column":4},"end":{"line":78,"column":24}},"43":{"start":{"line":79,"column":23},"end":{"line":79,"column":46}},"44":{"start":{"line":80,"column":4},"end":{"line":83,"column":6}},"45":{"start":{"line":81,"column":6},"end":{"line":81,"column":27}},"46":{"start":{"line":82,"column":6},"end":{"line":82,"column":23}},"47":{"start":{"line":84,"column":4},"end":{"line":84,"column":34}},"48":{"start":{"line":85,"column":4},"end":{"line":85,"column":34}},"49":{"start":{"line":88,"column":13},"end":{"line":88,"column":57}},"50":{"start":{"line":92,"column":4},"end":{"line":92,"column":16}},"51":{"start":{"line":91,"column":47},"end":{"line":91,"column":70}},"52":{"start":{"line":95,"column":4},"end":{"line":98,"column":null}},"53":{"start":{"line":96,"column":6},"end":{"line":96,"column":29}},"54":{"start":{"line":97,"column":6},"end":{"line":97,"column":22}},"55":{"start":{"line":101,"column":13},"end":{"line":101,"column":57}},"56":{"start":{"line":102,"column":30},"end":{"line":105,"column":2}},"57":{"start":{"line":109,"column":4},"end":{"line":109,"column":16}},"58":{"start":{"line":108,"column":47},"end":{"line":108,"column":97}},"59":{"start":{"line":108,"column":116},"end":{"line":108,"column":133}},"60":{"start":{"line":112,"column":4},"end":{"line":112,"column":22}},"61":{"start":{"line":113,"column":4},"end":{"line":113,"column":44}},"62":{"start":{"line":113,"column":23},"end":{"line":113,"column":44}},"63":{"start":{"line":116,"column":4},"end":{"line":116,"column":25}},"64":{"start":{"line":117,"column":4},"end":{"line":117,"column":24}},"65":{"start":{"line":120,"column":4},"end":{"line":120,"column":17}},"66":{"start":{"line":121,"column":4},"end":{"line":121,"column":48}},"67":{"start":{"line":124,"column":4},"end":{"line":124,"column":20}},"68":{"start":{"line":127,"column":4},"end":{"line":127,"column":19}},"69":{"start":{"line":128,"column":4},"end":{"line":130,"column":null}},"70":{"start":{"line":129,"column":6},"end":{"line":129,"column":27}},"71":{"start":{"line":136,"column":4},"end":{"line":136,"column":16}},"72":{"start":{"line":135,"column":47},"end":{"line":135,"column":97}},"73":{"start":{"line":135,"column":116},"end":{"line":135,"column":125}},"74":{"start":{"line":134,"column":2},"end":{"line":134,"column":98}},"75":{"start":{"line":137,"column":4},"end":{"line":137,"column":29}},"76":{"start":{"line":140,"column":4},"end":{"line":144,"column":null}},"77":{"start":{"line":141,"column":6},"end":{"line":141,"column":32}},"78":{"start":{"line":143,"column":6},"end":{"line":143,"column":38}},"79":{"start":{"line":147,"column":4},"end":{"line":147,"column":38}},"80":{"start":{"line":148,"column":4},"end":{"line":148,"column":30}},"81":{"start":{"line":149,"column":4},"end":{"line":149,"column":21}},"82":{"start":{"line":152,"column":13},"end":{"line":152,"column":54}},"83":{"start":{"line":153,"column":27},"end":{"line":156,"column":2}},"84":{"start":{"line":157,"column":21},"end":{"line":157,"column":144}},"85":{"start":{"line":157,"column":77},"end":{"line":157,"column":144}},"86":{"start":{"line":157,"column":13},"end":{"line":157,"column":21}},"87":{"start":{"line":161,"column":4},"end":{"line":161,"column":20}},"88":{"start":{"line":164,"column":4},"end":{"line":164,"column":19}},"89":{"start":{"line":165,"column":4},"end":{"line":165,"column":30}},"90":{"start":{"line":171,"column":4},"end":{"line":171,"column":16}},"91":{"start":{"line":170,"column":47},"end":{"line":170,"column":94}},"92":{"start":{"line":169,"column":2},"end":{"line":169,"column":53}},"93":{"start":{"line":172,"column":4},"end":{"line":172,"column":29}},"94":{"start":{"line":175,"column":4},"end":{"line":175,"column":29}},"95":{"start":{"line":176,"column":4},"end":{"line":176,"column":27}},"96":{"start":{"line":177,"column":4},"end":{"line":177,"column":31}},"97":{"start":{"line":178,"column":4},"end":{"line":178,"column":58}},"98":{"start":{"line":181,"column":4},"end":{"line":181,"column":30}},"99":{"start":{"line":182,"column":4},"end":{"line":182,"column":21}},"100":{"start":{"line":186,"column":13},"end":{"line":186,"column":54}},"101":{"start":{"line":188,"column":28},"end":{"line":188,"column":110}},"102":{"start":{"line":188,"column":51},"end":{"line":188,"column":110}},"103":{"start":{"line":188,"column":96},"end":{"line":188,"column":109}},"104":{"start":{"line":188,"column":13},"end":{"line":188,"column":28}},"105":{"start":{"line":191,"column":4},"end":{"line":191,"column":16}},"106":{"start":{"line":190,"column":38},"end":{"line":190,"column":51}},"107":{"start":{"line":190,"column":61},"end":{"line":190,"column":77}},"108":{"start":{"line":194,"column":4},"end":{"line":197,"column":null}},"109":{"start":{"line":195,"column":6},"end":{"line":195,"column":31}},"110":{"start":{"line":196,"column":6},"end":{"line":196,"column":22}},"111":{"start":{"line":200,"column":4},"end":{"line":203,"column":45}},"112":{"start":{"line":201,"column":6},"end":{"line":201,"column":63}},"113":{"start":{"line":202,"column":6},"end":{"line":202,"column":13}},"114":{"start":{"line":203,"column":11},"end":{"line":203,"column":45}},"115":{"start":{"line":204,"column":4},"end":{"line":204,"column":21}},"116":{"start":{"line":208,"column":13},"end":{"line":208,"column":57}},"117":{"start":{"line":209,"column":20},"end":{"line":209,"column":122}},"118":{"start":{"line":209,"column":49},"end":{"line":209,"column":122}},"119":{"start":{"line":209,"column":76},"end":{"line":209,"column":122}},"120":{"start":{"line":209,"column":107},"end":{"line":209,"column":112}},"121":{"start":{"line":209,"column":13},"end":{"line":209,"column":20}},"122":{"start":{"line":213,"column":4},"end":{"line":213,"column":16}},"123":{"start":{"line":212,"column":52},"end":{"line":212,"column":72}},"124":{"start":{"line":211,"column":2},"end":{"line":211,"column":8}},"125":{"start":{"line":216,"column":4},"end":{"line":221,"column":null}},"126":{"start":{"line":217,"column":6},"end":{"line":217,"column":31}},"127":{"start":{"line":218,"column":6},"end":{"line":218,"column":22}},"128":{"start":{"line":220,"column":6},"end":{"line":220,"column":15}},"129":{"start":{"line":224,"column":13},"end":{"line":224,"column":57}},"130":{"start":{"line":228,"column":4},"end":{"line":228,"column":16}},"131":{"start":{"line":227,"column":47},"end":{"line":227,"column":83}},"132":{"start":{"line":227,"column":93},"end":{"line":227,"column":109}},"133":{"start":{"line":226,"column":2},"end":{"line":226,"column":12}},"134":{"start":{"line":231,"column":4},"end":{"line":234,"column":null}},"135":{"start":{"line":232,"column":6},"end":{"line":232,"column":31}},"136":{"start":{"line":233,"column":6},"end":{"line":233,"column":22}},"137":{"start":{"line":237,"column":4},"end":{"line":240,"column":45}},"138":{"start":{"line":238,"column":6},"end":{"line":238,"column":55}},"139":{"start":{"line":239,"column":6},"end":{"line":239,"column":13}},"140":{"start":{"line":240,"column":11},"end":{"line":240,"column":45}},"141":{"start":{"line":241,"column":4},"end":{"line":241,"column":21}},"142":{"start":{"line":245,"column":13},"end":{"line":245,"column":45}},"143":{"start":{"line":249,"column":4},"end":{"line":249,"column":16}},"144":{"start":{"line":248,"column":47},"end":{"line":248,"column":83}},"145":{"start":{"line":248,"column":93},"end":{"line":248,"column":109}},"146":{"start":{"line":247,"column":2},"end":{"line":247,"column":12}},"147":{"start":{"line":252,"column":4},"end":{"line":254,"column":null}},"148":{"start":{"line":253,"column":6},"end":{"line":253,"column":31}},"149":{"start":{"line":257,"column":4},"end":{"line":260,"column":45}},"150":{"start":{"line":258,"column":6},"end":{"line":258,"column":55}},"151":{"start":{"line":259,"column":6},"end":{"line":259,"column":13}},"152":{"start":{"line":260,"column":11},"end":{"line":260,"column":45}},"153":{"start":{"line":261,"column":4},"end":{"line":261,"column":21}},"154":{"start":{"line":265,"column":13},"end":{"line":265,"column":42}},"155":{"start":{"line":271,"column":4},"end":{"line":271,"column":16}},"156":{"start":{"line":270,"column":53},"end":{"line":270,"column":96}},"157":{"start":{"line":269,"column":2},"end":{"line":269,"column":12}},"158":{"start":{"line":274,"column":4},"end":{"line":279,"column":null}},"159":{"start":{"line":275,"column":6},"end":{"line":275,"column":26}},"160":{"start":{"line":276,"column":6},"end":{"line":276,"column":22}},"161":{"start":{"line":278,"column":6},"end":{"line":278,"column":25}},"162":{"start":{"line":282,"column":4},"end":{"line":285,"column":39}},"163":{"start":{"line":283,"column":6},"end":{"line":283,"column":55}},"164":{"start":{"line":284,"column":6},"end":{"line":284,"column":13}},"165":{"start":{"line":285,"column":11},"end":{"line":285,"column":39}},"166":{"start":{"line":286,"column":4},"end":{"line":286,"column":21}},"167":{"start":{"line":290,"column":13},"end":{"line":290,"column":45}}},"fnMap":{"0":{"name":"(anonymous_0)","decl":{"start":{"line":5,"column":2},"end":{"line":5,"column":14}},"loc":{"start":{"line":5,"column":89},"end":{"line":7,"column":3}}},"1":{"name":"(anonymous_1)","decl":{"start":{"line":8,"column":2},"end":{"line":8,"column":6}},"loc":{"start":{"line":8,"column":14},"end":{"line":12,"column":3}}},"2":{"name":"(anonymous_2)","decl":{"start":{"line":17,"column":2},"end":{"line":17,"column":6}},"loc":{"start":{"line":17,"column":15},"end":{"line":17,"column":20}}},"3":{"name":"(anonymous_3)","decl":{"start":{"line":21,"column":2},"end":{"line":21,"column":14}},"loc":{"start":{"line":21,"column":51},"end":{"line":23,"column":3}}},"4":{"name":"(anonymous_4)","decl":{"start":{"line":24,"column":2},"end":{"line":24,"column":6}},"loc":{"start":{"line":24,"column":14},"end":{"line":29,"column":3}}},"5":{"name":"(anonymous_5)","decl":{"start":{"line":33,"column":2},"end":{"line":33,"column":14}},"loc":{"start":{"line":33,"column":58},"end":{"line":39,"column":3}}},"6":{"name":"(anonymous_6)","decl":{"start":{"line":36,"column":22},"end":{"line":36,"column":25}},"loc":{"start":{"line":36,"column":28},"end":{"line":36,"column":43}}},"7":{"name":"(anonymous_7)","decl":{"start":{"line":44,"column":2},"end":{"line":44,"column":14}},"loc":{"start":{"line":44,"column":70},"end":{"line":46,"column":3}}},"8":{"name":"(anonymous_8)","decl":{"start":{"line":47,"column":2},"end":{"line":47,"column":6}},"loc":{"start":{"line":47,"column":14},"end":{"line":53,"column":3}}},"9":{"name":"(anonymous_9)","decl":{"start":{"line":57,"column":24},"end":{"line":57,"column":28}},"loc":{"start":{"line":58,"column":2},"end":{"line":62,"column":8}}},"10":{"name":"(anonymous_10)","decl":{"start":{"line":58,"column":9},"end":{"line":58,"column":10}},"loc":{"start":{"line":58,"column":31},"end":{"line":62,"column":3}}},"11":{"name":"(anonymous_11)","decl":{"start":{"line":65,"column":2},"end":{"line":65,"column":14}},"loc":{"start":{"line":65,"column":51},"end":{"line":67,"column":3}}},"12":{"name":"(anonymous_12)","decl":{"start":{"line":68,"column":2},"end":{"line":68,"column":6}},"loc":{"start":{"line":68,"column":15},"end":{"line":72,"column":3}}},"13":{"name":"(anonymous_13)","decl":{"start":{"line":76,"column":2},"end":{"line":76,"column":14}},"loc":{"start":{"line":76,"column":58},"end":{"line":86,"column":3}}},"14":{"name":"(anonymous_14)","decl":{"start":{"line":80,"column":22},"end":{"line":80,"column":25}},"loc":{"start":{"line":80,"column":27},"end":{"line":83,"column":5}}},"15":{"name":"(anonymous_15)","decl":{"start":{"line":91,"column":2},"end":{"line":91,"column":14}},"loc":{"start":{"line":91,"column":70},"end":{"line":93,"column":3}}},"16":{"name":"(anonymous_16)","decl":{"start":{"line":94,"column":2},"end":{"line":94,"column":6}},"loc":{"start":{"line":94,"column":14},"end":{"line":99,"column":3}}},"17":{"name":"(anonymous_17)","decl":{"start":{"line":108,"column":2},"end":{"line":108,"column":14}},"loc":{"start":{"line":108,"column":133},"end":{"line":110,"column":3}}},"18":{"name":"(anonymous_18)","decl":{"start":{"line":111,"column":2},"end":{"line":111,"column":12}},"loc":{"start":{"line":111,"column":21},"end":{"line":114,"column":3}}},"19":{"name":"(anonymous_19)","decl":{"start":{"line":115,"column":2},"end":{"line":115,"column":6}},"loc":{"start":{"line":115,"column":14},"end":{"line":118,"column":3}}},"20":{"name":"(anonymous_20)","decl":{"start":{"line":119,"column":2},"end":{"line":119,"column":10}},"loc":{"start":{"line":119,"column":18},"end":{"line":122,"column":3}}},"21":{"name":"(anonymous_21)","decl":{"start":{"line":123,"column":2},"end":{"line":123,"column":6}},"loc":{"start":{"line":123,"column":6},"end":{"line":125,"column":3}}},"22":{"name":"(anonymous_22)","decl":{"start":{"line":126,"column":2},"end":{"line":126,"column":10}},"loc":{"start":{"line":126,"column":10},"end":{"line":131,"column":3}}},"23":{"name":"(anonymous_23)","decl":{"start":{"line":135,"column":2},"end":{"line":135,"column":14}},"loc":{"start":{"line":135,"column":146},"end":{"line":138,"column":3}}},"24":{"name":"(anonymous_24)","decl":{"start":{"line":139,"column":2},"end":{"line":139,"column":6}},"loc":{"start":{"line":139,"column":14},"end":{"line":145,"column":3}}},"25":{"name":"(anonymous_25)","decl":{"start":{"line":146,"column":2},"end":{"line":146,"column":10}},"loc":{"start":{"line":146,"column":10},"end":{"line":150,"column":3}}},"26":{"name":"(anonymous_26)","decl":{"start":{"line":157,"column":21},"end":{"line":157,"column":25}},"loc":{"start":{"line":157,"column":77},"end":{"line":157,"column":144}}},"27":{"name":"(anonymous_27)","decl":{"start":{"line":160,"column":2},"end":{"line":160,"column":6}},"loc":{"start":{"line":160,"column":6},"end":{"line":162,"column":3}}},"28":{"name":"(anonymous_28)","decl":{"start":{"line":163,"column":2},"end":{"line":163,"column":10}},"loc":{"start":{"line":163,"column":10},"end":{"line":166,"column":3}}},"29":{"name":"(anonymous_29)","decl":{"start":{"line":170,"column":2},"end":{"line":170,"column":14}},"loc":{"start":{"line":170,"column":94},"end":{"line":173,"column":3}}},"30":{"name":"(anonymous_30)","decl":{"start":{"line":174,"column":2},"end":{"line":174,"column":6}},"loc":{"start":{"line":174,"column":14},"end":{"line":179,"column":3}}},"31":{"name":"(anonymous_31)","decl":{"start":{"line":180,"column":2},"end":{"line":180,"column":10}},"loc":{"start":{"line":180,"column":10},"end":{"line":183,"column":3}}},"32":{"name":"(anonymous_32)","decl":{"start":{"line":188,"column":28},"end":{"line":188,"column":32}},"loc":{"start":{"line":188,"column":51},"end":{"line":188,"column":110}}},"33":{"name":"(anonymous_33)","decl":{"start":{"line":188,"column":85},"end":{"line":188,"column":86}},"loc":{"start":{"line":188,"column":96},"end":{"line":188,"column":109}}},"34":{"name":"(anonymous_34)","decl":{"start":{"line":190,"column":2},"end":{"line":190,"column":14}},"loc":{"start":{"line":190,"column":77},"end":{"line":192,"column":3}}},"35":{"name":"(anonymous_35)","decl":{"start":{"line":193,"column":2},"end":{"line":193,"column":6}},"loc":{"start":{"line":193,"column":14},"end":{"line":198,"column":3}}},"36":{"name":"(anonymous_36)","decl":{"start":{"line":199,"column":2},"end":{"line":199,"column":10}},"loc":{"start":{"line":199,"column":10},"end":{"line":205,"column":3}}},"37":{"name":"(anonymous_37)","decl":{"start":{"line":209,"column":20},"end":{"line":209,"column":24}},"loc":{"start":{"line":209,"column":49},"end":{"line":209,"column":122}}},"38":{"name":"(anonymous_38)","decl":{"start":{"line":209,"column":49},"end":{"line":209,"column":50}},"loc":{"start":{"line":209,"column":76},"end":{"line":209,"column":122}}},"39":{"name":"(anonymous_39)","decl":{"start":{"line":209,"column":100},"end":{"line":209,"column":101}},"loc":{"start":{"line":209,"column":107},"end":{"line":209,"column":112}}},"40":{"name":"(anonymous_40)","decl":{"start":{"line":212,"column":2},"end":{"line":212,"column":14}},"loc":{"start":{"line":212,"column":72},"end":{"line":214,"column":3}}},"41":{"name":"(anonymous_41)","decl":{"start":{"line":215,"column":2},"end":{"line":215,"column":6}},"loc":{"start":{"line":215,"column":14},"end":{"line":222,"column":3}}},"42":{"name":"(anonymous_42)","decl":{"start":{"line":227,"column":2},"end":{"line":227,"column":14}},"loc":{"start":{"line":227,"column":109},"end":{"line":229,"column":3}}},"43":{"name":"(anonymous_43)","decl":{"start":{"line":230,"column":2},"end":{"line":230,"column":6}},"loc":{"start":{"line":230,"column":14},"end":{"line":235,"column":3}}},"44":{"name":"(anonymous_44)","decl":{"start":{"line":236,"column":2},"end":{"line":236,"column":10}},"loc":{"start":{"line":236,"column":10},"end":{"line":242,"column":3}}},"45":{"name":"(anonymous_45)","decl":{"start":{"line":248,"column":2},"end":{"line":248,"column":14}},"loc":{"start":{"line":248,"column":109},"end":{"line":250,"column":3}}},"46":{"name":"(anonymous_46)","decl":{"start":{"line":251,"column":2},"end":{"line":251,"column":6}},"loc":{"start":{"line":251,"column":14},"end":{"line":255,"column":3}}},"47":{"name":"(anonymous_47)","decl":{"start":{"line":256,"column":2},"end":{"line":256,"column":10}},"loc":{"start":{"line":256,"column":10},"end":{"line":262,"column":3}}},"48":{"name":"(anonymous_48)","decl":{"start":{"line":270,"column":2},"end":{"line":270,"column":14}},"loc":{"start":{"line":270,"column":96},"end":{"line":272,"column":3}}},"49":{"name":"(anonymous_49)","decl":{"start":{"line":273,"column":2},"end":{"line":273,"column":6}},"loc":{"start":{"line":273,"column":14},"end":{"line":280,"column":3}}},"50":{"name":"(anonymous_50)","decl":{"start":{"line":281,"column":2},"end":{"line":281,"column":10}},"loc":{"start":{"line":281,"column":10},"end":{"line":287,"column":3}}}},"branchMap":{"0":{"loc":{"start":{"line":9,"column":4},"end":{"line":11,"column":null}},"type":"if","locations":[{"start":{"line":9,"column":4},"end":{"line":11,"column":null}}]},"1":{"loc":{"start":{"line":26,"column":4},"end":{"line":28,"column":null}},"type":"if","locations":[{"start":{"line":26,"column":4},"end":{"line":28,"column":null}}]},"2":{"loc":{"start":{"line":48,"column":4},"end":{"line":52,"column":null}},"type":"if","locations":[{"start":{"line":48,"column":4},"end":{"line":52,"column":null}},{"start":{"line":50,"column":11},"end":{"line":52,"column":null}}]},
[...]
line":273,"column":21},"end":{"line":284,"column":3}}},"49":{"name":"(anonymous_49)","decl":{"start":{"line":274,"column":32},"end":{"line":274,"column":35}},"loc":{"start":{"line":274,"column":37},"end":{"line":283,"column":5}}},"50":{"name":"(anonymous_50)","decl":{"start":{"line":286,"column":2},"end":{"line":286,"column":6}},"loc":{"start":{"line":286,"column":14},"end":{"line":291,"column":3}}},"51":{"name":"(anonymous_51)","decl":{"start":{"line":292,"column":2},"end":{"line":292,"column":10}},"loc":{"start":{"line":292,"column":10},"end":{"line":294,"column":3}}},"52":{"name":"(anonymous_52)","decl":{"start":{"line":293,"column":32},"end":{"line":293,"column":35}},"loc":{"start":{"line":293,"column":38},"end":{"line":293,"column":54}}},"53":{"name":"(anonymous_53)","decl":{"start":{"line":298,"column":2},"end":{"line":298,"column":14}},"loc":{"start":{"line":298,"column":84},"end":{"line":300,"column":3}}},"54":{"name":"(anonymous_54)","decl":{"start":{"line":301,"column":2},"end":{"line":301,"column":7}},"loc":{"start":{"line":301,"column":16},"end":{"line":304,"column":3}}},"55":{"name":"(anonymous_55)","decl":{"start":{"line":309,"column":2},"end":{"line":309,"column":13}},"loc":{"start":{"line":309,"column":13},"end":{"line":316,"column":3}}},"56":{"name":"(anonymous_56)","decl":{"start":{"line":318,"column":2},"end":{"line":318,"column":6}},"loc":{"start":{"line":318,"column":14},"end":{"line":323,"column":3}}},"57":{"name":"(anonymous_57)","decl":{"start":{"line":330,"column":2},"end":{"line":330,"column":14}},"loc":{"start":{"line":330,"column":98},"end":{"line":332,"column":3}}},"58":{"name":"(anonymous_58)","decl":{"start":{"line":334,"column":2},"end":{"line":334,"column":6}},"loc":{"start":{"line":334,"column":14},"end":{"line":339,"column":3}}},"59":{"name":"(anonymous_59)","decl":{"start":{"line":341,"column":2},"end":{"line":341,"column":13}},"loc":{"start":{"line":341,"column":21},"end":{"line":353,"column":3}}},"60":{"name":"(anonymous_60)","decl":{"start":{"line":355,"column":2},"end":{"line":355,"column":10}},"loc":{"start":{"line":355,"column":10},"end":{"line":358,"column":3}}},"61":{"name":"(anonymous_61)","decl":{"start":{"line":360,"column":2},"end":{"line":360,"column":15}},"loc":{"start":{"line":360,"column":15},"end":{"line":366,"column":3}}},"62":{"name":"(anonymous_62)","decl":{"start":{"line":368,"column":2},"end":{"line":368,"column":13}},"loc":{"start":{"line":368,"column":13},"end":{"line":372,"column":3}}}},"branchMap":{"0":{"loc":{"start":{"line":9,"column":4},"end":{"line":17,"column":null}},"type":"if","locations":[{"start":{"line":9,"column":4},"end":{"line":17,"column":null}},{"start":{"line":15,"column":11},"end":{"line":17,"column":null}}]},"1":{"loc":{"start":{"line":28,"column":4},"end":{"line":32,"column":null}},"type":"if","locations":[{"start":{"line":28,"column":4},"end":{"line":32,"column":null}},{"start":{"line":30,"column":11},"end":{"line":32,"column":null}}]},"2":{"loc":{"start":{"line":59,"column":4},"end":{"line":63,"column":null}},"type":"if","locations":[{"start":{"line":59,"column":4},"end":{"line":63,"column":null}},{"start":{"line":61,"column":11},"end":{"line":63,"column":null}}]},"3":{"loc":{"start":{"line":82,"column":4},"end":{"line":84,"column":null}},"type":"if","locations":[{"start":{"line":82,"column":4},"end":{"line":84,"column":null}}]},"4":{"loc":{"start":{"line":124,"column":4},"end":{"line":129,"column":null}},"type":"if","locations":[{"start":{"line":124,"column":4},"end":{"line":129,"column":null}},{"start":{"line":126,"column":11},"end":{"line":129,"column":null}}]},"5":{"loc":{"start":{"line":143,"column":4},"end":{"line":146,"column":null}},"type":"if","locations":[{"start":{"line":143,"column":4},"end":{"line":146,"column":null}}]},"6":{"loc":{"start":{"line":143,"column":8},"end":{"line":143,"column":50}},"type":"binary-expr","locations":[{"start":{"line":143,"column":8},"end":{"line":143,"column":21}},{"start":{"line":143,"column":25},"end":{"line":143,"column":50}}]},"7":{"loc":{"start":{"line":149,"column":4},"end":{"line":151,"column":39}},"type":"if","locations":[{"start":{"line":149,"column":4},"end":{"line":151,"column":39}}]},"8":{"loc":{"start":{"line":163,"column":4},"end":{"line":164,"column":35}},"type":"if","locations":[{"start":{"line":163,"column":4},"end":{"line":164,"column":35}}]},"9":{"loc":{"start":{"line":177,"column":4},"end":{"line":179,"column":24}},"type":"if","locations":[{"start":{"line":177,"column":4},"end":{"line":179,"column":24}},{"start":{"line":179,"column":9},"end":{"line":179,"column":24}}]},"10":{"loc":{"start":{"line":209,"column":4},"end":{"line":214,"column":null}},"type":"if","locations":[{"start":{"line":209,"column":4},"end":{"line":214,"column":null}}]},"11":{"loc":{"start":{"line":276,"column":6},"end":{"line":282,"column":null}},"type":"if","locations":[{"start":{"line":276,"column":6},"end":{"line":282,"column":null}}]},"12":{"loc":{"start":{"line":279,"column":8},"end":{"line":281,"column":null}},"type":"if","locations":[{"start":{"line":279,"column":8},"end":{"line":281,"column":null}}]},"13":{"loc":{"start":{"line":287,"column":4},"end":{"line":289,"column":null}},"type":"if","locations":[{"start":{"line":287,"column":4},"end":{"line":289,"column":null}}]},"14":{"loc":{"start":{"line":313,"column":4},"end":{"line":315,"column":null}},"type":"if","locations":[{"start":{"line":313,"column":4},"end":{"line":315,"column":null}}]},"15":{"loc":{"start":{"line":362,"column":4},"end":{"line":365,"column":null}},"type":"if","locations":[{"start":{"line":362,"column":4},"end":{"line":365,"column":null}}]},"16":{"loc":{"start":{"line":362,"column":8},"end":{"line":362,"column":54}},"type":"binary-expr","locations":[{"start":{"line":362,"column":8},"end":{"line":362,"column":28}},{"start":{"line":362,"column":32},"end":{"line":362,"column":54}}]}},"s":{"0":6,"1":6,"2":0,"3":0,"4":0,"5":0,"6":0,"7":0,"8":0,"9":0,"10":0,"11":6,"12":0,"13":0,"14":0,"15":0,"16":0,"17":6,"18":0,"19":0,"20":0,"21":0,"22":6,"23":6,"24":0,"25":0,"26":6,"27":0,"28":0,"29":0,"30":0,"31":0,"32":0,"33":0,"34":0,"35":0,"36":0,"37":0,"38":0,"39":0,"40":0,"41":0,"42":0,"43":0,"44":0,"45":0,"46":0,"47":0,"48":0,"49":0,"50":0,"51":0,"52":6,"53":24,"54":0,"55":0,"56":6,"57":0,"58":0,"59":0,"60":0,"61":0,"62":0,"63":0,"64":0,"65":0,"66":0,"67":0,"68":0,"69":0,"70":0,"71":0,"72":0,"73":6,"74":6,"75":0,"76":0,"77":0,"78":0,"79":0,"80":0,"81":0,"82":0,"83":0,"84":0,"85":0,"86":6,"87":6,"88":0,"89":0,"90":0,"91":0,"92":6,"93":6,"94":0,"95":0,"96":0,"97":0,"98":0,"99":0,"100":0,"101":0,"102":0,"103":0,"104":0,"105":0,"106":0,"107":0,"108":0,"109":0,"110":0,"111":6,"112":0,"113":0,"114":0,"115":6,"116":0,"117":0,"118":0,"119":0,"120":0,"121":0,"122":0,"123":0,"124":0,"125":0,"126":0,"127":6,"128":0,"129":0,"130":0,"131":0,"132":0,"133":0,"134":0,"135":0,"136":0,"137":0,"138":0,"139":0,"140":0,"141":0,"142":0,"143":0,"144":0,"145":6,"146":0,"147":0,"148":0,"149":0,"150":6,"151":0,"152":0,"153":0,"154":0,"155":0,"156":0,"157":0,"158":0,"159":0,"160":0,"161":0,"162":0,"163":0,"164":0,"165":0,"166":0,"167":0,"168":0,"169":0,"170":0,"171":0,"172":0,"173":0,"174":0,"175":0,"176":6},"f":{"0":0,"1":0,"2":0,"3":0,"4":0,"5":0,"6":0,"7":0,"8":0,"9":0,"10":0,"11":0,"12":0,"13":0,"14":0,"15":0,"16":0,"17":0,"18":24,"19":0,"20":0,"21":0,"22":0,"23":0,"24":0,"25":0,"26":0,"27":0,"28":0,"29":0,"30":0,"31":0,"32":0,"33":0,"34":0,"35":0,"36":0,"37":0,"38":0,"39":0,"40":0,"41":0,"42":0,"43":0,"44":0,"45":0,"46":0,"47":0,"48":0,"49":0,"50":0,"51":0,"52":0,"53":0,"54":0,"55":0,"56":0,"57":0,"58":0,"59":0,"60":0,"61":0,"62":0},"b":{"0":[0,0],"1":[0,0],"2":[0,0],"3":[0],"4":[0,0],"5":[0],"6":[0,0],"7":[0],"8":[0],"9":[0,0],"10":[0],"11":[0],"12":[0],"13":[0],"14":[0],"15":[0],"16":[0,0]}}
,"/Users/dexter/project/fastrx/src/utils.ts": {"path":"/Users/dexter/project/fastrx/src/utils.ts","statementMap":{"0":{"start":{"line":1,"column":0},"end":{"line":1,"column":157}},"1":{"start":{"line":3,"column":25},"end":{"line":7,"column":4}},"2":{"start":{"line":3,"column":34},"end":{"line":7,"column":4}},"3":{"start":{"line":4,"column":2},"end":{"line":7,"column":4}},"4":{"start":{"line":6,"column":4},"end":{"line":6,"column":79}},"5":{"start":{"line":6,"column":37},"end":{"line":6,"column":46}},"6":{"start":{"line":6,"column":63},"end":{"line":6,"column":77}},"7":{"start":{"line":3,"column":13},"end":{"line":3,"column":25}},"8":{"start":{"line":9,"column":32},"end":{"line":19,"column":1}},"9":{"start":{"line":9,"column":41},"end":{"line":19,"column":1}},"10":{"start":{"line":11,"column":2},"end":{"line":18,"column":5}},"11":{"start":{"line":13,"column":6},"end":{"line":13,"column":151}},"12":{"start":{"line":16,"column":6},"end":{"line":16,"column":27}},"13":{"start":{"line":9,"column":13},"end":{"line":9,"column":32}},"14":{"start":{"line":25,"column":2},"end":{"line":25,"column":127}},"15":{"start":{"line":25,"column":67},"end":{"line":25,"column":127}},"16":{"start":{"line":25,"column":94},"end":{"line":25,"column":127}},"17":{"start":{"line":24,"column":13},"end":{"line":24,"column":null}},"18":{"start":{"line":30,"column":4},"end":{"line":30,"column":16}},"19":{"start":{"line":31,"column":4},"end":{"line":37,"column":null}},"20":{"start":{"line":32,"column":6},"end":{"line":32,"column":62}},"21":{"start":{"line":32,"column":33},"end":{"line":32,"column":42}},"22":{"start":{"line":32,"column":43},"end":{"line":32,"column":59}},"23":{"start":{"line":34,"column":6},"end":{"line":34,"column":81}},"24":{"start":{"line":34,"column":19},"end":{"line":34,"column":81}},"25":{"start":{"line":34,"column":46},"end":{"line":34,"column":61}},"26":{"start":{"line":34,"column":62},"end":{"line":34,"column":78}},"27":{"start":{"line":35,"column":6},"end":{"line":35,"column":82}},"28":{"start":{"line":35,"column":23},"end":{"line":35,"column":82}},"29":{"start":{"line":35,"column":47},"end":{"line":35,"column":62}},"30":{"start":{"line":35,"column":63},"end":{"line":35,"column":79}},"31":{"start":{"line":36,"column":6},"end":{"line":36,"column":84}},"32":{"start":{"line":36,"column":20},"end":{"line":36,"column":84}},"33":{"start":{"line":36,"column":49},"end":{"line":36,"column":64}},"34":{"start":{"line":36,"column":65},"end":{"line":36,"column":81}},"35":{"start":{"line":41,"column":13},"end":{"line":41,"column":39}},"36":{"start":{"line":46,"column":4},"end":{"line":46,"column":16}},"37":{"start":{"line":45,"column":47},"end":{"line":45,"column":62}},"38":{"start":{"line":44,"column":2},"end":{"line":44,"column":82}},"39":{"start":{"line":44,"column":24},"end":{"line":44,"column":66}},"40":{"start":{"line":49,"column":4},"end":{"line":49,"column":21}},"41":{"start":{"line":50,"column":4},"end":{"line":50,"column":26}},"42":{"start":{"line":51,"column":4},"end":{"line":51,"column":27}},"43":{"start":{"line":54,"column":4},"end":{"line":54,"column":26}},"44":{"start":{"line":55,"column":4},"end":{"line":55,"column":20}},"45":{"start":{"line":58,"column":13},"end":{"line":58,"column":51}},"46":{"start":{"line":60,"column":21},"end":{"line":92,"column":1}},"47":{"start":{"line":60,"column":51},"end":{"line":92,"column":1}},"48":{"start":{"line":61,"column":2},"end":{"line":91,"column":null}},"49":{"start":{"line":62,"column":15},"end":{"line":74,"column":48}},"50":{"start":{"line":63,"column":19},"end":{"line":63,"column":24}},"51":{"start":{"line":64,"column":26},"end":{"line":64,"column":44}},"52":{"start":{"line":65,"column":6},"end":{"line":71,"column":8}},"53":{"start":{"line":66,"column":8},"end":{"line":70,"column":null}},"54":{"start":{"line":67,"column":10},"end":{"line":67,"column":40}},"55":{"start":{"line":69,"column":10},"end":{"line":69,"column":30}},"56":{"start":{"line":72,"column":6},"end":{"line":72,"column":35}},"57":{"start":{"line":73,"column":6},"end":{"line":73,"column":36}},"58":{"start":{"line":75,"column":4},"end":{"line":75,"column":23}},"59":{"start":{"line":76,"column":4},"end":{"line":76,"column":20}},"60":{"start":{"line":77,"column":4},"end":{"line":77,"column":14}},"61":{"start":{"line":79,"column":4},"end":{"line":90,"column":6}},"62":{"start":{"line":80,"column":19},"end":{"line":80,"column":24}},"63":{"start":{"line":81,"column":26},"end":{"line":81,"column":44}},"64":{"start":{"line":82,"column":6},"end":{"line":88,"column":8}},"65":{"start":{"line":83,"column":8},"end":{"line":87,"column":null}},"66":{"start":{"line":84,"column":10},"end":{"line":84,"column":30}},"67":{"start":{"line":86,"column":10},"end":{"line":86,"column":30}},"68":{"start":{"line":89,"column":6},"end":{"line":89,"column":26}},"69":{"start":{"line":60,"column":13},"end":{"line":60,"column":21}}},"fnMap":{"0":{"name":"(anonymous_0)","decl":{"start":{"line":3,"column":25},"end":{"line":3,"column":31}},"loc":{"start":{"line":3,"column":34},"end":{"line":7,"column":4}}},"1":{"name":"(anonymous_1)","decl":{"start":{"line":3,"column":34},"end":{"line":3,"column":35}},"loc":{"start":{"line":4,"column":2},"end":{"line":7,"column":4}}},"2":{"name":"(anonymous_2)","decl":{"start":{"line":4,"column":17},"end":{"line":4,"column":18}},"loc":{"start":{"line":4,"column":37},"end":{"line":7,"column":3}}},"3":{"name":"(anonymous_3)","decl":{"start":{"line":6,"column":29},"end":{"line":6,"column":30}},"loc":{"start":{"line":6,"column":37},"end":{"line":6,"column":46}}},"4":{"name":"(anonymous_4)","decl":{"start":{"line":6,"column":57},"end":{"line":6,"column":60}},"loc":{"start":{"line":6,"column":63},"end":{"line":6,"column":77}}},"5":{"name":"(anonymous_5)","decl":{"start":{"line":9,"column":32},"end":{"line":9,"column":38}},"loc":{"start":{"line":9,"column":41},"end":{"line":19,"column":1}}},"6":{"name":"(anonymous_6)","decl":{"start":{"line":9,"column":41},"end":{"line":9,"column":42}},"loc":{"start":{"line":9,"column":67},"end":{"line":19,"column":1}}},"7":{"name":"(anonymous_7)","decl":{"start":{"line":12,"column":4},"end":{"line":12,"column":9}},"loc":{"start":{"line":12,"column":20},"end":{"line":14,"column":5}}},"8":{"name":"(anonymous_8)","decl":{"start":{"line":15,"column":4},"end":{"line":15,"column":10}},"loc":{"start":{"line":15,"column":10},"end":{"line":17,"column":5}}},"9":{"name":"(anonymous_9)","decl":{"start":{"line":25,"column":2},"end":{"line":25,"column":6}},"loc":{"start":{"line":25,"column":67},"end":{"line":25,"column":127}}},"10":{"name":"(anonymous_10)","decl":{"start":{"line":25,"column":67},"end":{"line":25,"column":68}},"loc":{"start":{"line":25,"column":94},"end":{"line":25,"column":127}}},"11":{"name":"(anonymous_11)","decl":{"start":{"line":29,"column":2},"end":{"line":29,"column":14}},"loc":{"start":{"line":29,"column":73},"end":{"line":38,"column":3}}},"12":{"name":"(anonymous_12)","decl":{"start":{"line":32,"column":18},"end":{"line":32,"column":19}},"loc":{"start":{"line":32,"column":30},"end":{"line":32,"column":61}}},"13":{"name":"(anonymous_13)","decl":{"start":{"line":34,"column":31},"end":{"line":34,"column":32}},"loc":{"start":{"line":34,"column":43},"end":{"line":34,"column":80}}},"14":{"name":"(anonymous_14)","decl":{"start":{"line":35,"column":39},"end":{"line":35,"column":42}},"loc":{"start":{"line":35,"column":44},"end":{"line":35,"column":81}}},"15":{"name":"(anonymous_15)","decl":{"start":{"line":36,"column":33},"end":{"line":36,"column":34}},"loc":{"start":{"line":36,"column":46},"end":{"line":36,"column":83}}},"16":{"name":"(anonymous_16)","decl":{"start":{"line":45,"column":2},"end":{"line":45,"column":14}},"loc":{"start":{"line":45,"column":62},"end":{"line":47,"column":3}}},"17":{"name":"(anonymous_17)","decl":{"start":{"line":44,"column":18},"end":{"line":44,"column":21}},"loc":{"start":{"line":44,"column":24},"end":{"line":44,"column":66}}},"18":{"name":"(anonymous_18)","decl":{"start":{"line":48,"column":2},"end":{"line":48,"column":6}},"loc":{"start":{"line":48,"column":14},"end":{"line":52,"column":3}}},"19":{"name":"(anonymous_19)","decl":{"start":{"line":53,"column":2},"end":{"line":53,"column":9}},"loc":{"start":{"line":53,"column":9},"end":{"line":56,"column":3}}},"20":{"name":"(anonymous_20)","decl":{"start":{"line":60,"column":21},"end":{"line":60,"column":22}},"loc":{"start":{"line":60,"column":51},"end":{"line":92,"column":1}}},"21":{"name":"(anonymous_21)","decl":{"start":{"line":60,"column":51},"end":{"line":60,"column":55}},"loc":{"start":{"line":60,"column":80},"end":{"line":92,"column":1}}},"22":{"name":"(anonymous_22)","decl":{"start":{"line":62,"column":22},"end":{"line":62,"column":23}},"loc":{"start":{"line":62,"column":45},"end":{"line":74,"column":5}}},"23":{"name":"(anonymous_23)","decl":{"start":{"line":65,"column":26},"end":{"line":65,"column":27}},"loc":{"start":{"line":65,"column":34},"end":{"line":71,"column":7}}},"24":{"name":"(anonymous_24)","decl":{"start":{"line":79,"column":11},"end":{"line":79,"column":12}},"loc":{"start":{"line":79,"column":34},"end":{"line":90,"column":5}}},"25":{"name":"(anonymous_25)","decl":{"start":{"line":82,"column":26},"end":{"line":82,"column":27}},"loc":{"start":{"line":82,"column":34},"end":{"line":88,"column":7}}}},"branchMap":{"0":{"loc":{"start":{"line":25,"column":6},"end":{"line":25,"column":36}},"type":"default-arg","locations":[{"start":{"line":25,"column":29},"end":{"line":25,"column":36}}]},"1":{"loc":{"start":{"line":25,"column":38},"end":{"line":25,"column":49}},"type":"default-arg","locations":[{"start":{"line":25,"column":42},"end":{"line":25,"column":49}}]},"2":{"loc":{"start":{"line":25,"column":51},"end":{"line":25,"column":62}},"type":"default-arg","locations":[{"start":{"line":25,"column":55},"end":{"line":25,"column":62}}]},"3":{"loc":{"start":{"line":31,"column":4},"end":{"line":37,"column":null}},"type":"if","locations":[{"start":{"line":31,"column":4},"end":{"line":37,"column":null}},{"start":{"line":33,"column":11},"end":{"line":37,"column":null}}]},"4":{"loc":{"start":{"line":34,"column":6},"end":{"line":34,"column":81}},"type":"if","locations":[{"start":{"line":34,"column":6},"end":{"line":34,"column":81}}]},"5":{"loc":{"start":{"line":35,"column":6},"end":{"line":35,"column":82}},"type":"if","locations":[{"start":{"line":35,"column":6},"end":{"line":35,"column":82}}]},"6":{"loc":{"start":{"line":36,"column":6},"end":{"line":36,"column":84}},"type":"if","locations":[{"start":{"line":36,"column":6},"end":{"line":36,"column":84}}]},"7":{"loc":{"start":{"line":60,"column":22},"end":{"line":60,"column":46}},"type":"default-arg","locations":[{"start":{"line":60,"column":38},"end":{"line":60,"column":46}}]},"8":{"loc":{"start":{"line":61,"column":2},"end":{"line":91,"column":null}},"type":"if","locations":[{"start":{"line":61,"column":2},"end":{"line":91,"column":null}},{"start":{"line":78,"column":9},"end":{"line":91,"column":null}}]},"9":{"loc":{"start":{"line":66,"column":8},"end":{"line":70,"column":null}},"type":"if","locations":[{"start":{"line":66,"column":8},"end":{"line":70,"column":null}},{"start":{"line":68,"column":15},"end":{"line":70,"column":null}}]},"10":{"loc":{"start":{"line":83,"column":8},"end":{"line":87,"column":null}},"type":"if","locations":[{"start":{"line":83,"column":8},"end":{"line":87,"column":null}},{"start":{"line":85,"column":15},"end":{"line":87,"column":null}}]}},"s":{"0":6,"1":6,"2":0,"3":0,"4":0,"5":0,"6":0,"7":6,"8":6,"9":0,"10":0,"11":0,"12":0,"13":6,"14":6,"15":4,"16":4,"17":6,"18":0,"19":0,"20":0,"21":0,"22":0,"23":0,"24":0,"25":0,"26":0,"27":0,"28":0,"29":0,"30":0,"31":0,"32":0,"33":0,"34":0,"35":6,"36":0,"37":0,"38":0,"39":0,"40":0,"41":0,"42":0,"43":0,"44":0,"45":6,"46":6,"47":0,"48":0,"49":0,"50":0,"51":0,"52":0,"53":0,"54":0,"55":0,"56":0,"57":0,"58":0,"59":0,"60":0,"61":0,"62":0,"63":0,"64":0,"65":0,"66":0,"67":0,"68":0,"69":6},"f":{"0":0,"1":0,"2":0,"3":0,"4":0,"5":0,"6":0,"7":0,"8":0,"9":4,"10":4,"11":0,"12":0,"13":0,"14":0,"15":0,"16":0,"17":0,"18":0,"19":0,"20":0,"21":0,"22":0,"23":0,"24":0,"25":0},"b":{"0":[0],"1":[3],"2":[3],"3":[0,0],"4":[0],"5":[0],"6":[0],"7":[0],"8":[0,0],"9":[0,0],"10":[0,0]}}
}
