{"/Users/dexter/project/fastrx/src/chain.ts": {"path":"/Users/dexter/project/fastrx/src/chain.ts","statementMap":{"0":{"start":{"line":2,"column":0},"end":{"line":2,"column":99}},"1":{"start":{"line":3,"column":0},"end":{"line":3,"column":34}},"2":{"start":{"line":5,"column":0},"end":{"line":5,"column":39}},"3":{"start":{"line":6,"column":0},"end":{"line":6,"column":41}},"4":{"start":{"line":7,"column":0},"end":{"line":7,"column":47}},"5":{"start":{"line":8,"column":0},"end":{"line":8,"column":51}},"6":{"start":{"line":9,"column":0},"end":{"line":9,"column":45}},"7":{"start":{"line":10,"column":69},"end":{"line":10,"column":80}},"8":{"start":{"line":10,"column":64},"end":{"line":10,"column":69}},"9":{"start":{"line":11,"column":17},"end":{"line":11,"column":76}},"10":{"start":{"line":12,"column":15},"end":{"line":12,"column":129}},"11":{"start":{"line":15,"column":4},"end":{"line":15,"column":70}},"12":{"start":{"line":21,"column":16},"end":{"line":32,"column":2}},"13":{"start":{"line":23,"column":8},"end":{"line":30,"column":null}},"14":{"start":{"line":25,"column":16},"end":{"line":25,"column":96}},"15":{"start":{"line":25,"column":66},"end":{"line":25,"column":95}},"16":{"start":{"line":27,"column":16},"end":{"line":27,"column":52}},"17":{"start":{"line":27,"column":29},"end":{"line":27,"column":51}},"18":{"start":{"line":29,"column":16},"end":{"line":29,"column":161}},"19":{"start":{"line":29,"column":77},"end":{"line":29,"column":142}},"20":{"start":{"line":29,"column":97},"end":{"line":29,"column":142}},"21":{"start":{"line":43,"column":13},"end":{"line":50,"column":3}},"22":{"start":{"line":43,"column":58},"end":{"line":43,"column":112}},"23":{"start":{"line":45,"column":8},"end":{"line":47,"column":148}},"24":{"start":{"line":46,"column":33},"end":{"line":46,"column":59}},"25":{"start":{"line":47,"column":69},"end":{"line":47,"column":128}},"26":{"start":{"line":47,"column":89},"end":{"line":47,"column":128}},"27":{"start":{"line":49,"column":44},"end":{"line":49,"column":69}}},"fnMap":{"0":{"name":"inspect","decl":{"start":{"line":14,"column":9},"end":{"line":14,"column":16}},"loc":{"start":{"line":14,"column":16},"end":{"line":16,"column":1}}},"1":{"name":"(anonymous_8)","decl":{"start":{"line":22,"column":9},"end":{"line":22,"column":13}},"loc":{"start":{"line":22,"column":154},"end":{"line":31,"column":5}}},"2":{"name":"(anonymous_9)","decl":{"start":{"line":25,"column":23},"end":{"line":25,"column":24}},"loc":{"start":{"line":25,"column":66},"end":{"line":25,"column":95}}},"3":{"name":"(anonymous_10)","decl":{"start":{"line":27,"column":23},"end":{"line":27,"column":26}},"loc":{"start":{"line":27,"column":29},"end":{"line":27,"column":51}}},"4":{"name":"(anonymous_11)","decl":{"start":{"line":29,"column":24},"end":{"line":29,"column":28}},"loc":{"start":{"line":29,"column":77},"end":{"line":29,"column":142}}},"5":{"name":"(anonymous_12)","decl":{"start":{"line":29,"column":77},"end":{"line":29,"column":78}},"loc":{"start":{"line":29,"column":97},"end":{"line":29,"column":142}}},"6":{"name":"(anonymous_13)","decl":{"start":{"line":43,"column":32},"end":{"line":43,"column":36}},"loc":{"start":{"line":43,"column":58},"end":{"line":43,"column":112}}},"7":{"name":"(anonymous_14)","decl":{"start":{"line":44,"column":9},"end":{"line":44,"column":10}},"loc":{"start":{"line":45,"column":8},"end":{"line":47,"column":148}}},"8":{"name":"(anonymous_15)","decl":{"start":{"line":46,"column":14},"end":{"line":46,"column":15}},"loc":{"start":{"line":46,"column":33},"end":{"line":46,"column":59}}},"9":{"name":"(anonymous_16)","decl":{"start":{"line":47,"column":15},"end":{"line":47,"column":19}},"loc":{"start":{"line":47,"column":69},"end":{"line":47,"column":128}}},"10":{"name":"(anonymous_17)","decl":{"start":{"line":47,"column":69},"end":{"line":47,"column":70}},"loc":{"start":{"line":47,"column":89},"end":{"line":47,"column":128}}},"11":{"name":"(anonymous_18)","decl":{"start":{"line":49,"column":9},"end":{"line":49,"column":10}},"loc":{"start":{"line":49,"column":44},"end":{"line":49,"column":69}}}},"branchMap":{"0":{"loc":{"start":{"line":15,"column":11},"end":{"line":15,"column":39}},"type":"binary-expr","locations":[{"start":{"line":15,"column":11},"end":{"line":15,"column":39}},{"start":{"line":15,"column":43},"end":{"line":15,"column":69}}]},"1":{"loc":{"start":{"line":24,"column":12},"end":{"line":25,"column":96}},"type":"switch","locations":[{"start":{"line":24,"column":12},"end":{"line":25,"column":96}},{"start":{"line":26,"column":12},"end":{"line":27,"column":52}},{"start":{"line":28,"column":12},"end":{"line":29,"column":161}}]},"2":{"loc":{"start":{"line":43,"column":70},"end":{"line":43,"column":88}},"type":"cond-expr","locations":[{"start":{"line":43,"column":70},"end":{"line":43,"column":88}},{"start":{"line":43,"column":91},"end":{"line":43,"column":112}}]},"3":{"loc":{"start":{"line":46,"column":14},"end":{"line":46,"column":59}},"type":"cond-expr","locations":[{"start":{"line":46,"column":14},"end":{"line":46,"column":59}},{"start":{"line":47,"column":14},"end":{"line":47,"column":148}}]}},"s":{"0":5,"1":5,"2":5,"3":5,"4":5,"5":5,"6":5,"7":5,"8":5,"9":5,"10":5,"11":0,"12":5,"13":0,"14":0,"15":0,"16":0,"17":0,"18":0,"19":0,"20":0,"21":5,"22":0,"23":0,"24":0,"25":0,"26":0,"27":0},"f":{"0":0,"1":0,"2":0,"3":0,"4":0,"5":0,"6":0,"7":0,"8":0,"9":0,"10":0,"11":0},"b":{"0":[0,0],"1":[0,0,0],"2":[0,0],"3":[0,0]}}
,"/Users/dexter/project/fastrx/src/combination.ts": {"path":"/Users/dexter/project/fastrx/src/combination.ts","statementMap":{"0":{"start":{"line":1,"column":0},"end":{"line":1,"column":111}},"1":{"start":{"line":6,"column":8},"end":{"line":6,"column":16}},"2":{"start":{"line":5,"column":33},"end":{"line":5,"column":54}},"3":{"start":{"line":4,"column":4},"end":{"line":4,"column":32}},"4":{"start":{"line":9,"column":8},"end":{"line":9,"column":44}},"5":{"start":{"line":9,"column":25},"end":{"line":9,"column":42}},"6":{"start":{"line":10,"column":8},"end":{"line":13,"column":null}},"7":{"start":{"line":11,"column":12},"end":{"line":11,"column":25}},"8":{"start":{"line":12,"column":12},"end":{"line":12,"column":30}},"9":{"start":{"line":16,"column":8},"end":{"line":16,"column":32}},"10":{"start":{"line":17,"column":8},"end":{"line":19,"column":null}},"11":{"start":{"line":18,"column":12},"end":{"line":18,"column":27}},"12":{"start":{"line":22,"column":8},"end":{"line":22,"column":48}},"13":{"start":{"line":22,"column":34},"end":{"line":22,"column":46}},"14":{"start":{"line":25,"column":8},"end":{"line":25,"column":48}},"15":{"start":{"line":25,"column":34},"end":{"line":25,"column":46}},"16":{"start":{"line":26,"column":8},"end":{"line":26,"column":27}},"17":{"start":{"line":29,"column":8},"end":{"line":29,"column":48}},"18":{"start":{"line":29,"column":34},"end":{"line":29,"column":46}},"19":{"start":{"line":30,"column":8},"end":{"line":30,"column":27}},"20":{"start":{"line":33,"column":21},"end":{"line":36,"column":1}},"21":{"start":{"line":33,"column":43},"end":{"line":36,"column":1}},"22":{"start":{"line":34,"column":18},"end":{"line":34,"column":35}},"23":{"start":{"line":35,"column":4},"end":{"line":35,"column":33}},"24":{"start":{"line":33,"column":13},"end":{"line":33,"column":21}},"25":{"start":{"line":38,"column":4},"end":{"line":48,"column":9}},"26":{"start":{"line":39,"column":8},"end":{"line":48,"column":9}},"27":{"start":{"line":40,"column":26},"end":{"line":40,"column":51}},"28":{"start":{"line":41,"column":24},"end":{"line":41,"column":38}},"29":{"start":{"line":42,"column":12},"end":{"line":46,"column":14}},"30":{"start":{"line":43,"column":16},"end":{"line":45,"column":null}},"31":{"start":{"line":44,"column":20},"end":{"line":44,"column":36}},"32":{"start":{"line":47,"column":12},"end":{"line":47,"column":55}},"33":{"start":{"line":47,"column":40},"end":{"line":47,"column":53}},"34":{"start":{"line":37,"column":13},"end":{"line":37,"column":null}},"35":{"start":{"line":51,"column":4},"end":{"line":73,"column":9}},"36":{"start":{"line":52,"column":8},"end":{"line":73,"column":9}},"37":{"start":{"line":53,"column":26},"end":{"line":53,"column":76}},"38":{"start":{"line":54,"column":12},"end":{"line":71,"column":15}},"39":{"start":{"line":55,"column":26},"end":{"line":55,"column":51}},"40":{"start":{"line":56,"column":16},"end":{"line":56,"column":37}},"41":{"start":{"line":57,"column":16},"end":{"line":64,"column":18}},"42":{"start":{"line":58,"column":20},"end":{"line":58,"column":41}},"43":{"start":{"line":59,"column":20},"end":{"line":63,"column":null}},"44":{"start":{"line":60,"column":24},"end":{"line":60,"column":40}},"45":{"start":{"line":62,"column":24},"end":{"line":62,"column":36}},"46":{"start":{"line":65,"column":16},"end":{"line":70,"column":18}},"47":{"start":{"line":66,"column":20},"end":{"line":66,"column":41}},"48":{"start":{"line":67,"column":20},"end":{"line":67,"column":54}},"49":{"start":{"line":67,"column":41},"end":{"line":67,"column":52}},"50":{"start":{"line":68,"column":20},"end":{"line":68,"column":34}},"51":{"start":{"line":69,"column":20},"end":{"line":69,"column":33}},"52":{"start":{"line":72,"column":12},"end":{"line":72,"column":68}},"53":{"start":{"line":72,"column":40},"end":{"line":72,"column":66}},"54":{"start":{"line":50,"column":13},"end":{"line":50,"column":null}},"55":{"start":{"line":76,"column":4},"end":{"line":89,"column":9}},"56":{"start":{"line":77,"column":8},"end":{"line":89,"column":9}},"57":{"start":{"line":78,"column":22},"end":{"line":78,"column":23}},"58":{"start":{"line":79,"column":24},"end":{"line":79,"column":38}},"59":{"start":{"line":80,"column":22},"end":{"line":80,"column":36}},"60":{"start":{"line":81,"column":12},"end":{"line":87,"column":14}},"61":{"start":{"line":82,"column":16},"end":{"line":86,"column":37}},"62":{"start":{"line":83,"column":20},"end":{"line":83,"column":32}},"63":{"start":{"line":84,"column":20},"end":{"line":84,"column":38}},"64":{"start":{"line":86,"column":21},"end":{"line":86,"column":37}},"65":{"start":{"line":88,"column":12},"end":{"line":88,"column":25}},"66":{"start":{"line":75,"column":13},"end":{"line":75,"column":null}},"67":{"start":{"line":90,"column":27},"end":{"line":105,"column":1}},"68":{"start":{"line":90,"column":67},"end":{"line":105,"column":1}},"69":{"start":{"line":91,"column":18},"end":{"line":91,"column":35}},"70":{"start":{"line":92,"column":24},"end":{"line":92,"column":26}},"71":{"start":{"line":93,"column":4},"end":{"line":99,"column":6}},"72":{"start":{"line":94,"column":8},"end":{"line":94,"column":26}},"73":{"start":{"line":95,"column":8},"end":{"line":97,"column":null}},"74":{"start":{"line":96,"column":12},"end":{"line":96,"column":27}},"75":{"start":{"line":98,"column":8},"end":{"line":98,"column":48}},"76":{"start":{"line":98,"column":34},"end":{"line":98,"column":46}},"77":{"start":{"line":100,"column":4},"end":{"line":104,"column":6}},"78":{"start":{"line":101,"column":8},"end":{"line":101,"column":45}},"79":{"start":{"line":101,"column":25},"end":{"line":101,"column":43}},"80":{"start":{"line":102,"column":8},"end":{"line":102,"column":52}},"81":{"start":{"line":102,"column":34},"end":{"line":102,"column":50}},"82":{"start":{"line":103,"column":8},"end":{"line":103,"column":24}},"83":{"start":{"line":90,"column":13},"end":{"line":90,"column":27}},"84":{"start":{"line":106,"column":19},"end":{"line":106,"column":169}},"85":{"start":{"line":106,"column":119},"end":{"line":106,"column":169}},"86":{"start":{"line":106,"column":129},"end":{"line":106,"column":169}},"87":{"start":{"line":106,"column":13},"end":{"line":106,"column":19}},"88":{"start":{"line":108,"column":4},"end":{"line":134,"column":9}},"89":{"start":{"line":109,"column":8},"end":{"line":134,"column":9}},"90":{"start":{"line":110,"column":27},"end":{"line":110,"column":41}},"91":{"start":{"line":111,"column":23},"end":{"line":111,"column":29}},"92":{"start":{"line":112,"column":24},"end":{"line":112,"column":30}},"93":{"start":{"line":113,"column":29},"end":{"line":113,"column":51}},"94":{"start":{"line":114,"column":31},"end":{"line":116,"column":13}},"95":{"start":{"line":115,"column":16},"end":{"line":115,"column":51}},"96":{"start":{"line":115,"column":35},"end":{"line":115,"column":51}},"97":{"start":{"line":117,"column":22},"end":{"line":132,"column":13}},"98":{"start":{"line":118,"column":27},"end":{"line":118,"column":55}},"99":{"start":{"line":119,"column":16},"end":{"line":129,"column":18}},"100":{"start":{"line":120,"column":20},"end":{"line":128,"column":null}},"101":{"start":{"line":121,"column":24},"end":{"line":124,"column":26}},"102":{"start":{"line":122,"column":28},"end":{"line":122,"column":44}},"103":{"start":{"line":123,"column":28},"end":{"line":123,"column":45}},"104":{"start":{"line":125,"column":24},"end":{"line":125,"column":38}},"105":{"start":{"line":127,"column":24},"end":{"line":127,"column":40}},"106":{"start":{"line":130,"column":16},"end":{"line":130,"column":41}},"107":{"start":{"line":131,"column":16},"end":{"line":131,"column":27}},"108":{"start":{"line":133,"column":12},"end":{"line":133,"column":31}},"109":{"start":{"line":107,"column":13},"end":{"line":107,"column":null}},"110":{"start":{"line":137,"column":4},"end":{"line":159,"column":9}},"111":{"start":{"line":138,"column":8},"end":{"line":159,"column":9}},"112":{"start":{"line":139,"column":27},"end":{"line":139,"column":41}},"113":{"start":{"line":140,"column":24},"end":{"line":140,"column":30}},"114":{"start":{"line":141,"column":40},"end":{"line":141,"column":73}},"115":{"start":{"line":142,"column":31},"end":{"line":144,"column":13}},"116":{"start":{"line":143,"column":16},"end":{"line":143,"column":51}},"117":{"start":{"line":143,"column":35},"end":{"line":143,"column":51}},"118":{"start":{"line":145,"column":22},"end":{"line":157,"column":13}},"119":{"start":{"line":146,"column":27},"end":{"line":146,"column":55}},"120":{"start":{"line":147,"column":49},"end":{"line":147,"column":51}},"121":{"start":{"line":148,"column":16},"end":{"line":148,"column":34}},"122":{"start":{"line":149,"column":16},"end":{"line":154,"column":18}},"123":{"start":{"line":150,"column":20},"end":{"line":150,"column":38}},"124":{"start":{"line":151,"column":20},"end":{"line":153,"column":null}},"125":{"start":{"line":151,"column":41},"end":{"line":151,"column":49}},"126":{"start":{"line":152,"column":24},"end":{"line":152,"column":66}},"127":{"start":{"line":152,"column":49},"end":{"line":152,"column":58}},"128":{"start":{"line":155,"column":16},"end":{"line":155,"column":41}},"129":{"start":{"line":156,"column":16},"end":{"line":156,"column":27}},"130":{"start":{"line":158,"column":12},"end":{"line":158,"column":31}},"131":{"start":{"line":136,"column":13},"end":{"line":136,"column":null}},"132":{"start":{"line":160,"column":25},"end":{"line":168,"column":9}},"133":{"start":{"line":161,"column":4},"end":{"line":168,"column":9}},"134":{"start":{"line":162,"column":8},"end":{"line":168,"column":9}},"135":{"start":{"line":163,"column":12},"end":{"line":166,"column":null}},"136":{"start":{"line":164,"column":16},"end":{"line":164,"column":42}},"137":{"start":{"line":164,"column":35},"end":{"line":164,"column":42}},"138":{"start":{"line":165,"column":16},"end":{"line":165,"column":37}},"139":{"start":{"line":167,"column":12},"end":{"line":167,"column":47}},"140":{"start":{"line":160,"column":13},"end":{"line":160,"column":25}},"141":{"start":{"line":172,"column":8},"end":{"line":172,"column":20}},"142":{"start":{"line":173,"column":18},"end":{"line":173,"column":47}},"143":{"start":{"line":174,"column":8},"end":{"line":174,"column":48}},"144":{"start":{"line":174,"column":28},"end":{"line":174,"column":46}},"145":{"start":{"line":175,"column":8},"end":{"line":175,"column":29}},"146":{"start":{"line":176,"column":8},"end":{"line":176,"column":37}},"147":{"start":{"line":179,"column":8},"end":{"line":181,"column":null}},"148":{"start":{"line":180,"column":12},"end":{"line":180,"column":51}},"149":{"start":{"line":184,"column":13},"end":{"line":184,"column":54}},"150":{"start":{"line":190,"column":8},"end":{"line":190,"column":20}},"151":{"start":{"line":189,"column":51},"end":{"line":189,"column":69}},"152":{"start":{"line":189,"column":88},"end":{"line":189,"column":112}},"153":{"start":{"line":186,"column":4},"end":{"line":186,"column":21}},"154":{"start":{"line":188,"column":4},"end":{"line":188,"column":14}},"155":{"start":{"line":191,"column":8},"end":{"line":193,"column":null}},"156":{"start":{"line":192,"column":12},"end":{"line":192,"column":32}},"157":{"start":{"line":196,"column":8},"end":{"line":213,"column":null}},"158":{"start":{"line":197,"column":12},"end":{"line":200,"column":null}},"159":{"start":{"line":198,"column":16},"end":{"line":198,"column":38}},"160":{"start":{"line":199,"column":16},"end":{"line":199,"column":31}},"161":{"start":{"line":201,"column":12},"end":{"line":203,"column":15}},"162":{"start":{"line":202,"column":16},"end":{"line":202,"column":34}},"163":{"start":{"line":204,"column":12},"end":{"line":206,"column":null}},"164":{"start":{"line":205,"column":16},"end":{"line":205,"column":54}},"165":{"start":{"line":208,"column":12},"end":{"line":208,"column":35}},"166":{"start":{"line":209,"column":12},"end":{"line":212,"column":null}},"167":{"start":{"line":210,"column":16},"end":{"line":210,"column":44}},"168":{"start":{"line":211,"column":16},"end":{"line":211,"column":33}},"169":{"start":{"line":216,"column":8},"end":{"line":220,"column":null}},"170":{"start":{"line":217,"column":12},"end":{"line":217,"column":40}},"171":{"start":{"line":218,"column":15},"end":{"line":220,"column":null}},"172":{"start":{"line":219,"column":12},"end":{"line":219,"column":69}},"173":{"start":{"line":219,"column":45},"end":{"line":219,"column":67}},"174":{"start":{"line":221,"column":8},"end":{"line":221,"column":25}},"175":{"start":{"line":225,"column":13},"end":{"line":225,"column":48}}},"fnMap":{"0":{"name":"(anonymous_0)","decl":{"start":{"line":5,"column":4},"end":{"line":5,"column":33}},"loc":{"start":{"line":5,"column":54},"end":{"line":7,"column":5}}},"1":{"name":"(anonymous_1)","decl":{"start":{"line":8,"column":4},"end":{"line":8,"column":7}},"loc":{"start":{"line":8,"column":22},"end":{"line":14,"column":5}}},"2":{"name":"(anonymous_2)","decl":{"start":{"line":9,"column":19},"end":{"line":9,"column":22}},"loc":{"start":{"line":9,"column":25},"end":{"line":9,"column":42}}},"3":{"name":"(anonymous_3)","decl":{"start":{"line":15,"column":4},"end":{"line":15,"column":10}},"loc":{"start":{"line":15,"column":25},"end":{"line":20,"column":5}}},"4":{"name":"(anonymous_4)","decl":{"start":{"line":21,"column":4},"end":{"line":21,"column":8}},"loc":{"start":{"line":21,"column":16},"end":{"line":23,"column":5}}},"5":{"name":"(anonymous_5)","decl":{"start":{"line":22,"column":27},"end":{"line":22,"column":28}},"loc":{"start":{"line":22,"column":34},"end":{"line":22,"column":46}}},"6":{"name":"(anonymous_6)","decl":{"start":{"line":24,"column":4},"end":{"line":24,"column":12}},"loc":{"start":{"line":24,"column":12},"end":{"line":27,"column":5}}},"7":{"name":"(anonymous_7)","decl":{"start":{"line":25,"column":27},"end":{"line":25,"column":28}},"loc":{"start":{"line":25,"column":34},"end":{"line":25,"column":46}}},"8":{"name":"(anonymous_8)","decl":{"start":{"line":28,"column":4},"end":{"line":28,"column":9}},"loc":{"start":{"line":28,"column":18},"end":{"line":31,"column":5}}},"9":{"name":"(anonymous_9)","decl":{"start":{"line":29,"column":27},"end":{"line":29,"column":28}},"loc":{"start":{"line":29,"column":34},"end":{"line":29,"column":46}}},"10":{"name":"(anonymous_10)","decl":{"start":{"line":33,"column":21},"end":{"line":33,"column":40}},"loc":{"start":{"line":33,"column":43},"end":{"line":36,"column":1}}},"11":{"name":"(anonymous_11)","decl":{"start":{"line":33,"column":43},"end":{"line":33,"column":44}},"loc":{"start":{"line":33,"column":54},"end":{"line":36,"column":1}}},"12":{"name":"(anonymous_12)","decl":{"start":{"line":38,"column":4},"end":{"line":38,"column":35}},"loc":{"start":{"line":39,"column":8},"end":{"line":48,"column":9}}},"13":{"name":"(anonymous_13)","decl":{"start":{"line":39,"column":8},"end":{"line":39,"column":9}},"loc":{"start":{"line":39,"column":17},"end":{"line":48,"column":9}}},"14":{"name":"(anonymous_14)","decl":{"start":{"line":42,"column":29},"end":{"line":42,"column":32}},"loc":{"start":{"line":42,"column":34},"end":{"line":46,"column":13}}},"15":{"name":"(anonymous_15)","decl":{"start":{"line":47,"column":28},"end":{"line":47,"column":29}},"loc":{"start":{"line":47,"column":40},"end":{"line":47,"column":53}}},"16":{"name":"(anonymous_16)","decl":{"start":{"line":51,"column":4},"end":{"line":51,"column":35}},"loc":{"start":{"line":52,"column":8},"end":{"line":73,"column":9}}},"17":{"name":"(anonymous_17)","decl":{"start":{"line":52,"column":8},"end":{"line":52,"column":9}},"loc":{"start":{"line":52,"column":17},"end":{"line":73,"column":9}}},"18":{"name":"(anonymous_18)","decl":{"start":{"line":54,"column":28},"end":{"line":54,"column":29}},"loc":{"start":{"line":54,"column":39},"end":{"line":71,"column":13}}},"19":{"name":"(anonymous_19)","decl":{"start":{"line":57,"column":29},"end":{"line":57,"column":32}},"loc":{"start":{"line":57,"column":34},"end":{"line":64,"column":17}}},"20":{"name":"(anonymous_20)","decl":{"start":{"line":65,"column":25},"end":{"line":65,"column":26}},"loc":{"start":{"line":65,"column":34},"end":{"line":70,"column":17}}},"21":{"name":"(anonymous_21)","decl":{"start":{"line":67,"column":34},"end":{"line":67,"column":35}},"loc":{"start":{"line":67,"column":41},"end":{"line":67,"column":52}}},"22":{"name":"(anonymous_22)","decl":{"start":{"line":72,"column":28},"end":{"line":72,"column":29}},"loc":{"start":{"line":72,"column":40},"end":{"line":72,"column":66}}},"23":{"name":"(anonymous_23)","decl":{"start":{"line":76,"column":4},"end":{"line":76,"column":35}},"loc":{"start":{"line":77,"column":8},"end":{"line":89,"column":9}}},"24":{"name":"(anonymous_24)","decl":{"start":{"line":77,"column":8},"end":{"line":77,"column":9}},"loc":{"start":{"line":77,"column":17},"end":{"line":89,"column":9}}},"25":{"name":"(anonymous_25)","decl":{"start":{"line":81,"column":25},"end":{"line":81,"column":28}},"loc":{"start":{"line":81,"column":30},"end":{"line":87,"column":13}}},"26":{"name":"(anonymous_26)","decl":{"start":{"line":90,"column":27},"end":{"line":90,"column":31}},"loc":{"start":{"line":90,"column":67},"end":{"line":105,"column":1}}},"27":{"name":"(anonymous_27)","decl":{"start":{"line":90,"column":67},"end":{"line":90,"column":68}},"loc":{"start":{"line":90,"column":78},"end":{"line":105,"column":1}}},"28":{"name":"(anonymous_28)","decl":{"start":{"line":93,"column":17},"end":{"line":93,"column":27}},"loc":{"start":{"line":93,"column":34},"end":{"line":99,"column":5}}},"29":{"name":"(anonymous_29)","decl":{"start":{"line":98,"column":27},"end":{"line":98,"column":28}},"loc":{"start":{"line":98,"column":34},"end":{"line":98,"column":46}}},"30":{"name":"(anonymous_30)","decl":{"start":{"line":100,"column":11},"end":{"line":100,"column":12}},"loc":{"start":{"line":100,"column":20},"end":{"line":104,"column":5}}},"31":{"name":"(anonymous_31)","decl":{"start":{"line":101,"column":19},"end":{"line":101,"column":22}},"loc":{"start":{"line":101,"column":25},"end":{"line":101,"column":43}}},"32":{"name":"(anonymous_32)","decl":{"start":{"line":102,"column":23},"end":{"line":102,"column":24}},"loc":{"start":{"line":102,"column":34},"end":{"line":102,"column":50}}},"33":{"name":"(anonymous_33)","decl":{"start":{"line":106,"column":19},"end":{"line":106,"column":26}},"loc":{"start":{"line":106,"column":119},"end":{"line":106,"column":169}}},"34":{"name":"(anonymous_34)","decl":{"start":{"line":106,"column":119},"end":{"line":106,"column":120}},"loc":{"start":{"line":106,"column":129},"end":{"line":106,"column":169}}},"35":{"name":"(anonymous_35)","decl":{"start":{"line":108,"column":4},"end":{"line":108,"column":26}},"loc":{"start":{"line":109,"column":8},"end":{"line":134,"column":9}}},"36":{"name":"(anonymous_36)","decl":{"start":{"line":109,"column":8},"end":{"line":109,"column":9}},"loc":{"start":{"line":109,"column":17},"end":{"line":134,"column":9}}},"37":{"name":"(anonymous_37)","decl":{"start":{"line":114,"column":31},"end":{"line":114,"column":34}},"loc":{"start":{"line":114,"column":36},"end":{"line":116,"column":13}}},"38":{"name":"(anonymous_38)","decl":{"start":{"line":117,"column":22},"end":{"line":117,"column":23}},"loc":{"start":{"line":117,"column":67},"end":{"line":132,"column":13}}},"39":{"name":"(anonymous_39)","decl":{"start":{"line":119,"column":26},"end":{"line":119,"column":30}},"loc":{"start":{"line":119,"column":33},"end":{"line":129,"column":17}}},"40":{"name":"(anonymous_40)","decl":{"start":{"line":121,"column":34},"end":{"line":121,"column":38}},"loc":{"start":{"line":121,"column":41},"end":{"line":124,"column":25}}},"41":{"name":"(anonymous_41)","decl":{"start":{"line":137,"column":4},"end":{"line":137,"column":26}},"loc":{"start":{"line":138,"column":8},"end":{"line":159,"column":9}}},"42":{"name":"(anonymous_42)","decl":{"start":{"line":138,"column":8},"end":{"line":138,"column":9}},"loc":{"start":{"line":138,"column":17},"end":{"line":159,"column":9}}},"43":{"name":"(anonymous_43)","decl":{"start":{"line":142,"column":31},"end":{"line":142,"column":34}},"loc":{"start":{"line":142,"column":36},"end":{"line":144,"column":13}}},"44":{"name":"(anonymous_44)","decl":{"start":{"line":145,"column":22},"end":{"line":145,"column":23}},"loc":{"start":{"line":145,"column":67},"end":{"line":157,"column":13}}},"45":{"name":"(anonymous_45)","decl":{"start":{"line":149,"column":26},"end":{"line":149,"column":30}},"loc":{"start":{"line":149,"column":33},"end":{"line":154,"column":17}}},"46":{"name":"(anonymous_46)","decl":{"start":{"line":151,"column":36},"end":{"line":151,"column":37}},"loc":{"start":{"line":151,"column":41},"end":{"line":151,"column":49}}},"47":{"name":"(anonymous_47)","decl":{"start":{"line":152,"column":44},"end":{"line":152,"column":45}},"loc":{"start":{"line":152,"column":49},"end":{"line":152,"column":58}}},"48":{"name":"(anonymous_48)","decl":{"start":{"line":160,"column":25},"end":{"line":160,"column":50}},"loc":{"start":{"line":161,"column":4},"end":{"line":168,"column":9}}},"49":{"name":"(anonymous_49)","decl":{"start":{"line":161,"column":4},"end":{"line":161,"column":5}},"loc":{"start":{"line":162,"column":8},"end":{"line":168,"column":9}}},"50":{"name":"(anonymous_50)","decl":{"start":{"line":162,"column":8},"end":{"line":162,"column":9}},"loc":{"start":{"line":162,"column":41},"end":{"line":168,"column":9}}},"51":{"name":"(anonymous_51)","decl":{"start":{"line":171,"column":4},"end":{"line":171,"column":16}},"loc":{"start":{"line":171,"column":75},"end":{"line":177,"column":5}}},"52":{"name":"(anonymous_52)","decl":{"start":{"line":174,"column":17},"end":{"line":174,"column":18}},"loc":{"start":{"line":174,"column":28},"end":{"line":174,"column":46}}},"53":{"name":"(anonymous_53)","decl":{"start":{"line":178,"column":4},"end":{"line":178,"column":8}},"loc":{"start":{"line":178,"column":16},"end":{"line":182,"column":5}}},"54":{"name":"(anonymous_54)","decl":{"start":{"line":189,"column":4},"end":{"line":189,"column":16}},"loc":{"start":{"line":189,"column":112},"end":{"line":194,"column":5}}},"55":{"name":"(anonymous_55)","decl":{"start":{"line":195,"column":4},"end":{"line":195,"column":8}},"loc":{"start":{"line":195,"column":16},"end":{"line":214,"column":5}}},"56":{"name":"(anonymous_56)","decl":{"start":{"line":201,"column":33},"end":{"line":201,"column":34}},"loc":{"start":{"line":201,"column":44},"end":{"line":203,"column":13}}},"57":{"name":"(anonymous_57)","decl":{"start":{"line":215,"column":4},"end":{"line":215,"column":12}},"loc":{"start":{"line":215,"column":12},"end":{"line":222,"column":5}}},"58":{"name":"(anonymous_58)","decl":{"start":{"line":219,"column":33},"end":{"line":219,"column":34}},"loc":{"start":{"line":219,"column":45},"end":{"line":219,"column":67}}}},"branchMap":{"0":{"loc":{"start":{"line":10,"column":8},"end":{"line":13,"column":null}},"type":"if","locations":[{"start":{"line":10,"column":8},"end":{"line":13,"column":null}},{"start":{"line":10,"column":8},"end":{"line":13,"column":null}}]},"1":{"loc":{"start":{"line":17,"column":8},"end":{"line":19,"column":null}},"type":"if","locations":[{"start":{"line":17,"column":8},"end":{"line":19,"column":null}},{"start":{"line":17,"column":8},"end":{"line":19,"column":null}}]},"2":{"loc":{"start":{"line":43,"column":16},"end":{"line":45,"column":null}},"type":"if","locations":[{"start":{"line":43,"column":16},"end":{"line":45,"column":null}},{"start":{"line":43,"column":16},"end":{"line":45,"column":null}}]},"3":{"loc":{"start":{"line":59,"column":20},"end":{"line":63,"column":null}},"type":"if","locations":[{"start":{"line":59,"column":20},"end":{"line":63,"column":null}},{"start":{"line":59,"column":20},"end":{"line":63,"column":null}}]},"4":{"loc":{"start":{"line":82,"column":16},"end":{"line":86,"column":37}},"type":"if","locations":[{"start":{"line":82,"column":16},"end":{"line":86,"column":37}},{"start":{"line":82,"column":16},"end":{"line":86,"column":37}}]},"5":{"loc":{"start":{"line":82,"column":20},"end":{"line":82,"column":29}},"type":"binary-expr","locations":[{"start":{"line":82,"column":20},"end":{"line":82,"column":29}},{"start":{"line":82,"column":33},"end":{"line":82,"column":44}}]},"6":{"loc":{"start":{"line":95,"column":8},"end":{"line":97,"column":null}},"type":"if","locations":[{"start":{"line":95,"column":8},"end":{"line":97,"column":null}},{"start":{"line":95,"column":8},"end":{"line":97,"column":null}}]},"7":{"loc":{"start":{"line":106,"column":143},"end":{"line":106,"column":154}},"type":"cond-expr","locations":[{"start":{"line":106,"column":143},"end":{"line":106,"column":154}},{"start":{"line":106,"column":157},"end":{"line":106,"column":169}}]},"8":{"loc":{"start":{"line":115,"column":16},"end":{"line":115,"column":51}},"type":"if","locations":[{"start":{"line":115,"column":16},"end":{"line":115,"column":51}},{"start":{"line":115,"column":16},"end":{"line":115,"column":51}}]},"9":{"loc":{"start":{"line":120,"column":20},"end":{"line":128,"column":null}},"type":"if","locations":[{"start":{"line":120,"column":20},"end":{"line":128,"column":null}},{"start":{"line":120,"column":20},"end":{"line":128,"column":null}}]},"10":{"loc":{"start":{"line":143,"column":16},"end":{"line":143,"column":51}},"type":"if","locations":[{"start":{"line":143,"column":16},"end":{"line":143,"column":51}},{"start":{"line":143,"column":16},"end":{"line":143,"column":51}}]},"11":{"loc":{"start":{"line":151,"column":20},"end":{"line":153,"column":null}},"type":"if","locations":[{"start":{"line":151,"column":20},"end":{"line":153,"column":null}},{"start":{"line":151,"column":20},"end":{"line":153,"column":null}}]},"12":{"loc":{"start":{"line":162,"column":21},"end":{"line":162,"column":22}},"type":"default-arg","locations":[{"start":{"line":162,"column":21},"end":{"line":162,"column":22}}]},"13":{"loc":{"start":{"line":162,"column":28},"end":{"line":162,"column":37}},"type":"default-arg","locations":[{"start":{"line":162,"column":28},"end":{"line":162,"column":37}}]},"14":{"loc":{"start":{"line":164,"column":16},"end":{"line":164,"column":42}},"type":"if","locations":[{"start":{"line":164,"column":16},"end":{"line":164,"column":42}},{"start":{"line":164,"column":16},"end":{"line":164,"column":42}}]},"15":{"loc":{"start":{"line":167,"column":12},"end":{"line":167,"column":25}},"type":"binary-expr","locations":[{"start":{"line":167,"column":12},"end":{"line":167,"column":25}},{"start":{"line":167,"column":29},"end":{"line":167,"column":46}}]},"16":{"loc":{"start":{"line":179,"column":8},"end":{"line":181,"column":null}},"type":"if","locations":[{"start":{"line":179,"column":8},"end":{"line":181,"column":null}},{"start":{"line":179,"column":8},"end":{"line":181,"column":null}}]},"17":{"loc":{"start":{"line":191,"column":8},"end":{"line":193,"column":null}},"type":"if","locations":[{"start":{"line":191,"column":8},"end":{"line":193,"column":null}},{"start":{"line":191,"column":8},"end":{"line":193,"column":null}}]},"18":{"loc":{"start":{"line":196,"column":8},"end":{"line":213,"column":null}},"type":"if","locations":[{"start":{"line":196,"column":8},"end":{"line":213,"column":null}},{"start":{"line":196,"column":8},"end":{"line":213,"column":null}}]},"19":{"loc":{"start":{"line":197,"column":12},"end":{"line":200,"column":null}},"type":"if","locations":[{"start":{"line":197,"column":12},"end":{"line":200,"column":null}},{"start":{"line":197,"column":12},"end":{"line":200,"column":null}}]},"20":{"loc":{"start":{"line":204,"column":12},"end":{"line":206,"column":null}},"type":"if","locations":[{"start":{"line":204,"column":12},"end":{"line":206,"column":null}},{"start":{"line":204,"column":12},"end":{"line":206,"column":null}}]},"21":{"loc":{"start":{"line":209,"column":12},"end":{"line":212,"column":null}},"type":"if","locations":[{"start":{"line":209,"column":12},"end":{"line":212,"column":null}},{"start":{"line":209,"column":12},"end":{"line":212,"column":null}}]},"22":{"loc":{"start":{"line":216,"column":8},"end":{"line":220,"column":null}},"type":"if","locations":[{"start":{"line":216,"column":8},"end":{"line":220,"column":null}},{"start":{"line":216,"column":8},"end":{"line":220,"column":null}}]},"23":{"loc":{"start":{"line":218,"column":15},"end":{"line":220,"column":null}},"type":"if","locations":[{"start":{"line":218,"column":15},"end":{"line":220,"column":null}},{"start":{"line":218,"column":15},"end":{"line":220,"column":null}}]}},"s":{"0":5,"1":2,"2":2,"3":2,"4":3,"5":0,"6":3,"7":2,"8":2,"9":0,"10":0,"11":0,"12":2,"13":3,"14":0,"15":0,"16":0,"17":0,"18":0,"19":0,"20":5,"21":2,"22":2,"23":2,"24":5,"25":5,"26":1,"27":1,"28":1,"29":1,"30":0,"31":0,"32":1,"33":2,"34":5,"35":5,"36":1,"37":1,"38":1,"39":2,"40":2,"41":2,"42":0,"43":0,"44":0,"45":0,"46":2,"47":1,"48":1,"49":1,"50":1,"51":1,"52":1,"53":2,"54":5,"55":5,"56":1,"57":1,"58":1,"59":1,"60":1,"61":1,"62":1,"63":1,"64":0,"65":1,"66":5,"67":5,"68":0,"69":0,"70":0,"71":0,"72":0,"73":0,"74":0,"75":0,"76":0,"77":0,"78":0,"79":0,"80":0,"81":0,"82":0,"83":5,"84":5,"85":0,"86":0,"87":5,"88":5,"89":1,"90":1,"91":1,"92":1,"93":1,"94":1,"95":1,"96":0,"97":1,"98":2,"99":2,"100":2,"101":1,"102":3,"103":3,"104":1,"105":1,"106":2,"107":2,"108":1,"109":5,"110":5,"111":1,"112":1,"113":1,"114":1,"115":1,"116":1,"117":0,"118":1,"119":2,"120":2,"121":2,"122":2,"123":7,"124":7,"125":10,"126":3,"127":6,"128":2,"129":2,"130":1,"131":5,"132":5,"133":0,"134":0,"135":0,"136":0,"137":0,"138":0,"139":0,"140":5,"141":0,"142":0,"143":0,"144":0,"145":0,"146":0,"147":0,"148":0,"149":5,"150":0,"151":0,"152":0,"153":0,"154":0,"155":0,"156":0,"157":0,"158":0,"159":0,"160":0,"161":0,"162":0,"163":0,"164":0,"165":0,"166":0,"167":0,"168":0,"169":0,"170":0,"171":0,"172":0,"173":0,"174":0,"175":5},"f":{"0":2,"1":3,"2":0,"3":0,"4":2,"5":3,"6":0,"7":0,"8":0,"9":0,"10":2,"11":2,"12":1,"13":1,"14":0,"15":2,"16":1,"17":1,"18":2,"19":0,"20":1,"21":1,"22":2,"23":1,"24":1,"25":1,"26":0,"27":0,"28":0,"29":0,"30":0,"31":0,"32":0,"33":0,"34":0,"35":1,"36":1,"37":1,"38":2,"39":2,"40":3,"41":1,"42":1,"43":1,"44":2,"45":7,"46":10,"47":6,"48":0,"49":0,"50":0,"51":0,"52":0,"53":0,"54":0,"55":0,"56":0,"57":0,"58":0},"b":{"0":[2,1],"1":[0,0],"2":[0,0],"3":[0,0],"4":[1,0],"5":[1,1],"6":[0,0],"7":[0,0],"8":[0,1],"9":[1,1],"10":[0,1],"11":[3,4],"12":[0],"13":[0],"14":[0,0],"15":[0,0],"16":[0,0],"17":[0,0],"18":[0,0],"19":[0,0],"20":[0,0],"21":[0,0],"22":[0,0],"23":[0,0]}}
,"/Users/dexter/project/fastrx/src/common.ts": {"path":"/Users/dexter/project/fastrx/src/common.ts","statementMap":{"0":{"start":{"line":1,"column":0},"end":{"line":1,"column":16}},"1":{"start":{"line":2,"column":20},"end":{"line":2,"column":40}},"2":{"start":{"line":2,"column":37},"end":{"line":2,"column":40}},"3":{"start":{"line":2,"column":13},"end":{"line":2,"column":20}},"4":{"start":{"line":3,"column":24},"end":{"line":3,"column":41}},"5":{"start":{"line":3,"column":40},"end":{"line":3,"column":41}},"6":{"start":{"line":3,"column":13},"end":{"line":3,"column":24}},"7":{"start":{"line":5,"column":4},"end":{"line":5,"column":19}},"8":{"start":{"line":4,"column":0},"end":{"line":4,"column":16}},"9":{"start":{"line":30,"column":4},"end":{"line":30,"column":32}},"10":{"start":{"line":31,"column":4},"end":{"line":31,"column":21}},"11":{"start":{"line":35,"column":8},"end":{"line":35,"column":23}},"12":{"start":{"line":38,"column":8},"end":{"line":38,"column":23}},"13":{"start":{"line":41,"column":8},"end":{"line":41,"column":36}},"14":{"start":{"line":41,"column":21},"end":{"line":41,"column":35}},"15":{"start":{"line":44,"column":8},"end":{"line":44,"column":29}},"16":{"start":{"line":45,"column":8},"end":{"line":45,"column":32}},"17":{"start":{"line":46,"column":8},"end":{"line":46,"column":29}},"18":{"start":{"line":47,"column":8},"end":{"line":47,"column":28}},"19":{"start":{"line":48,"column":8},"end":{"line":48,"column":31}},"20":{"start":{"line":49,"column":8},"end":{"line":49,"column":23}},"21":{"start":{"line":52,"column":8},"end":{"line":52,"column":34}},"22":{"start":{"line":53,"column":8},"end":{"line":53,"column":28}},"23":{"start":{"line":56,"column":8},"end":{"line":56,"column":28}},"24":{"start":{"line":59,"column":8},"end":{"line":59,"column":31}},"25":{"start":{"line":62,"column":8},"end":{"line":62,"column":30}},"26":{"start":{"line":64,"column":8},"end":{"line":64,"column":29}},"27":{"start":{"line":66,"column":8},"end":{"line":66,"column":25}},"28":{"start":{"line":68,"column":8},"end":{"line":68,"column":28}},"29":{"start":{"line":70,"column":8},"end":{"line":70,"column":25}},"30":{"start":{"line":74,"column":8},"end":{"line":74,"column":25}},"31":{"start":{"line":78,"column":8},"end":{"line":78,"column":29}},"32":{"start":{"line":82,"column":8},"end":{"line":82,"column":26}},"33":{"start":{"line":29,"column":0},"end":{"line":29,"column":13}},"34":{"start":{"line":87,"column":8},"end":{"line":87,"column":16}},"35":{"start":{"line":86,"column":32},"end":{"line":86,"column":46}},"36":{"start":{"line":88,"column":8},"end":{"line":88,"column":37}},"37":{"start":{"line":91,"column":8},"end":{"line":91,"column":34}},"38":{"start":{"line":94,"column":8},"end":{"line":94,"column":29}},"39":{"start":{"line":97,"column":8},"end":{"line":97,"column":29}},"40":{"start":{"line":85,"column":0},"end":{"line":85,"column":13}},"41":{"start":{"line":102,"column":4},"end":{"line":102,"column":131}},"42":{"start":{"line":102,"column":47},"end":{"line":102,"column":130}},"43":{"start":{"line":102,"column":74},"end":{"line":102,"column":130}},"44":{"start":{"line":102,"column":98},"end":{"line":102,"column":130}},"45":{"start":{"line":101,"column":0},"end":{"line":101,"column":16}},"46":{"start":{"line":106,"column":4},"end":{"line":106,"column":91}},"47":{"start":{"line":113,"column":15},"end":{"line":150,"column":4}},"48":{"start":{"line":115,"column":6},"end":{"line":119,"column":9}},"49":{"start":{"line":122,"column":6},"end":{"line":122,"column":76}},"50":{"start":{"line":125,"column":6},"end":{"line":129,"column":9}},"51":{"start":{"line":132,"column":6},"end":{"line":132,"column":83}},"52":{"start":{"line":135,"column":6},"end":{"line":135,"column":46}},"53":{"start":{"line":138,"column":6},"end":{"line":142,"column":9}},"54":{"start":{"line":145,"column":6},"end":{"line":145,"column":59}},"55":{"start":{"line":148,"column":6},"end":{"line":148,"column":59}},"56":{"start":{"line":153,"column":6},"end":{"line":153,"column":42}},"57":{"start":{"line":152,"column":32},"end":{"line":152,"column":47}},"58":{"start":{"line":151,"column":2},"end":{"line":151,"column":15}}},"fnMap":{"0":{"name":"nothing","decl":{"start":{"line":1,"column":16},"end":{"line":1,"column":23}},"loc":{"start":{"line":1,"column":38},"end":{"line":1,"column":48}}},"1":{"name":"(anonymous_1)","decl":{"start":{"line":2,"column":20},"end":{"line":2,"column":21}},"loc":{"start":{"line":2,"column":37},"end":{"line":2,"column":40}}},"2":{"name":"(anonymous_2)","decl":{"start":{"line":3,"column":24},"end":{"line":3,"column":28}},"loc":{"start":{"line":3,"column":40},"end":{"line":3,"column":41}}},"3":{"name":"dispose","decl":{"start":{"line":4,"column":16},"end":{"line":4,"column":23}},"loc":{"start":{"line":4,"column":23},"end":{"line":6,"column":1}}},"4":{"name":"(anonymous_4)","decl":{"start":{"line":29,"column":0},"end":{"line":29,"column":13}},"loc":{"start":{"line":29,"column":0},"end":{"line":84,"column":1}}},"5":{"name":"(anonymous_5)","decl":{"start":{"line":32,"column":4},"end":{"line":32,"column":8}},"loc":{"start":{"line":32,"column":16},"end":{"line":33,"column":5}}},"6":{"name":"(anonymous_6)","decl":{"start":{"line":34,"column":4},"end":{"line":34,"column":12}},"loc":{"start":{"line":34,"column":12},"end":{"line":36,"column":5}}},"7":{"name":"(anonymous_7)","decl":{"start":{"line":37,"column":4},"end":{"line":37,"column":9}},"loc":{"start":{"line":37,"column":18},"end":{"line":39,"column":5}}},"8":{"name":"(anonymous_8)","decl":{"start":{"line":40,"column":4},"end":{"line":40,"column":8}},"loc":{"start":{"line":40,"column":19},"end":{"line":42,"column":5}}},"9":{"name":"(anonymous_9)","decl":{"start":{"line":41,"column":15},"end":{"line":41,"column":18}},"loc":{"start":{"line":41,"column":21},"end":{"line":41,"column":35}}},"10":{"name":"(anonymous_10)","decl":{"start":{"line":43,"column":4},"end":{"line":43,"column":11}},"loc":{"start":{"line":43,"column":11},"end":{"line":50,"column":5}}},"11":{"name":"(anonymous_11)","decl":{"start":{"line":51,"column":4},"end":{"line":51,"column":11}},"loc":{"start":{"line":51,"column":11},"end":{"line":54,"column":5}}},"12":{"name":"(anonymous_12)","decl":{"start":{"line":55,"column":4},"end":{"line":55,"column":9}},"loc":{"start":{"line":55,"column":21},"end":{"line":57,"column":5}}},"13":{"name":"(anonymous_13)","decl":{"start":{"line":58,"column":4},"end":{"line":58,"column":15}},"loc":{"start":{"line":58,"column":27},"end":{"line":60,"column":5}}},"14":{"name":"(anonymous_14)","decl":{"start":{"line":61,"column":4},"end":{"line":61,"column":9}},"loc":{"start":{"line":61,"column":9},"end":{"line":71,"column":5}}},"15":{"name":"(anonymous_15)","decl":{"start":{"line":72,"column":4},"end":{"line":72,"column":13}},"loc":{"start":{"line":72,"column":13},"end":{"line":75,"column":5}}},"16":{"name":"(anonymous_16)","decl":{"start":{"line":76,"column":4},"end":{"line":76,"column":17}},"loc":{"start":{"line":76,"column":17},"end":{"line":79,"column":5}}},"17":{"name":"(anonymous_17)","decl":{"start":{"line":80,"column":4},"end":{"line":80,"column":14}},"loc":{"start":{"line":80,"column":14},"end":{"line":83,"column":5}}},"18":{"name":"(anonymous_18)","decl":{"start":{"line":86,"column":4},"end":{"line":86,"column":32}},"loc":{"start":{"line":86,"column":46},"end":{"line":89,"column":5}}},"19":{"name":"(anonymous_19)","decl":{"start":{"line":90,"column":4},"end":{"line":90,"column":8}},"loc":{"start":{"line":90,"column":20},"end":{"line":92,"column":5}}},"20":{"name":"(anonymous_20)","decl":{"start":{"line":93,"column":4},"end":{"line":93,"column":12}},"loc":{"start":{"line":93,"column":12},"end":{"line":95,"column":5}}},"21":{"name":"(anonymous_21)","decl":{"start":{"line":96,"column":4},"end":{"line":96,"column":9}},"loc":{"start":{"line":96,"column":18},"end":{"line":98,"column":5}}},"22":{"name":"deliver","decl":{"start":{"line":101,"column":16},"end":{"line":101,"column":23}},"loc":{"start":{"line":101,"column":100},"end":{"line":103,"column":1}}},"23":{"name":"(anonymous_23)","decl":{"start":{"line":102,"column":11},"end":{"line":102,"column":12}},"loc":{"start":{"line":102,"column":47},"end":{"line":102,"column":130}}},"24":{"name":"(anonymous_24)","decl":{"start":{"line":102,"column":47},"end":{"line":102,"column":48}},"loc":{"start":{"line":102,"column":74},"end":{"line":102,"column":130}}},"25":{"name":"(anonymous_25)","decl":{"start":{"line":102,"column":74},"end":{"line":102,"column":75}},"loc":{"start":{"line":102,"column":98},"end":{"line":102,"column":130}}},"26":{"name":"send","decl":{"start":{"line":105,"column":9},"end":{"line":105,"column":13}},"loc":{"start":{"line":105,"column":41},"end":{"line":107,"column":3}}},"27":{"name":"(anonymous_27)","decl":{"start":{"line":114,"column":4},"end":{"line":114,"column":13}},"loc":{"start":{"line":114,"column":37},"end":{"line":120,"column":5}}},"28":{"name":"(anonymous_28)","decl":{"start":{"line":121,"column":4},"end":{"line":121,"column":8}},"loc":{"start":{"line":121,"column":48},"end":{"line":123,"column":5}}},"29":{"name":"(anonymous_29)","decl":{"start":{"line":124,"column":4},"end":{"line":124,"column":13}},"loc":{"start":{"line":124,"column":102},"end":{"line":130,"column":5}}},"30":{"name":"(anonymous_30)","decl":{"start":{"line":131,"column":4},"end":{"line":131,"column":12}},"loc":{"start":{"line":131,"column":51},"end":{"line":133,"column":5}}},"31":{"name":"(anonymous_31)","decl":{"start":{"line":134,"column":4},"end":{"line":134,"column":9}},"loc":{"start":{"line":134,"column":37},"end":{"line":136,"column":5}}},"32":{"name":"(anonymous_32)","decl":{"start":{"line":137,"column":4},"end":{"line":137,"column":8}},"loc":{"start":{"line":137,"column":18},"end":{"line":143,"column":5}}},"33":{"name":"(anonymous_33)","decl":{"start":{"line":144,"column":4},"end":{"line":144,"column":10}},"loc":{"start":{"line":144,"column":20},"end":{"line":146,"column":5}}},"34":{"name":"(anonymous_34)","decl":{"start":{"line":147,"column":4},"end":{"line":147,"column":10}},"loc":{"start":{"line":147,"column":20},"end":{"line":149,"column":5}}},"35":{"name":"(anonymous_35)","decl":{"start":{"line":152,"column":4},"end":{"line":152,"column":32}},"loc":{"start":{"line":152,"column":47},"end":{"line":154,"column":5}}}},"branchMap":{"0":{"loc":{"start":{"line":122,"column":49},"end":{"line":122,"column":53}},"type":"binary-expr","locations":[{"start":{"line":122,"column":49},"end":{"line":122,"column":53}},{"start":{"line":122,"column":57},"end":{"line":122,"column":72}}]},"1":{"loc":{"start":{"line":128,"column":24},"end":{"line":128,"column":28}},"type":"binary-expr","locations":[{"start":{"line":128,"column":24},"end":{"line":128,"column":28}},{"start":{"line":128,"column":32},"end":{"line":128,"column":43}}]},"2":{"loc":{"start":{"line":128,"column":55},"end":{"line":128,"column":59}},"type":"binary-expr","locations":[{"start":{"line":128,"column":55},"end":{"line":128,"column":59}},{"start":{"line":128,"column":63},"end":{"line":128,"column":76}}]},"3":{"loc":{"start":{"line":132,"column":58},"end":{"line":132,"column":72}},"type":"cond-expr","locations":[{"start":{"line":132,"column":58},"end":{"line":132,"column":72}},{"start":{"line":132,"column":75},"end":{"line":132,"column":79}}]}},"s":{"0":5,"1":5,"2":74,"3":5,"4":5,"5":5,"6":5,"7":0,"8":5,"9":77,"10":77,"11":0,"12":0,"13":54,"14":53,"15":71,"16":71,"17":71,"18":71,"19":71,"20":71,"21":72,"22":72,"23":84,"24":6,"25":2,"26":2,"27":2,"28":2,"29":2,"30":1,"31":1,"32":0,"33":5,"34":54,"35":54,"36":54,"37":15,"38":21,"39":3,"40":5,"41":155,"42":29,"43":29,"44":29,"45":5,"46":0,"47":5,"48":0,"49":0,"50":0,"51":0,"52":0,"53":0,"54":0,"55":0,"56":1,"57":1,"58":5},"f":{"0":18,"1":74,"2":5,"3":0,"4":77,"5":0,"6":0,"7":0,"8":54,"9":53,"10":71,"11":72,"12":84,"13":6,"14":2,"15":1,"16":1,"17":0,"18":54,"19":15,"20":21,"21":3,"22":155,"23":29,"24":29,"25":29,"26":0,"27":0,"28":0,"29":0,"30":0,"31":0,"32":0,"33":0,"34":0,"35":1},"b":{"0":[0,0],"1":[0,0],"2":[0,0],"3":[0,0]}}
,"/Users/dexter/project/fastrx/src/devtools.ts": {"path":"/Users/dexter/project/fastrx/src/devtools.ts","statementMap":{"0":{"start":{"line":1,"column":0},"end":{"line":1,"column":47}},"1":{"start":{"line":2,"column":0},"end":{"line":2,"column":34}},"2":{"start":{"line":3,"column":12},"end":{"line":3,"column":13}},"3":{"start":{"line":10,"column":23},"end":{"line":10,"column":58}},"4":{"start":{"line":10,"column":69},"end":{"line":10,"column":82}},"5":{"start":{"line":7,"column":4},"end":{"line":7,"column":25}},"6":{"start":{"line":11,"column":8},"end":{"line":19,"column":null}},"7":{"start":{"line":15,"column":16},"end":{"line":15,"column":32}},"8":{"start":{"line":16,"column":16},"end":{"line":16,"column":22}},"9":{"start":{"line":18,"column":16},"end":{"line":18,"column":33}},"10":{"start":{"line":20,"column":8},"end":{"line":20,"column":28}},"11":{"start":{"line":21,"column":8},"end":{"line":23,"column":null}},"12":{"start":{"line":22,"column":12},"end":{"line":22,"column":28}},"13":{"start":{"line":26,"column":8},"end":{"line":32,"column":26}},"14":{"start":{"line":28,"column":16},"end":{"line":30,"column":23}},"15":{"start":{"line":35,"column":8},"end":{"line":35,"column":20}},"16":{"start":{"line":39,"column":8},"end":{"line":49,"column":null}},"17":{"start":{"line":40,"column":27},"end":{"line":40,"column":36}},"18":{"start":{"line":41,"column":12},"end":{"line":46,"column":18}},"19":{"start":{"line":43,"column":20},"end":{"line":43,"column":39}},"20":{"start":{"line":44,"column":20},"end":{"line":44,"column":35}},"21":{"start":{"line":45,"column":20},"end":{"line":45,"column":40}},"22":{"start":{"line":47,"column":15},"end":{"line":49,"column":null}},"23":{"start":{"line":48,"column":12},"end":{"line":48,"column":65}},"24":{"start":{"line":48,"column":36},"end":{"line":48,"column":64}},"25":{"start":{"line":50,"column":8},"end":{"line":50,"column":17}},"26":{"start":{"line":54,"column":8},"end":{"line":54,"column":58}},"27":{"start":{"line":54,"column":36},"end":{"line":54,"column":56}},"28":{"start":{"line":58,"column":8},"end":{"line":60,"column":null}},"29":{"start":{"line":59,"column":12},"end":{"line":59,"column":36}},"30":{"start":{"line":61,"column":23},"end":{"line":61,"column":27}},"31":{"start":{"line":62,"column":8},"end":{"line":75,"column":11}},"32":{"start":{"line":62,"column":45},"end":{"line":62,"column":65}},"33":{"start":{"line":64,"column":16},"end":{"line":66,"column":40}},"34":{"start":{"line":66,"column":20},"end":{"line":66,"column":40}},"35":{"start":{"line":67,"column":16},"end":{"line":67,"column":93}},"36":{"start":{"line":67,"column":65},"end":{"line":67,"column":93}},"37":{"start":{"line":68,"column":29},"end":{"line":68,"column":52}},"38":{"start":{"line":69,"column":16},"end":{"line":73,"column":19}},"39":{"start":{"line":70,"column":20},"end":{"line":70,"column":37}},"40":{"start":{"line":71,"column":20},"end":{"line":71,"column":40}},"41":{"start":{"line":72,"column":20},"end":{"line":72,"column":39}},"42":{"start":{"line":78,"column":21},"end":{"line":78,"column":35}},"43":{"start":{"line":79,"column":8},"end":{"line":79,"column":27}},"44":{"start":{"line":80,"column":8},"end":{"line":80,"column":26}},"45":{"start":{"line":81,"column":8},"end":{"line":81,"column":20}},"46":{"start":{"line":84,"column":38},"end":{"line":84,"column":42}},"47":{"start":{"line":86,"column":23},"end":{"line":86,"column":76}},"48":{"start":{"line":88,"column":12},"end":{"line":94,"column":24}},"49":{"start":{"line":90,"column":20},"end":{"line":90,"column":49}},"50":{"start":{"line":91,"column":20},"end":{"line":91,"column":39}},"51":{"start":{"line":92,"column":20},"end":{"line":92,"column":40}},"52":{"start":{"line":95,"column":26},"end":{"line":95,"column":27}},"53":{"start":{"line":96,"column":8},"end":{"line":139,"column":10}},"54":{"start":{"line":97,"column":29},"end":{"line":97,"column":42}},"55":{"start":{"line":98,"column":12},"end":{"line":118,"column":null}},"56":{"start":{"line":99,"column":32},"end":{"line":99,"column":46}},"57":{"start":{"line":100,"column":16},"end":{"line":103,"column":18}},"58":{"start":{"line":101,"column":20},"end":{"line":101,"column":54}},"59":{"start":{"line":102,"column":20},"end":{"line":102,"column":36}},"60":{"start":{"line":104,"column":16},"end":{"line":107,"column":18}},"61":{"start":{"line":105,"column":20},"end":{"line":105,"column":52}},"62":{"start":{"line":106,"column":20},"end":{"line":106,"column":36}},"63":{"start":{"line":108,"column":16},"end":{"line":111,"column":18}},"64":{"start":{"line":109,"column":20},"end":{"line":109,"column":57}},"65":{"start":{"line":110,"column":20},"end":{"line":110,"column":36}},"66":{"start":{"line":112,"column":16},"end":{"line":114,"column":19}},"67":{"start":{"line":113,"column":20},"end":{"line":113,"column":49}},"68":{"start":{"line":115,"column":16},"end":{"line":115,"column":45}},"69":{"start":{"line":116,"column":16},"end":{"line":116,"column":27}},"70":{"start":{"line":117,"column":16},"end":{"line":117,"column":31}},"71":{"start":{"line":119,"column":12},"end":{"line":137,"column":15}},"72":{"start":{"line":120,"column":50},"end":{"line":120,"column":51}},"73":{"start":{"line":121,"column":16},"end":{"line":124,"column":18}},"74":{"start":{"line":122,"column":20},"end":{"line":122,"column":54}},"75":{"start":{"line":123,"column":20},"end":{"line":123,"column":31}},"76":{"start":{"line":125,"column":16},"end":{"line":128,"column":18}},"77":{"start":{"line":126,"column":20},"end":{"line":126,"column":57}},"78":{"start":{"line":127,"column":20},"end":{"line":127,"column":31}},"79":{"start":{"line":129,"column":16},"end":{"line":132,"column":18}},"80":{"start":{"line":130,"column":20},"end":{"line":130,"column":52}},"81":{"start":{"line":131,"column":20},"end":{"line":131,"column":31}},"82":{"start":{"line":133,"column":16},"end":{"line":133,"column":38}},"83":{"start":{"line":134,"column":16},"end":{"line":134,"column":35}},"84":{"start":{"line":135,"column":16},"end":{"line":135,"column":39}},"85":{"start":{"line":136,"column":16},"end":{"line":136,"column":37}},"86":{"start":{"line":140,"column":8},"end":{"line":140,"column":36}},"87":{"start":{"line":5,"column":0},"end":{"line":5,"column":13}}},"fnMap":{"0":{"name":"(anonymous_6)","decl":{"start":{"line":10,"column":4},"end":{"line":10,"column":23}},"loc":{"start":{"line":10,"column":84},"end":{"line":24,"column":5}}},"1":{"name":"(anonymous_7)","decl":{"start":{"line":25,"column":4},"end":{"line":25,"column":12}},"loc":{"start":{"line":25,"column":12},"end":{"line":33,"column":5}}},"2":{"name":"(anonymous_8)","decl":{"start":{"line":27,"column":17},"end":{"line":27,"column":18}},"loc":{"start":{"line":28,"column":16},"end":{"line":30,"column":23}}},"3":{"name":"(anonymous_9)","decl":{"start":{"line":34,"column":4},"end":{"line":34,"column":8}},"loc":{"start":{"line":34,"column":15},"end":{"line":36,"column":5}}},"4":{"name":"(anonymous_10)","decl":{"start":{"line":38,"column":4},"end":{"line":38,"column":16}},"loc":{"start":{"line":38,"column":52},"end":{"line":51,"column":5}}},"5":{"name":"(anonymous_11)","decl":{"start":{"line":42,"column":16},"end":{"line":42,"column":17}},"loc":{"start":{"line":42,"column":32},"end":{"line":46,"column":17}}},"6":{"name":"(anonymous_12)","decl":{"start":{"line":48,"column":12},"end":{"line":48,"column":13}},"loc":{"start":{"line":48,"column":36},"end":{"line":48,"column":64}}},"7":{"name":"(anonymous_13)","decl":{"start":{"line":53,"column":4},"end":{"line":53,"column":8}},"loc":{"start":{"line":53,"column":25},"end":{"line":55,"column":5}}},"8":{"name":"(anonymous_14)","decl":{"start":{"line":54,"column":29},"end":{"line":54,"column":30}},"loc":{"start":{"line":54,"column":36},"end":{"line":54,"column":56}}},"9":{"name":"(anonymous_15)","decl":{"start":{"line":57,"column":4},"end":{"line":57,"column":8}},"loc":{"start":{"line":57,"column":8},"end":{"line":76,"column":5}}},"10":{"name":"(anonymous_16)","decl":{"start":{"line":62,"column":25},"end":{"line":62,"column":26}},"loc":{"start":{"line":62,"column":45},"end":{"line":62,"column":65}}},"11":{"name":"(anonymous_17)","decl":{"start":{"line":63,"column":12},"end":{"line":63,"column":15}},"loc":{"start":{"line":63,"column":46},"end":{"line":74,"column":13}}},"12":{"name":"(anonymous_18)","decl":{"start":{"line":69,"column":47},"end":{"line":69,"column":48}},"loc":{"start":{"line":69,"column":66},"end":{"line":73,"column":17}}},"13":{"name":"(anonymous_19)","decl":{"start":{"line":77,"column":4},"end":{"line":77,"column":14}},"loc":{"start":{"line":77,"column":27},"end":{"line":82,"column":5}}},"14":{"name":"(anonymous_20)","decl":{"start":{"line":83,"column":4},"end":{"line":83,"column":13}},"loc":{"start":{"line":83,"column":29},"end":{"line":141,"column":5}}},"15":{"name":"(anonymous_21)","decl":{"start":{"line":89,"column":25},"end":{"line":89,"column":26}},"loc":{"start":{"line":89,"column":41},"end":{"line":93,"column":17}}},"16":{"name":"(anonymous_22)","decl":{"start":{"line":96,"column":25},"end":{"line":96,"column":35}},"loc":{"start":{"line":96,"column":50},"end":{"line":139,"column":9}}},"17":{"name":"(anonymous_23)","decl":{"start":{"line":100,"column":31},"end":{"line":100,"column":32}},"loc":{"start":{"line":100,"column":40},"end":{"line":103,"column":17}}},"18":{"name":"(anonymous_24)","decl":{"start":{"line":104,"column":35},"end":{"line":104,"column":38}},"loc":{"start":{"line":104,"column":40},"end":{"line":107,"column":17}}},"19":{"name":"(anonymous_25)","decl":{"start":{"line":108,"column":32},"end":{"line":108,"column":33}},"loc":{"start":{"line":108,"column":40},"end":{"line":111,"column":17}}},"20":{"name":"(anonymous_26)","decl":{"start":{"line":112,"column":30},"end":{"line":112,"column":33}},"loc":{"start":{"line":112,"column":35},"end":{"line":114,"column":17}}},"21":{"name":"(anonymous_27)","decl":{"start":{"line":119,"column":21},"end":{"line":119,"column":22}},"loc":{"start":{"line":119,"column":37},"end":{"line":137,"column":13}}},"22":{"name":"(anonymous_28)","decl":{"start":{"line":121,"column":25},"end":{"line":121,"column":26}},"loc":{"start":{"line":121,"column":39},"end":{"line":124,"column":17}}},"23":{"name":"(anonymous_29)","decl":{"start":{"line":125,"column":26},"end":{"line":125,"column":27}},"loc":{"start":{"line":125,"column":34},"end":{"line":128,"column":17}}},"24":{"name":"(anonymous_30)","decl":{"start":{"line":129,"column":29},"end":{"line":129,"column":32}},"loc":{"start":{"line":129,"column":34},"end":{"line":132,"column":17}}}},"branchMap":{"0":{"loc":{"start":{"line":10,"column":58},"end":{"line":10,"column":60}},"type":"default-arg","locations":[{"start":{"line":10,"column":58},"end":{"line":10,"column":60}}]},"1":{"loc":{"start":{"line":10,"column":82},"end":{"line":10,"column":84}},"type":"default-arg","locations":[{"start":{"line":10,"column":82},"end":{"line":10,"column":84}}]},"2":{"loc":{"start":{"line":12,"column":12},"end":{"line":12,"column":29}},"type":"switch","locations":[{"start":{"line":12,"column":12},"end":{"line":12,"column":29}},{"start":{"line":13,"column":12},"end":{"line":13,"column":29}},{"start":{"line":14,"column":12},"end":{"line":16,"column":22}},{"start":{"line":17,"column":12},"end":{"line":18,"column":33}}]},"3":{"loc":{"start":{"line":21,"column":8},"end":{"line":23,"column":null}},"type":"if","locations":[{"start":{"line":21,"column":8},"end":{"line":23,"column":null}},{"start":{"line":21,"column":8},"end":{"line":23,"column":null}}]},"4":{"loc":{"start":{"line":26,"column":49},"end":{"line":26,"column":58}},"type":"cond-expr","locations":[{"start":{"line":26,"column":49},"end":{"line":26,"column":58}},{"start":{"line":26,"column":61},"end":{"line":26,"column":75}}]},"5":{"loc":{"start":{"line":29,"column":22},"end":{"line":29,"column":83}},"type":"cond-expr","locations":[{"start":{"line":29,"column":22},"end":{"line":29,"column":83}},{"start":{"line":30,"column":22},"end":{"line":30,"column":23}}]},"6":{"loc":{"start":{"line":28,"column":16},"end":{"line":28,"column":36}},"type":"binary-expr","locations":[{"start":{"line":28,"column":16},"end":{"line":28,"column":36}},{"start":{"line":28,"column":40},"end":{"line":28,"column":62}}]},"7":{"loc":{"start":{"line":29,"column":23},"end":{"line":29,"column":73}},"type":"binary-expr","locations":[{"start":{"line":29,"column":23},"end":{"line":29,"column":73}},{"start":{"line":29,"column":78},"end":{"line":29,"column":83}}]},"8":{"loc":{"start":{"line":29,"column":53},"end":{"line":29,"column":64}},"type":"cond-expr","locations":[{"start":{"line":29,"column":53},"end":{"line":29,"column":64}},{"start":{"line":29,"column":67},"end":{"line":29,"column":73}}]},"9":{"loc":{"start":{"line":39,"column":8},"end":{"line":49,"column":null}},"type":"if","locations":[{"start":{"line":39,"column":8},"end":{"line":49,"column":null}},{"start":{"line":39,"column":8},"end":{"line":49,"column":null}}]},"10":{"loc":{"start":{"line":47,"column":15},"end":{"line":49,"column":null}},"type":"if","locations":[{"start":{"line":47,"column":15},"end":{"line":49,"column":null}},{"start":{"line":47,"column":15},"end":{"line":49,"column":null}}]},"11":{"loc":{"start":{"line":58,"column":8},"end":{"line":60,"column":null}},"type":"if","locations":[{"start":{"line":58,"column":8},"end":{"line":60,"column":null}},{"start":{"line":58,"column":8},"end":{"line":60,"column":null}}]},"12":{"loc":{"start":{"line":64,"column":16},"end":{"line":66,"column":40}},"type":"if","locations":[{"start":{"line":64,"column":16},"end":{"line":66,"column":40}},{"start":{"line":64,"column":16},"end":{"line":66,"column":40}}]},"13":{"loc":{"start":{"line":64,"column":20},"end":{"line":64,"column":39}},"type":"binary-expr","locations":[{"start":{"line":64,"column":20},"end":{"line":64,"column":39}},{"start":{"line":64,"column":44},"end":{"line":64,"column":58}}]},"14":{"loc":{"start":{"line":67,"column":16},"end":{"line":67,"column":93}},"type":"if","locations":[{"start":{"line":67,"column":16},"end":{"line":67,"column":93}},{"start":{"line":67,"column":16},"end":{"line":67,"column":93}}]},"15":{"loc":{"start":{"line":67,"column":20},"end":{"line":67,"column":39}},"type":"binary-expr","locations":[{"start":{"line":67,"column":20},"end":{"line":67,"column":39}},{"start":{"line":67,"column":43},"end":{"line":67,"column":63}}]},"16":{"loc":{"start":{"line":86,"column":49},"end":{"line":86,"column":69}},"type":"cond-expr","locations":[{"start":{"line":86,"column":49},"end":{"line":86,"column":69}},{"start":{"line":86,"column":72},"end":{"line":86,"column":76}}]},"17":{"loc":{"start":{"line":89,"column":18},"end":{"line":93,"column":18}},"type":"cond-expr","locations":[{"start":{"line":89,"column":18},"end":{"line":93,"column":18}},{"start":{"line":94,"column":18},"end":{"line":94,"column":24}}]},"18":{"loc":{"start":{"line":88,"column":12},"end":{"line":88,"column":18}},"type":"binary-expr","locations":[{"start":{"line":88,"column":12},"end":{"line":88,"column":18}},{"start":{"line":88,"column":22},"end":{"line":88,"column":31}}]},"19":{"loc":{"start":{"line":98,"column":12},"end":{"line":118,"column":null}},"type":"if","locations":[{"start":{"line":98,"column":12},"end":{"line":118,"column":null}},{"start":{"line":98,"column":12},"end":{"line":118,"column":null}}]}},"s":{"0":5,"1":5,"2":5,"3":0,"4":0,"5":0,"6":0,"7":0,"8":0,"9":0,"10":0,"11":0,"12":0,"13":0,"14":0,"15":0,"16":0,"17":0,"18":0,"19":0,"20":0,"21":0,"22":0,"23":0,"24":0,"25":0,"26":0,"27":0,"28":0,"29":0,"30":0,"31":0,"32":0,"33":0,"34":0,"35":0,"36":0,"37":0,"38":0,"39":0,"40":0,"41":0,"42":0,"43":0,"44":0,"45":0,"46":0,"47":0,"48":0,"49":0,"50":0,"51":0,"52":0,"53":0,"54":0,"55":0,"56":0,"57":0,"58":0,"59":0,"60":0,"61":0,"62":0,"63":0,"64":0,"65":0,"66":0,"67":0,"68":0,"69":0,"70":0,"71":0,"72":0,"73":0,"74":0,"75":0,"76":0,"77":0,"78":0,"79":0,"80":0,"81":0,"82":0,"83":0,"84":0,"85":0,"86":0,"87":5},"f":{"0":0,"1":0,"2":0,"3":0,"4":0,"5":0,"6":0,"7":0,"8":0,"9":0,"10":0,"11":0,"12":0,"13":0,"14":0,"15":0,"16":0,"17":0,"18":0,"19":0,"20":0,"21":0,"22":0,"23":0,"24":0},"b":{"0":[0],"1":[0],"2":[0,0,0,0],"3":[0,0],"4":[0,0],"5":[0,0],"6":[0,0],"7":[0,0],"8":[0,0],"9":[0,0],"10":[0,0],"11":[0,0],"12":[0,0],"13":[0,0],"14":[0,0],"15":[0,0],"16":[0,0],"17":[0,0],"18":[0,0],"19":[0,0]}}
,"/Users/dexter/project/fastrx/src/filtering.ts": {"path":"/Users/dexter/project/fastrx/src/filtering.ts","statementMap":{"0":{"start":{"line":1,"column":0},"end":{"line":1,"column":78}},"1":{"start":{"line":2,"column":0},"end":{"line":2,"column":40}},"2":{"start":{"line":3,"column":0},"end":{"line":3,"column":35}},"3":{"start":{"line":6,"column":8},"end":{"line":6,"column":20}},"4":{"start":{"line":5,"column":40},"end":{"line":5,"column":68}},"5":{"start":{"line":5,"column":78},"end":{"line":5,"column":91}},"6":{"start":{"line":9,"column":8},"end":{"line":11,"column":null}},"7":{"start":{"line":10,"column":12},"end":{"line":10,"column":33}},"8":{"start":{"line":14,"column":13},"end":{"line":14,"column":38}},"9":{"start":{"line":19,"column":13},"end":{"line":19,"column":46}},"10":{"start":{"line":22,"column":8},"end":{"line":22,"column":20}},"11":{"start":{"line":21,"column":40},"end":{"line":21,"column":53}},"12":{"start":{"line":25,"column":8},"end":{"line":25,"column":29}},"13":{"start":{"line":26,"column":8},"end":{"line":28,"column":null}},"14":{"start":{"line":27,"column":12},"end":{"line":27,"column":28}},"15":{"start":{"line":31,"column":13},"end":{"line":31,"column":34}},"16":{"start":{"line":36,"column":8},"end":{"line":36,"column":20}},"17":{"start":{"line":34,"column":4},"end":{"line":34,"column":46}},"18":{"start":{"line":37,"column":8},"end":{"line":39,"column":10}},"19":{"start":{"line":38,"column":12},"end":{"line":38,"column":28}},"20":{"start":{"line":40,"column":8},"end":{"line":40,"column":43}},"21":{"start":{"line":41,"column":8},"end":{"line":41,"column":33}},"22":{"start":{"line":45,"column":13},"end":{"line":45,"column":44}},"23":{"start":{"line":49,"column":8},"end":{"line":49,"column":20}},"24":{"start":{"line":48,"column":49},"end":{"line":48,"column":72}},"25":{"start":{"line":52,"column":8},"end":{"line":56,"column":null}},"26":{"start":{"line":53,"column":12},"end":{"line":53,"column":33}},"27":{"start":{"line":55,"column":12},"end":{"line":55,"column":28}},"28":{"start":{"line":59,"column":13},"end":{"line":59,"column":44}},"29":{"start":{"line":61,"column":24},"end":{"line":66,"column":10}},"30":{"start":{"line":62,"column":4},"end":{"line":66,"column":10}},"31":{"start":{"line":63,"column":8},"end":{"line":63,"column":23}},"32":{"start":{"line":64,"column":8},"end":{"line":64,"column":50}},"33":{"start":{"line":64,"column":35},"end":{"line":64,"column":50}},"34":{"start":{"line":65,"column":8},"end":{"line":65,"column":22}},"35":{"start":{"line":61,"column":13},"end":{"line":61,"column":24}},"36":{"start":{"line":70,"column":8},"end":{"line":70,"column":20}},"37":{"start":{"line":69,"column":40},"end":{"line":69,"column":53}},"38":{"start":{"line":73,"column":8},"end":{"line":75,"column":null}},"39":{"start":{"line":74,"column":12},"end":{"line":74,"column":35}},"40":{"start":{"line":78,"column":13},"end":{"line":78,"column":34}},"41":{"start":{"line":83,"column":8},"end":{"line":83,"column":20}},"42":{"start":{"line":81,"column":4},"end":{"line":81,"column":46}},"43":{"start":{"line":84,"column":8},"end":{"line":87,"column":10}},"44":{"start":{"line":85,"column":12},"end":{"line":85,"column":38}},"45":{"start":{"line":86,"column":12},"end":{"line":86,"column":35}},"46":{"start":{"line":88,"column":8},"end":{"line":88,"column":43}},"47":{"start":{"line":89,"column":8},"end":{"line":89,"column":33}},"48":{"start":{"line":94,"column":13},"end":{"line":94,"column":44}},"49":{"start":{"line":97,"column":8},"end":{"line":97,"column":20}},"50":{"start":{"line":96,"column":49},"end":{"line":96,"column":72}},"51":{"start":{"line":100,"column":8},"end":{"line":103,"column":null}},"52":{"start":{"line":101,"column":12},"end":{"line":101,"column":35}},"53":{"start":{"line":102,"column":12},"end":{"line":102,"column":28}},"54":{"start":{"line":106,"column":13},"end":{"line":106,"column":44}},"55":{"start":{"line":107,"column":30},"end":{"line":110,"column":2}},"56":{"start":{"line":114,"column":8},"end":{"line":114,"column":20}},"57":{"start":{"line":113,"column":49},"end":{"line":113,"column":99}},"58":{"start":{"line":113,"column":118},"end":{"line":113,"column":135}},"59":{"start":{"line":117,"column":8},"end":{"line":117,"column":26}},"60":{"start":{"line":119,"column":8},"end":{"line":119,"column":25}},"61":{"start":{"line":120,"column":8},"end":{"line":120,"column":48}},"62":{"start":{"line":120,"column":27},"end":{"line":120,"column":48}},"63":{"start":{"line":123,"column":8},"end":{"line":123,"column":28}},"64":{"start":{"line":124,"column":8},"end":{"line":124,"column":29}},"65":{"start":{"line":125,"column":8},"end":{"line":125,"column":28}},"66":{"start":{"line":128,"column":8},"end":{"line":128,"column":21}},"67":{"start":{"line":129,"column":8},"end":{"line":129,"column":42}},"68":{"start":{"line":132,"column":8},"end":{"line":132,"column":24}},"69":{"start":{"line":135,"column":8},"end":{"line":135,"column":23}},"70":{"start":{"line":136,"column":8},"end":{"line":138,"column":null}},"71":{"start":{"line":137,"column":12},"end":{"line":137,"column":33}},"72":{"start":{"line":144,"column":8},"end":{"line":144,"column":20}},"73":{"start":{"line":143,"column":49},"end":{"line":143,"column":99}},"74":{"start":{"line":143,"column":118},"end":{"line":143,"column":127}},"75":{"start":{"line":142,"column":4},"end":{"line":142,"column":100}},"76":{"start":{"line":145,"column":8},"end":{"line":145,"column":33}},"77":{"start":{"line":148,"column":8},"end":{"line":152,"column":null}},"78":{"start":{"line":149,"column":12},"end":{"line":149,"column":38}},"79":{"start":{"line":151,"column":12},"end":{"line":151,"column":44}},"80":{"start":{"line":155,"column":8},"end":{"line":155,"column":42}},"81":{"start":{"line":156,"column":8},"end":{"line":156,"column":34}},"82":{"start":{"line":157,"column":8},"end":{"line":157,"column":25}},"83":{"start":{"line":160,"column":13},"end":{"line":160,"column":42}},"84":{"start":{"line":161,"column":27},"end":{"line":164,"column":2}},"85":{"start":{"line":165,"column":21},"end":{"line":165,"column":126}},"86":{"start":{"line":165,"column":77},"end":{"line":165,"column":126}},"87":{"start":{"line":165,"column":13},"end":{"line":165,"column":21}},"88":{"start":{"line":169,"column":8},"end":{"line":169,"column":24}},"89":{"start":{"line":172,"column":8},"end":{"line":172,"column":23}},"90":{"start":{"line":173,"column":8},"end":{"line":173,"column":34}},"91":{"start":{"line":179,"column":8},"end":{"line":179,"column":20}},"92":{"start":{"line":178,"column":49},"end":{"line":178,"column":96}},"93":{"start":{"line":177,"column":4},"end":{"line":177,"column":55}},"94":{"start":{"line":180,"column":8},"end":{"line":180,"column":33}},"95":{"start":{"line":183,"column":8},"end":{"line":183,"column":33}},"96":{"start":{"line":184,"column":8},"end":{"line":184,"column":31}},"97":{"start":{"line":185,"column":8},"end":{"line":185,"column":35}},"98":{"start":{"line":186,"column":8},"end":{"line":186,"column":52}},"99":{"start":{"line":189,"column":8},"end":{"line":189,"column":34}},"100":{"start":{"line":190,"column":8},"end":{"line":190,"column":25}},"101":{"start":{"line":194,"column":13},"end":{"line":194,"column":42}},"102":{"start":{"line":196,"column":28},"end":{"line":196,"column":85}},"103":{"start":{"line":196,"column":51},"end":{"line":196,"column":85}},"104":{"start":{"line":196,"column":71},"end":{"line":196,"column":84}},"105":{"start":{"line":196,"column":13},"end":{"line":196,"column":28}},"106":{"start":{"line":199,"column":8},"end":{"line":199,"column":20}},"107":{"start":{"line":198,"column":40},"end":{"line":198,"column":53}},"108":{"start":{"line":198,"column":63},"end":{"line":198,"column":79}},"109":{"start":{"line":202,"column":8},"end":{"line":205,"column":null}},"110":{"start":{"line":203,"column":12},"end":{"line":203,"column":37}},"111":{"start":{"line":204,"column":12},"end":{"line":204,"column":28}},"112":{"start":{"line":208,"column":8},"end":{"line":211,"column":49}},"113":{"start":{"line":209,"column":12},"end":{"line":209,"column":69}},"114":{"start":{"line":210,"column":12},"end":{"line":210,"column":19}},"115":{"start":{"line":211,"column":15},"end":{"line":211,"column":49}},"116":{"start":{"line":212,"column":8},"end":{"line":212,"column":25}},"117":{"start":{"line":216,"column":13},"end":{"line":216,"column":44}},"118":{"start":{"line":217,"column":20},"end":{"line":217,"column":122}},"119":{"start":{"line":217,"column":49},"end":{"line":217,"column":122}},"120":{"start":{"line":217,"column":76},"end":{"line":217,"column":122}},"121":{"start":{"line":217,"column":107},"end":{"line":217,"column":112}},"122":{"start":{"line":217,"column":13},"end":{"line":217,"column":20}},"123":{"start":{"line":221,"column":8},"end":{"line":221,"column":20}},"124":{"start":{"line":220,"column":54},"end":{"line":220,"column":74}},"125":{"start":{"line":219,"column":4},"end":{"line":219,"column":10}},"126":{"start":{"line":224,"column":8},"end":{"line":229,"column":null}},"127":{"start":{"line":225,"column":12},"end":{"line":225,"column":37}},"128":{"start":{"line":226,"column":12},"end":{"line":226,"column":28}},"129":{"start":{"line":228,"column":12},"end":{"line":228,"column":21}},"130":{"start":{"line":232,"column":13},"end":{"line":232,"column":44}},"131":{"start":{"line":236,"column":8},"end":{"line":236,"column":20}},"132":{"start":{"line":235,"column":49},"end":{"line":235,"column":85}},"133":{"start":{"line":235,"column":95},"end":{"line":235,"column":111}},"134":{"start":{"line":234,"column":4},"end":{"line":234,"column":14}},"135":{"start":{"line":239,"column":8},"end":{"line":242,"column":null}},"136":{"start":{"line":240,"column":12},"end":{"line":240,"column":37}},"137":{"start":{"line":241,"column":12},"end":{"line":241,"column":28}},"138":{"start":{"line":245,"column":8},"end":{"line":248,"column":49}},"139":{"start":{"line":246,"column":12},"end":{"line":246,"column":61}},"140":{"start":{"line":247,"column":12},"end":{"line":247,"column":19}},"141":{"start":{"line":248,"column":15},"end":{"line":248,"column":49}},"142":{"start":{"line":249,"column":8},"end":{"line":249,"column":25}},"143":{"start":{"line":253,"column":13},"end":{"line":253,"column":36}},"144":{"start":{"line":257,"column":8},"end":{"line":257,"column":20}},"145":{"start":{"line":256,"column":49},"end":{"line":256,"column":85}},"146":{"start":{"line":256,"column":95},"end":{"line":256,"column":111}},"147":{"start":{"line":255,"column":4},"end":{"line":255,"column":14}},"148":{"start":{"line":260,"column":8},"end":{"line":262,"column":null}},"149":{"start":{"line":261,"column":12},"end":{"line":261,"column":37}},"150":{"start":{"line":265,"column":8},"end":{"line":268,"column":49}},"151":{"start":{"line":266,"column":12},"end":{"line":266,"column":61}},"152":{"start":{"line":267,"column":12},"end":{"line":267,"column":19}},"153":{"start":{"line":268,"column":15},"end":{"line":268,"column":49}},"154":{"start":{"line":269,"column":8},"end":{"line":269,"column":25}},"155":{"start":{"line":273,"column":13},"end":{"line":273,"column":34}},"156":{"start":{"line":279,"column":8},"end":{"line":279,"column":20}},"157":{"start":{"line":278,"column":55},"end":{"line":278,"column":98}},"158":{"start":{"line":277,"column":4},"end":{"line":277,"column":14}},"159":{"start":{"line":282,"column":8},"end":{"line":287,"column":null}},"160":{"start":{"line":283,"column":12},"end":{"line":283,"column":32}},"161":{"start":{"line":284,"column":12},"end":{"line":284,"column":28}},"162":{"start":{"line":286,"column":12},"end":{"line":286,"column":31}},"163":{"start":{"line":290,"column":8},"end":{"line":293,"column":43}},"164":{"start":{"line":291,"column":12},"end":{"line":291,"column":61}},"165":{"start":{"line":292,"column":12},"end":{"line":292,"column":19}},"166":{"start":{"line":293,"column":15},"end":{"line":293,"column":43}},"167":{"start":{"line":294,"column":8},"end":{"line":294,"column":25}},"168":{"start":{"line":298,"column":13},"end":{"line":298,"column":36}}},"fnMap":{"0":{"name":"(anonymous_0)","decl":{"start":{"line":5,"column":4},"end":{"line":5,"column":16}},"loc":{"start":{"line":5,"column":91},"end":{"line":7,"column":5}}},"1":{"name":"(anonymous_1)","decl":{"start":{"line":8,"column":4},"end":{"line":8,"column":8}},"loc":{"start":{"line":8,"column":16},"end":{"line":12,"column":5}}},"2":{"name":"(anonymous_2)","decl":{"start":{"line":17,"column":4},"end":{"line":17,"column":8}},"loc":{"start":{"line":17,"column":17},"end":{"line":17,"column":22}}},"3":{"name":"(anonymous_3)","decl":{"start":{"line":21,"column":4},"end":{"line":21,"column":16}},"loc":{"start":{"line":21,"column":53},"end":{"line":23,"column":5}}},"4":{"name":"(anonymous_4)","decl":{"start":{"line":24,"column":4},"end":{"line":24,"column":8}},"loc":{"start":{"line":24,"column":16},"end":{"line":29,"column":5}}},"5":{"name":"(anonymous_5)","decl":{"start":{"line":35,"column":4},"end":{"line":35,"column":16}},"loc":{"start":{"line":35,"column":60},"end":{"line":42,"column":5}}},"6":{"name":"(anonymous_6)","decl":{"start":{"line":37,"column":31},"end":{"line":37,"column":34}},"loc":{"start":{"line":37,"column":36},"end":{"line":39,"column":9}}},"7":{"name":"(anonymous_7)","decl":{"start":{"line":48,"column":4},"end":{"line":48,"column":16}},"loc":{"start":{"line":48,"column":72},"end":{"line":50,"column":5}}},"8":{"name":"(anonymous_8)","decl":{"start":{"line":51,"column":4},"end":{"line":51,"column":8}},"loc":{"start":{"line":51,"column":16},"end":{"line":57,"column":5}}},"9":{"name":"(anonymous_9)","decl":{"start":{"line":61,"column":24},"end":{"line":61,"column":28}},"loc":{"start":{"line":62,"column":4},"end":{"line":66,"column":10}}},"10":{"name":"(anonymous_10)","decl":{"start":{"line":62,"column":11},"end":{"line":62,"column":12}},"loc":{"start":{"line":62,"column":33},"end":{"line":66,"column":5}}},"11":{"name":"(anonymous_11)","decl":{"start":{"line":69,"column":4},"end":{"line":69,"column":16}},"loc":{"start":{"line":69,"column":53},"end":{"line":71,"column":5}}},"12":{"name":"(anonymous_12)","decl":{"start":{"line":72,"column":4},"end":{"line":72,"column":8}},"loc":{"start":{"line":72,"column":17},"end":{"line":76,"column":5}}},"13":{"name":"(anonymous_13)","decl":{"start":{"line":82,"column":4},"end":{"line":82,"column":16}},"loc":{"start":{"line":82,"column":60},"end":{"line":90,"column":5}}},"14":{"name":"(anonymous_14)","decl":{"start":{"line":84,"column":31},"end":{"line":84,"column":34}},"loc":{"start":{"line":84,"column":36},"end":{"line":87,"column":9}}},"15":{"name":"(anonymous_15)","decl":{"start":{"line":91,"column":4},"end":{"line":91,"column":8}},"loc":{"start":{"line":91,"column":17},"end":{"line":92,"column":5}}},"16":{"name":"(anonymous_16)","decl":{"start":{"line":96,"column":4},"end":{"line":96,"column":16}},"loc":{"start":{"line":96,"column":72},"end":{"line":98,"column":5}}},"17":{"name":"(anonymous_17)","decl":{"start":{"line":99,"column":4},"end":{"line":99,"column":8}},"loc":{"start":{"line":99,"column":16},"end":{"line":104,"column":5}}},"18":{"name":"(anonymous_18)","decl":{"start":{"line":113,"column":4},"end":{"line":113,"column":16}},"loc":{"start":{"line":113,"column":135},"end":{"line":115,"column":5}}},"19":{"name":"(anonymous_19)","decl":{"start":{"line":116,"column":4},"end":{"line":116,"column":14}},"loc":{"start":{"line":116,"column":23},"end":{"line":121,"column":5}}},"20":{"name":"(anonymous_20)","decl":{"start":{"line":122,"column":4},"end":{"line":122,"column":8}},"loc":{"start":{"line":122,"column":16},"end":{"line":126,"column":5}}},"21":{"name":"(anonymous_21)","decl":{"start":{"line":127,"column":4},"end":{"line":127,"column":12}},"loc":{"start":{"line":127,"column":20},"end":{"line":130,"column":5}}},"22":{"name":"(anonymous_22)","decl":{"start":{"line":131,"column":4},"end":{"line":131,"column":8}},"loc":{"start":{"line":131,"column":8},"end":{"line":133,"column":5}}},"23":{"name":"(anonymous_23)","decl":{"start":
[...]
lumn":21},"end":{"line":132,"column":26}},"type":"default-arg","locations":[{"start":{"line":132,"column":21},"end":{"line":132,"column":26}}]},"10":{"loc":{"start":{"line":132,"column":34},"end":{"line":132,"column":47}},"type":"default-arg","locations":[{"start":{"line":132,"column":34},"end":{"line":132,"column":47}}]},"11":{"loc":{"start":{"line":133,"column":19},"end":{"line":133,"column":28}},"type":"binary-expr","locations":[{"start":{"line":133,"column":19},"end":{"line":133,"column":28}},{"start":{"line":133,"column":32},"end":{"line":133,"column":46}}]},"12":{"loc":{"start":{"line":149,"column":47},"end":{"line":149,"column":62}},"type":"cond-expr","locations":[{"start":{"line":149,"column":47},"end":{"line":149,"column":62}},{"start":{"line":149,"column":67},"end":{"line":149,"column":98}}]}},"s":{"0":5,"1":5,"2":5,"3":5,"4":5,"5":5,"6":2,"7":2,"8":2,"9":2,"10":0,"11":2,"12":0,"13":2,"14":2,"15":2,"16":2,"17":2,"18":5,"19":5,"20":0,"21":0,"22":5,"23":5,"24":5,"25":5,"26":5,"27":5,"28":5,"29":5,"30":5,"31":5,"32":5,"33":8,"34":0,"35":8,"36":5,"37":5,"38":5,"39":22,"40":21,"41":21,"42":54,"43":21,"44":21,"45":5,"46":5,"47":6,"48":6,"49":6,"50":6,"51":6,"52":6,"53":0,"54":0,"55":0,"56":0,"57":6,"58":6,"59":0,"60":6,"61":5,"62":5,"63":0,"64":0,"65":0,"66":0,"67":0,"68":0,"69":5,"70":5,"71":0,"72":0,"73":0,"74":0,"75":0,"76":0,"77":0,"78":0,"79":0,"80":0,"81":0,"82":0,"83":0,"84":5,"85":5,"86":0,"87":0,"88":0,"89":0,"90":0,"91":0,"92":0,"93":5,"94":5,"95":0,"96":0,"97":5,"98":5,"99":0,"100":0,"101":5,"102":5,"103":0,"104":0,"105":0,"106":0,"107":0,"108":0,"109":0,"110":0,"111":5,"112":5,"113":0,"114":0,"115":0,"116":0,"117":0,"118":0,"119":0,"120":5,"121":5,"122":3,"123":3,"124":20,"125":3,"126":5,"127":5,"128":0,"129":0,"130":0,"131":0,"132":5,"133":5,"134":0,"135":0,"136":0,"137":0,"138":5,"139":5,"140":0,"141":5,"142":5,"143":2,"144":2,"145":5,"146":5,"147":0,"148":0,"149":5},"f":{"0":2,"1":2,"2":2,"3":0,"4":0,"5":0,"6":0,"7":5,"8":5,"9":5,"10":5,"11":5,"12":5,"13":22,"14":21,"15":54,"16":21,"17":6,"18":6,"19":6,"20":0,"21":0,"22":0,"23":0,"24":0,"25":0,"26":0,"27":0,"28":0,"29":0,"30":0,"31":0,"32":0,"33":0,"34":0,"35":0,"36":0,"37":0,"38":0,"39":0,"40":0,"41":0,"42":0,"43":0,"44":0,"45":0,"46":0,"47":3,"48":3,"49":0,"50":0,"51":0,"52":0,"53":0,"54":0,"55":0,"56":2,"57":2,"58":0,"59":0},"b":{"0":[2,0],"1":[0,8],"2":[6],"3":[0,6],"4":[0,0],"5":[0,0],"6":[0,0],"7":[0,0],"8":[0,0],"9":[3],"10":[3],"11":[23,20],"12":[0,0]}}
,"/Users/dexter/project/fastrx/src/transformation.ts": {"path":"/Users/dexter/project/fastrx/src/transformation.ts","statementMap":{"0":{"start":{"line":1,"column":0},"end":{"line":1,"column":69}},"1":{"start":{"line":7,"column":8},"end":{"line":7,"column":20}},"2":{"start":{"line":6,"column":51},"end":{"line":6,"column":77}},"3":{"start":{"line":8,"column":8},"end":{"line":16,"column":null}},"4":{"start":{"line":9,"column":12},"end":{"line":13,"column":14}},"5":{"start":{"line":10,"column":16},"end":{"line":10,"column":36}},"6":{"start":{"line":11,"column":16},"end":{"line":11,"column":33}},"7":{"start":{"line":12,"column":16},"end":{"line":12,"column":41}},"8":{"start":{"line":15,"column":12},"end":{"line":15,"column":28}},"9":{"start":{"line":19,"column":8},"end":{"line":19,"column":58}},"10":{"start":{"line":22,"column":13},"end":{"line":22,"column":34}},"11":{"start":{"line":24,"column":4},"end":{"line":24,"column":20}},"12":{"start":{"line":27,"column":8},"end":{"line":31,"column":null}},"13":{"start":{"line":28,"column":12},"end":{"line":28,"column":46}},"14":{"start":{"line":30,"column":12},"end":{"line":30,"column":32}},"15":{"start":{"line":32,"column":8},"end":{"line":32,"column":25}},"16":{"start":{"line":35,"column":13},"end":{"line":35,"column":42}},"17":{"start":{"line":38,"column":8},"end":{"line":38,"column":20}},"18":{"start":{"line":37,"column":40},"end":{"line":37,"column":62}},"19":{"start":{"line":37,"column":72},"end":{"line":37,"column":85}},"20":{"start":{"line":41,"column":8},"end":{"line":41,"column":57}},"21":{"start":{"line":44,"column":13},"end":{"line":44,"column":40}},"22":{"start":{"line":45,"column":21},"end":{"line":45,"column":67}},"23":{"start":{"line":45,"column":42},"end":{"line":45,"column":67}},"24":{"start":{"line":45,"column":60},"end":{"line":45,"column":66}},"25":{"start":{"line":45,"column":13},"end":{"line":45,"column":21}},"26":{"start":{"line":54,"column":8},"end":{"line":54,"column":20}},"27":{"start":{"line":53,"column":43},"end":{"line":53,"column":50}},"28":{"start":{"line":53,"column":59},"end":{"line":53,"column":69}},"29":{"start":{"line":57,"column":31},"end":{"line":57,"column":58}},"30":{"start":{"line":58,"column":8},"end":{"line":62,"column":null}},"31":{"start":{"line":59,"column":12},"end":{"line":59,"column":60}},"32":{"start":{"line":61,"column":12},"end":{"line":61,"column":33}},"33":{"start":{"line":66,"column":8},"end":{"line":66,"column":37}},"34":{"start":{"line":67,"column":8},"end":{"line":67,"column":23}},"35":{"start":{"line":76,"column":8},"end":{"line":76,"column":20}},"36":{"start":{"line":75,"column":42},"end":{"line":75,"column":95}},"37":{"start":{"line":75,"column":104},"end":{"line":75,"column":144}},"38":{"start":{"line":74,"column":4},"end":{"line":74,"column":14}},"39":{"start":{"line":79,"column":21},"end":{"line":79,"column":68}},"40":{"start":{"line":80,"column":8},"end":{"line":80,"column":41}},"41":{"start":{"line":81,"column":8},"end":{"line":81,"column":41}},"42":{"start":{"line":82,"column":8},"end":{"line":82,"column":50}},"43":{"start":{"line":87,"column":8},"end":{"line":87,"column":41}},"44":{"start":{"line":88,"column":8},"end":{"line":88,"column":23}},"45":{"start":{"line":96,"column":8},"end":{"line":98,"column":null}},"46":{"start":{"line":97,"column":12},"end":{"line":97,"column":39}},"47":{"start":{"line":99,"column":8},"end":{"line":99,"column":40}},"48":{"start":{"line":103,"column":13},"end":{"line":103,"column":44}},"49":{"start":{"line":106,"column":4},"end":{"line":106,"column":88}},"50":{"start":{"line":106,"column":51},"end":{"line":106,"column":87}},"51":{"start":{"line":106,"column":59},"end":{"line":106,"column":70}},"52":{"start":{"line":109,"column":13},"end":{"line":109,"column":48}},"53":{"start":{"line":112,"column":8},"end":{"line":112,"column":23}},"54":{"start":{"line":113,"column":8},"end":{"line":118,"column":null}},"55":{"start":{"line":114,"column":12},"end":{"line":114,"column":35}},"56":{"start":{"line":116,"column":12},"end":{"line":116,"column":37}},"57":{"start":{"line":117,"column":12},"end":{"line":117,"column":41}},"58":{"start":{"line":123,"column":4},"end":{"line":123,"column":22}},"59":{"start":{"line":124,"column":4},"end":{"line":124,"column":49}},"60":{"start":{"line":126,"column":8},"end":{"line":126,"column":25}},"61":{"start":{"line":127,"column":8},"end":{"line":127,"column":23}},"62":{"start":{"line":130,"column":8},"end":{"line":130,"column":31}},"63":{"start":{"line":131,"column":8},"end":{"line":131,"column":61}},"64":{"start":{"line":132,"column":8},"end":{"line":135,"column":null}},"65":{"start":{"line":134,"column":12},"end":{"line":134,"column":45}},"66":{"start":{"line":138,"column":8},"end":{"line":140,"column":45}},"67":{"start":{"line":140,"column":12},"end":{"line":140,"column":45}},"68":{"start":{"line":141,"column":8},"end":{"line":141,"column":23}},"69":{"start":{"line":145,"column":13},"end":{"line":145,"column":44}},"70":{"start":{"line":146,"column":13},"end":{"line":146,"column":48}},"71":{"start":{"line":150,"column":8},"end":{"line":150,"column":41}},"72":{"start":{"line":151,"column":8},"end":{"line":151,"column":24}},"73":{"start":{"line":152,"column":8},"end":{"line":153,"column":41}},"74":{"start":{"line":153,"column":12},"end":{"line":153,"column":41}},"75":{"start":{"line":159,"column":4},"end":{"line":159,"column":43}},"76":{"start":{"line":161,"column":8},"end":{"line":161,"column":39}},"77":{"start":{"line":162,"column":8},"end":{"line":162,"column":42}},"78":{"start":{"line":166,"column":8},"end":{"line":168,"column":28}},"79":{"start":{"line":167,"column":12},"end":{"line":167,"column":56}},"80":{"start":{"line":167,"column":37},"end":{"line":167,"column":54}},"81":{"start":{"line":168,"column":13},"end":{"line":168,"column":28}},"82":{"start":{"line":171,"column":13},"end":{"line":171,"column":42}},"83":{"start":{"line":172,"column":13},"end":{"line":172,"column":46}},"84":{"start":{"line":176,"column":8},"end":{"line":176,"column":33}},"85":{"start":{"line":177,"column":8},"end":{"line":177,"column":24}},"86":{"start":{"line":182,"column":8},"end":{"line":182,"column":28}},"87":{"start":{"line":183,"column":8},"end":{"line":183,"column":41}},"88":{"start":{"line":186,"column":13},"end":{"line":186,"column":46}},"89":{"start":{"line":187,"column":13},"end":{"line":187,"column":50}},"90":{"start":{"line":189,"column":4},"end":{"line":189,"column":23}},"91":{"start":{"line":191,"column":8},"end":{"line":191,"column":85}},"92":{"start":{"line":192,"column":8},"end":{"line":192,"column":32}},"93":{"start":{"line":195,"column":13},"end":{"line":195,"column":50}},"94":{"start":{"line":204,"column":8},"end":{"line":204,"column":20}},"95":{"start":{"line":203,"column":51},"end":{"line":203,"column":70}},"96":{"start":{"line":198,"column":4},"end":{"line":198,"column":21}},"97":{"start":{"line":199,"column":4},"end":{"line":202,"column":25}},"98":{"start":{"line":200,"column":8},"end":{"line":200,"column":45}},"99":{"start":{"line":201,"column":8},"end":{"line":201,"column":31}},"100":{"start":{"line":207,"column":8},"end":{"line":207,"column":31}},"101":{"start":{"line":210,"column":8},"end":{"line":210,"column":36}},"102":{"start":{"line":211,"column":8},"end":{"line":211,"column":25}},"103":{"start":{"line":214,"column":8},"end":{"line":214,"column":31}},"104":{"start":{"line":215,"column":8},"end":{"line":215,"column":24}},"105":{"start":{"line":219,"column":13},"end":{"line":219,"column":46}}},"fnMap":{"0":{"name":"(anonymous_0)","decl":{"start":{"line":6,"column":4},"end":{"line":6,"column":16}},"loc":{"start":{"line":6,"column":89},"end":{"line":17,"column":5}}},"1":{"name":"(anonymous_1)","decl":{"start":{"line":9,"column":24},"end":{"line":9,"column":25}},"loc":{"start":{"line":9,"column":33},"end":{"line":13,"column":13}}},"2":{"name":"(anonymous_2)","decl":{"start":{"line":18,"column":4},"end":{"line":18,"column":8}},"loc":{"start":{"line":18,"column":16},"end":{"line":20,"column":5}}},"3":{"name":"(anonymous_3)","decl":{"start":{"line":23,"column":0},"end":{"line":23,"column":6}},"loc":{"start":{"line":23,"column":0},"end":{"line":34,"column":1}}},"4":{"name":"(anonymous_4)","decl":{"start":{"line":26,"column":4},"end":{"line":26,"column":8}},"loc":{"start":{"line":26,"column":16},"end":{"line":33,"column":5}}},"5":{"name":"(anonymous_5)","decl":{"start":{"line":37,"column":4},"end":{"line":37,"column":16}},"loc":{"start":{"line":37,"column":85},"end":{"line":39,"column":5}}},"6":{"name":"(anonymous_6)","decl":{"start":{"line":40,"column":4},"end":{"line":40,"column":8}},"loc":{"start":{"line":40,"column":16},"end":{"line":42,"column":5}}},"7":{"name":"(anonymous_7)","decl":{"start":{"line":45,"column":21},"end":{"line":45,"column":28}},"loc":{"start":{"line":45,"column":42},"end":{"line":45,"column":67}}},"8":{"name":"(anonymous_8)","decl":{"start":{"line":45,"column":52},"end":{"line":45,"column":53}},"loc":{"start":{"line":45,"column":60},"end":{"line":45,"column":66}}},"9":{"name":"(anonymous_9)","decl":{"start":{"line":53,"column":4},"end":{"line":53,"column":16}},"loc":{"start":{"line":53,"column":69},"end":{"line":55,"column":5}}},"10":{"name":"(anonymous_10)","decl":{"start":{"line":56,"column":4},"end":{"line":56,"column":8}},"loc":{"start":{"line":56,"column":16},"end":{"line":63,"column":5}}},"11":{"name":"(anonymous_11)","decl":{"start":{"line":65,"column":4},"end":{"line":65,"column":15}},"loc":{"start":{"line":65,"column":15},"end":{"line":68,"column":5}}},"12":{"name":"(anonymous_12)","decl":{"start":{"line":75,"column":4},"end":{"line":75,"column":16}},"loc":{"start":{"line":75,"column":144},"end":{"line":77,"column":5}}},"13":{"name":"(anonymous_13)","decl":{"start":{"line":78,"column":4},"end":{"line":78,"column":12}},"loc":{"start":{"line":78,"column":132},"end":{"line":83,"column":5}}},"14":{"name":"(anonymous_14)","decl":{"start":{"line":85,"column":4},"end":{"line":85,"column":15}},"loc":{"start":{"line":85,"column":15},"end":{"line":89,"column":5}}},"15":{"name":"(anonymous_15)","decl":{"start":{"line":95,"column":4},"end":{"line":95,"column":8}},"loc":{"start":{"line":95,"column":16},"end":{"line":100,"column":5}}},"16":{"name":"makeMapTo","decl":{"start":{"line":105,"column":9},"end":{"line":105,"column":18}},"loc":{"start":{"line":105,"column":56},"end":{"line":107,"column":1}}},"17":{"name":"(anonymous_17)","decl":{"start":{"line":106,"column":11},"end":{"line":106,"column":12}},"loc":{"start":{"line":106,"column":51},"end":{"line":106,"column":87}}},"18":{"name":"(anonymous_18)","decl":{"start":{"line":106,"column":53},"end":{"line":106,"column":56}},"loc":{"start":{"line":106,"column":59},"end":{"line":106,"column":70}}},"19":{"name":"(anonymous_19)","decl":{"start":{"line":111,"column":4},"end":{"line":111,"column":15}},"loc":{"start":{"line":111,"column":15},"end":{"line":119,"column":5}}},"20":{"name":"(anonymous_20)","decl":{"start":{"line":122,"column":0},"end":{"line":122,"column":6}},"loc":{"start":{"line":122,"column":0},"end":{"line":143,"column":1}}},"21":{"name":"(anonymous_21)","decl":{"start":{"line":125,"column":4},"end":{"line":125,"column":8}},"loc":{"start":{"line":125,"column":16},"end":{"line":128,"column":5}}},"22":{"name":"(anonymous_22)","decl":{"start":{"line":129,"column":4},"end":{"line":129,"column":11}},"loc":{"start":{"line":129,"column":11},"end":{"line":136,"column":5}}},"23":{"name":"(anonymous_23)","decl":{"start":{"line":137,"column":4},"end":{"line":137,"column":15}},"loc":{"start":{"line":137,"column":15},"end":{"line":142,"column":5}}},"24":{"name":"(anonymous_24)","decl":{"start":{"line":149,"column":4},"end":{"line":149,"column":15}},"loc":{"start":{"line":149,"column":15},"end":{"line":154,"column":5}}},"25":{"name":"(anonymous_25)","decl":{"start":{"line":158,"column":0},"end":{"line":158,"column":6}},"loc":{"start":{"line":158,"column":0},"end":{"line":170,"column":1}}},"26":{"name":"(anonymous_26)","decl":{"start":{"line":160,"column":4},"end":{"line":160,"column":8}},"loc":{"start":{"line":160,"column":16},"end":{"line":163,"column":5}}},"27":{"name":"(anonymous_27)","decl":{"start":{"line":164,"column":4},"end":{"line":164,"column":15}},"loc":{"start":{"line":164,"column":15},"end":{"line":169,"column":5}}},"28":{"name":"(anonymous_28)","decl":{"start":{"line":167,"column":32},"end":{"line":167,"column":33}},"loc":{"start":{"line":167,"column":37},"end":{"line":167,"column":54}}},"29":{"name":"(anonymous_29)","decl":{"start":{"line":175,"column":4},"end":{"line":175,"column":11}},"loc":{"start":{"line":175,"column":11},"end":{"line":178,"column":5}}},"30":{"name":"(anonymous_30)","decl":{"start":{"line":181,"column":4},"end":{"line":181,"column":8}},"loc":{"start":{"line":181,"column":16},"end":{"line":184,"column":5}}},"31":{"name":"(anonymous_31)","decl":{"start":{"line":188,"column":0},"end":{"line":188,"column":6}},"loc":{"start":{"line":188,"column":0},"end":{"line":194,"column":1}}},"32":{"name":"(anonymous_32)","decl":{"start":{"line":190,"column":4},"end":{"line":190,"column":8}},"loc":{"start":{"line":190,"column":17},"end":{"line":193,"column":5}}},"33":{"name":"(anonymous_33)","decl":{"start":{"line":203,"column":4},"end":{"line":203,"column":16}},"loc":{"start":{"line":203,"column":70},"end":{"line":205,"column":5}}},"34":{"name":"(anonymous_34)","decl":{"start":{"line":199,"column":21},"end":{"line":199,"column":24}},"loc":{"start":{"line":199,"column":26},"end":{"line":202,"column":5}}},"35":{"name":"(anonymous_35)","decl":{"start":{"line":206,"column":4},"end":{"line":206,"column":8}},"loc":{"start":{"line":206,"column":16},"end":{"line":208,"column":5}}},"36":{"name":"(anonymous_36)","decl":{"start":{"line":209,"column":4},"end":{"line":209,"column":12}},"loc":{"start":{"line":209,"column":12},"end":{"line":212,"column":5}}},"37":{"name":"(anonymous_37)","decl":{"start":{"line":213,"column":4},"end":{"line":213,"column":11}},"loc":{"start":{"line":213,"column":11},"end":{"line":216,"column":5}}}},"branchMap":{"0":{"loc":{"start":{"line":8,"column":8},"end":{"line":16,"column":null}},"type":"if","locations":[{"start":{"line":8,"column":8},"end":{"line":16,"column":null}},{"start":{"line":8,"column":8},"end":{"line":16,"column":null}}]},"1":{"loc":{"start":{"line":27,"column":8},"end":{"line":31,"column":null}},"type":"if","locations":[{"start":{"line":27,"column":8},"end":{"line":31,"column":null}},{"start":{"line":27,"column":8},"end":{"line":31,"column":null}}]},"2":{"loc":{"start":{"line":58,"column":8},"end":{"line":62,"column":null}},"type":"if","locations":[{"start":{"line":58,"column":8},"end":{"line":62,"column":null}},{"start":{"line":58,"column":8},"end":{"line":62,"column":null}}]},"3":{"loc":{"start":{"line":96,"column":8},"end":{"line":98,"column":null}},"type":"if","locations":[{"start":{"line":96,"column":8},"end":{"line":98,"column":null}},{"start":{"line":96,"column":8},"end":{"line":98,"column":null}}]},"4":{"loc":{"start":{"line":113,"column":8},"end":{"line":118,"column":null}},"type":"if","locations":[{"start":{"line":113,"column":8},"end":{"line":118,"column":null}},{"start":{"line":113,"column":8},"end":{"line":118,"column":null}}]},"5":{"loc":{"start":{"line":132,"column":8},"end":{"line":135,"column":null}},"type":"if","locations":[{"start":{"line":132,"column":8},"end":{"line":135,"column":null}},{"start":{"line":132,"column":8},"end":{"line":135,"column":null}}]},"6":{"loc":{"start":{"line":132,"column":12},"end":{"line":132,"column":25}},"type":"binary-expr","locations":[{"start":{"line":132,"column":12},"end":{"line":132,"column":25}},{"start":{"line":132,"column":29},"end":{"line":132,"column":54}}]},"7":{"loc":{"start":{"line":138,"column":8},"end":{"line":140,"column":45}},"type":"if","locations":[{"start":{"line":138,"column":8},"end":{"line":140,"column":45}},{"start":{"line":138,"column":8},"end":{"line":140,"column":45}}]},"8":{"loc":{"start":{"line":152,"column":8},"end":{"line":153,"column":41}},"type":"if","locations":[{"start":{"line":152,"column":8},"end":{"line":153,"column":41}},{"start":{"line":152,"column":8},"end":{"line":153,"column":41}}]},"9":{"loc":{"start":{"line":166,"column":8},"end":{"line":168,"column":28}},"type":"if","locations":[{"start":{"line":166,"column":8},"end":{"line":168,"column":28}},{"start":{"line":166,"column":8},"end":{"line":168,"column":28}}]}},"s":{"0":5,"1":0,"2":0,"3":0,"4":0,"5":0,"6":0,"7":0,"8":0,"9":0,"10":5,"11":0,"12":0,"13":0,"14":0,"15":0,"16":5,"17":1,"18":1,"19":1,"20":0,"21":5,"22":5,"23":0,"24":0,"25":5,"26":12,"27":12,"28":12,"29":12,"30":12,"31":5,"32":7,"33":0,"34":0,"35":4,"36":4,"37":4,"38":4,"39":12,"40":12,"41":12,"42":12,"43":0,"44":0,"45":2,"46":0,"47":2,"48":5,"49":20,"50":0,"51":0,"52":5,"53":4,"54":4,"55":4,"56":0,"57":0,"58":1,"59":1,"60":1,"61":1,"62":5,"63":5,"64":5,"65":1,"66":1,"67":0,"68":1,"69":5,"70":5,"71":0,"72":0,"73":0,"74":0,"75":1,"76":5,"77":5,"78":1,"79":0,"80":0,"81":1,"82":5,"83":5,"84":0,"85":0,"86":0,"87":0,"88":5,"89":5,"90":0,"91":0,"92":0,"93":5,"94":0,"95":0,"96":0,"97":0,"98":0,"99":0,"100":0,"101":0,"102":0,"103":0,"104":0,"105":5},"f":{"0":0,"1":0,"2":0,"3":0,"4":0,"5":1,"6":0,"7":0,"8":0,"9":12,"10":12,"11":0,"12":4,"13":12,"14":0,"15":2,"16":20,"17":0,"18":0,"19":4,"20":1,"21":1,"22":5,"23":1,"24":0,"25":1,"26":5,"27":1,"28":0,"29":0,"30":0,"31":0,"32":0,"33":0,"34":0,"35":0,"36":0,"37":0},"b":{"0":[0,0],"1":[0,0],"2":[5,7],"3":[0,2],"4":[4,0],"5":[1,4],"6":[5,4],"7":[0,1],"8":[0,0],"9":[0,1]}}
}
