TN:
SF:src/combination.ts
FN:5,(anonymous_0)
FN:8,(anonymous_1)
FN:9,(anonymous_2)
FN:15,(anonymous_3)
FN:21,(anonymous_4)
FN:22,(anonymous_5)
FN:24,(anonymous_6)
FN:25,(anonymous_7)
FN:28,(anonymous_8)
FN:29,(anonymous_9)
FN:33,share
FN:34,(anonymous_11)
FN:37,(anonymous_12)
FN:48,merge
FN:50,(anonymous_14)
FN:53,(anonymous_15)
FN:62,race
FN:65,(anonymous_17)
FN:67,(anonymous_18)
FN:70,(anonymous_19)
FN:78,(anonymous_20)
FN:80,(anonymous_21)
FN:86,(anonymous_22)
FN:91,concat
FN:93,(anonymous_24)
FN:97,(anonymous_25)
FN:108,shareReplay
FN:109,(anonymous_27)
FN:112,(anonymous_28)
FN:117,(anonymous_29)
FN:119,(anonymous_30)
FN:120,(anonymous_31)
FN:121,(anonymous_32)
FN:126,iif
FN:127,(anonymous_34)
FN:129,combineLatest
FN:131,(anonymous_36)
FN:136,(anonymous_37)
FN:139,(anonymous_38)
FN:141,(anonymous_39)
FN:143,(anonymous_40)
FN:160,zip
FN:162,(anonymous_42)
FN:166,(anonymous_43)
FN:169,(anonymous_44)
FN:173,(anonymous_45)
FN:175,(anonymous_46)
FN:176,(anonymous_47)
FN:186,startWith
FN:187,(anonymous_49)
FN:188,(anonymous_50)
FN:198,(anonymous_51)
FN:201,(anonymous_52)
FN:205,(anonymous_53)
FN:216,(anonymous_54)
FN:222,(anonymous_55)
FN:228,(anonymous_56)
FN:242,(anonymous_57)
FN:246,(anonymous_58)
FN:259,(anonymous_59)
FN:262,(anonymous_60)
FN:269,(anonymous_61)
FN:272,(anonymous_62)
FNF:63
FNH:30
FNDA:2,(anonymous_0)
FNDA:3,(anonymous_1)
FNDA:0,(anonymous_2)
FNDA:0,(anonymous_3)
FNDA:2,(anonymous_4)
FNDA:3,(anonymous_5)
FNDA:0,(anonymous_6)
FNDA:0,(anonymous_7)
FNDA:0,(anonymous_8)
FNDA:0,(anonymous_9)
FNDA:2,share
FNDA:2,(anonymous_11)
FNDA:0,(anonymous_12)
FNDA:1,merge
FNDA:1,(anonymous_14)
FNDA:0,(anonymous_15)
FNDA:1,race
FNDA:1,(anonymous_17)
FNDA:2,(anonymous_18)
FNDA:0,(anonymous_19)
FNDA:1,(anonymous_20)
FNDA:1,(anonymous_21)
FNDA:2,(anonymous_22)
FNDA:1,concat
FNDA:1,(anonymous_24)
FNDA:1,(anonymous_25)
FNDA:0,shareReplay
FNDA:0,(anonymous_27)
FNDA:0,(anonymous_28)
FNDA:0,(anonymous_29)
FNDA:0,(anonymous_30)
FNDA:0,(anonymous_31)
FNDA:0,(anonymous_32)
FNDA:0,iif
FNDA:0,(anonymous_34)
FNDA:1,combineLatest
FNDA:1,(anonymous_36)
FNDA:1,(anonymous_37)
FNDA:2,(anonymous_38)
FNDA:2,(anonymous_39)
FNDA:3,(anonymous_40)
FNDA:1,zip
FNDA:1,(anonymous_42)
FNDA:1,(anonymous_43)
FNDA:2,(anonymous_44)
FNDA:7,(anonymous_45)
FNDA:10,(anonymous_46)
FNDA:6,(anonymous_47)
FNDA:0,startWith
FNDA:0,(anonymous_49)
FNDA:0,(anonymous_50)
FNDA:0,(anonymous_51)
FNDA:0,(anonymous_52)
FNDA:0,(anonymous_53)
FNDA:0,(anonymous_54)
FNDA:0,(anonymous_55)
FNDA:0,(anonymous_56)
FNDA:0,(anonymous_57)
FNDA:0,(anonymous_58)
FNDA:0,(anonymous_59)
FNDA:0,(anonymous_60)
FNDA:0,(anonymous_61)
FNDA:0,(anonymous_62)
DA:1,6
DA:4,2
DA:5,2
DA:6,2
DA:9,3
DA:10,3
DA:11,2
DA:12,2
DA:16,0
DA:17,0
DA:18,0
DA:22,3
DA:25,0
DA:26,0
DA:29,0
DA:30,0
DA:33,6
DA:34,2
DA:35,2
DA:36,2
DA:37,0
DA:38,0
DA:40,0
DA:41,0
DA:42,0
DA:43,0
DA:45,2
DA:48,6
DA:50,1
DA:51,1
DA:52,1
DA:53,1
DA:54,0
DA:55,0
DA:58,1
DA:62,6
DA:64,1
DA:66,1
DA:67,1
DA:68,2
DA:69,2
DA:70,2
DA:71,0
DA:72,0
DA:73,0
DA:75,0
DA:78,2
DA:79,1
DA:80,1
DA:81,1
DA:82,1
DA:83,1
DA:86,2
DA:91,6
DA:93,1
DA:94,1
DA:95,1
DA:96,1
DA:97,1
DA:98,1
DA:99,1
DA:100,1
DA:102,0
DA:104,1
DA:108,6
DA:109,0
DA:110,0
DA:111,0
DA:112,0
DA:113,0
DA:114,0
DA:115,0
DA:117,0
DA:119,0
DA:120,0
DA:121,0
DA:122,0
DA:126,6
DA:127,0
DA:129,6
DA:131,1
DA:132,1
DA:133,1
DA:134,1
DA:135,1
DA:136,1
DA:137,1
DA:139,1
DA:140,2
DA:141,2
DA:142,2
DA:143,1
DA:144,3
DA:145,3
DA:147,1
DA:149,1
DA:152,2
DA:153,2
DA:155,1
DA:160,6
DA:162,1
DA:163,1
DA:164,1
DA:165,1
DA:166,1
DA:167,1
DA:169,1
DA:170,2
DA:171,2
DA:172,2
DA:173,2
DA:174,7
DA:175,10
DA:176,6
DA:179,2
DA:180,2
DA:182,1
DA:186,6
DA:187,0
DA:188,0
DA:189,0
DA:190,0
DA:192,0
DA:199,0
DA:200,0
DA:201,0
DA:202,0
DA:203,0
DA:206,0
DA:207,0
DA:211,6
DA:213,0
DA:215,0
DA:216,0
DA:217,0
DA:218,0
DA:219,0
DA:223,0
DA:224,0
DA:225,0
DA:226,0
DA:228,0
DA:229,0
DA:231,0
DA:232,0
DA:235,0
DA:236,0
DA:237,0
DA:238,0
DA:243,0
DA:244,0
DA:245,0
DA:246,0
DA:248,0
DA:252,6
DA:258,0
DA:260,0
DA:261,0
DA:262,0
DA:263,0
DA:264,0
DA:266,0
DA:267,0
DA:270,0
DA:273,0
DA:274,0
DA:276,0
DA:280,6
LF:168
LH:88
BRDA:10,0,0,2
BRDA:17,1,0,0
BRDA:36,2,0,0
BRDA:54,3,0,0
BRDA:72,4,0,0
BRDA:72,4,1,0
BRDA:98,5,0,1
BRDA:98,5,1,0
BRDA:98,6,0,1
BRDA:98,6,1,1
BRDA:114,7,0,0
BRDA:127,8,0,0
BRDA:127,8,1,0
BRDA:137,9,0,0
BRDA:142,10,0,1
BRDA:142,10,1,1
BRDA:167,11,0,0
BRDA:175,12,0,3
BRDA:188,13,0,0
BRDA:188,14,0,0
BRDA:189,15,0,0
BRDA:189,15,1,0
BRDA:192,16,0,0
BRDA:192,16,1,0
BRDA:206,17,0,0
BRDA:218,18,0,0
BRDA:223,19,0,0
BRDA:223,19,1,0
BRDA:224,20,0,0
BRDA:231,21,0,0
BRDA:236,22,0,0
BRDA:243,23,0,0
BRDA:243,23,1,0
BRDA:245,24,0,0
BRDA:273,25,0,0
BRF:35
BRH:7
end_of_record
TN:
SF:src/common.ts
FN:1,nothing
FN:2,(anonymous_1)
FN:3,(anonymous_2)
FN:4,dispose
FN:8,(anonymous_4)
FN:41,(anonymous_5)
FN:47,(anonymous_6)
FN:60,(anonymous_7)
FN:64,(anonymous_8)
FN:66,(anonymous_9)
FN:69,(anonymous_10)
FN:72,(anonymous_11)
FN:73,(anonymous_12)
FN:75,(anonymous_13)
FN:84,(anonymous_14)
FN:91,(anonymous_15)
FN:92,(anonymous_16)
FN:94,(anonymous_17)
FN:98,(anonymous_18)
FN:101,(anonymous_19)
FN:104,(anonymous_20)
FN:117,(anonymous_21)
FN:121,(anonymous_22)
FN:125,(anonymous_23)
FN:132,(anonymous_24)
FN:136,(anonymous_25)
FN:139,(anonymous_26)
FN:142,(anonymous_27)
FN:148,(anonymous_28)
FN:151,(anonymous_29)
FN:152,(anonymous_30)
FN:161,(anonymous_31)
FN:163,(anonymous_32)
FN:169,(anonymous_33)
FN:171,(anonymous_34)
FN:178,(anonymous_35)
FN:180,(anonymous_36)
FN:190,(anonymous_37)
FN:193,(anonymous_38)
FN:197,(anonymous_39)
FN:215,pipe
FN:216,(anonymous_41)
FN:218,create
FN:244,deliver
FN:245,(anonymous_44)
FN:246,(anonymous_45)
FN:248,(anonymous_46)
FN:257,(anonymous_47)
FN:263,send
FN:267,(anonymous_49)
FN:270,(anonymous_50)
FN:274,(anonymous_51)
FN:278,(anonymous_52)
FN:282,(anonymous_53)
FN:293,(anonymous_54)
FN:300,(anonymous_55)
FN:303,(anonymous_56)
FN:310,(anonymous_57)
FN:313,(anonymous_58)
FN:316,(anonymous_59)
FN:323,(anonymous_60)
FN:326,(anonymous_61)
FN:332,(anonymous_62)
FNF:63
FNH:33
FNDA:55,nothing
FNDA:113,(anonymous_1)
FNDA:5,(anonymous_2)
FNDA:0,dispose
FNDA:79,(anonymous_4)
FNDA:0,(anonymous_5)
FNDA:0,(anonymous_6)
FNDA:123,(anonymous_7)
FNDA:0,(anonymous_8)
FNDA:0,(anonymous_9)
FNDA:0,(anonymous_10)
FNDA:93,(anonymous_11)
FNDA:92,(anonymous_12)
FNDA:117,(anonymous_13)
FNDA:79,(anonymous_14)
FNDA:1,(anonymous_15)
FNDA:2,(anonymous_16)
FNDA:118,(anonymous_17)
FNDA:126,(anonymous_18)
FNDA:9,(anonymous_19)
FNDA:2,(anonymous_20)
FNDA:2,(anonymous_21)
FNDA:7,(anonymous_22)
FNDA:0,(anonymous_23)
FNDA:93,(anonymous_24)
FNDA:45,(anonymous_25)
FNDA:26,(anonymous_26)
FNDA:3,(anonymous_27)
FNDA:28,(anonymous_28)
FNDA:0,(anonymous_29)
FNDA:0,(anonymous_30)
FNDA:0,(anonymous_31)
FNDA:0,(anonymous_32)
FNDA:0,(anonymous_33)
FNDA:0,(anonymous_34)
FNDA:0,(anonymous_35)
FNDA:0,(anonymous_36)
FNDA:72,(anonymous_37)
FNDA:22,(anonymous_38)
FNDA:3,(anonymous_39)
FNDA:28,pipe
FNDA:68,(anonymous_41)
FNDA:79,create
FNDA:228,deliver
FNDA:44,(anonymous_44)
FNDA:44,(anonymous_45)
FNDA:0,(anonymous_46)
FNDA:44,(anonymous_47)
FNDA:0,send
FNDA:0,(anonymous_49)
FNDA:0,(anonymous_50)
FNDA:0,(anonymous_51)
FNDA:0,(anonymous_52)
FNDA:0,(anonymous_53)
FNDA:0,(anonymous_54)
FNDA:0,(anonymous_55)
FNDA:0,(anonymous_56)
FNDA:0,(anonymous_57)
FNDA:0,(anonymous_58)
FNDA:0,(anonymous_59)
FNDA:0,(anonymous_60)
FNDA:0,(anonymous_61)
FNDA:1,(anonymous_62)
DA:1,6
DA:2,113
DA:3,6
DA:4,6
DA:5,0
DA:8,79
DA:32,6
DA:36,6
DA:42,0
DA:48,0
DA:49,0
DA:50,0
DA:51,0
DA:60,6
DA:62,123
DA:63,123
DA:67,0
DA:70,0
DA:73,93
DA:76,117
DA:77,117
DA:78,117
DA:79,117
DA:80,117
DA:81,117
DA:82,117
DA:85,79
DA:86,0
DA:88,79
DA:89,79
DA:92,2
DA:95,118
DA:96,118
DA:99,126
DA:102,9
DA:105,2
DA:107,2
DA:109,2
DA:111,2
DA:113,2
DA:115,2
DA:119,2
DA:123,7
DA:127,0
DA:131,6
DA:132,93
DA:133,93
DA:134,93
DA:137,45
DA:140,26
DA:143,3
DA:146,6
DA:147,28
DA:148,28
DA:149,28
DA:150,28
DA:151,0
DA:152,0
DA:153,0
DA:155,0
DA:156,0
DA:157,0
DA:158,0
DA:159,0
DA:160,0
DA:161,0
DA:163,0
DA:164,0
DA:165,0
DA:168,0
DA:169,0
DA:171,0
DA:172,0
DA:173,0
DA:174,0
DA:177,0
DA:178,0
DA:180,0
DA:181,0
DA:182,0
DA:183,0
DA:187,28
DA:191,72
DA:194,22
DA:195,22
DA:198,3
DA:199,3
DA:215,6
DA:216,68
DA:218,6
DA:222,79
DA:223,0
DA:229,0
DA:230,0
DA:231,0
DA:232,0
DA:233,0
DA:234,0
DA:240,0
DA:242,79
DA:244,6
DA:245,228
DA:246,44
DA:247,44
DA:248,0
DA:249,0
DA:250,0
DA:251,0
DA:253,0
DA:254,0
DA:255,0
DA:257,44
DA:264,0
DA:267,0
DA:268,0
DA:269,0
DA:270,0
DA:271,0
DA:275,0
DA:276,0
DA:279,0
DA:280,0
DA:283,0
DA:284,0
DA:292,6
DA:294,0
DA:301,0
DA:304,0
DA:311,0
DA:314,0
DA:317,0
DA:324,0
DA:327,0
DA:328,0
DA:331,6
DA:332,1
DA:333,1
LF:137
LH:66
BRDA:42,0,0,0
BRDA:42,0,1,0
BRDA:85,1,0,0
BRDA:85,1,1,79
BRDA:148,2,0,0
BRDA:148,3,0,0
BRDA:148,4,0,0
BRDA:150,5,0,0
BRDA:150,5,1,28
BRDA:160,6,0,0
BRDA:160,6,1,0
BRDA:168,7,0,0
BRDA:168,7,1,0
BRDA:177,8,0,0
BRDA:177,8,1,0
BRDA:222,9,0,0
BRDA:232,10,0,0
BRDA:233,11,0,0
BRDA:233,11,1,0
BRDA:247,12,0,0
BRDA:247,12,1,44
BRDA:301,13,0,0
BRDA:301,13,1,0
BRDA:307,14,0,0
BRDA:307,14,1,0
BRDA:307,15,0,0
BRDA:307,15,1,0
BRDA:311,16,0,0
BRDA:311,16,1,0
BRDA:327,17,0,0
BRF:30
BRH:3
end_of_record
TN:
SF:src/filtering.ts
FN:5,(anonymous_0)
FN:8,(anonymous_1)
FN:17,(anonymous_2)
FN:21,(anonymous_3)
FN:24,(anonymous_4)
FN:33,(anonymous_5)
FN:36,(anonymous_6)
FN:44,(anonymous_7)
FN:47,(anonymous_8)
FN:57,(anonymous_9)
FN:58,(anonymous_10)
FN:65,(anonymous_11)
FN:68,(anonymous_12)
FN:76,(anonymous_13)
FN:80,(anonymous_14)
FN:91,(anonymous_15)
FN:94,(anonymous_16)
FN:108,(anonymous_17)
FN:111,(anonymous_18)
FN:115,(anonymous_19)
FN:119,(anonymous_20)
FN:123,(anonymous_21)
FN:126,(anonymous_22)
FN:135,(anonymous_23)
FN:139,(anonymous_24)
FN:146,(anonymous_25)
FN:157,(anonymous_26)
FN:160,(anonymous_27)
FN:163,(anonymous_28)
FN:170,(anonymous_29)
FN:174,(anonymous_30)
FN:180,(anonymous_31)
FN:188,(anonymous_32)
FN:188,(anonymous_33)
FN:190,(anonymous_34)
FN:193,(anonymous_35)
FN:199,(anonymous_36)
FN:209,(anonymous_37)
FN:209,(anonymous_38)
FN:209,(anonymous_39)
FN:212,(anonymous_40)
FN:215,(anonymous_41)
FN:227,(anonymous_42)
FN:230,(anonymous_43)
FN:236,(anonymous_44)
FN:248,(anonymous_45)
FN:251,(anonymous_46)
FN:256,(anonymous_47)
FN:270,(anonymous_48)
FN:273,(anonymous_49)
FN:281,(anonymous_50)
FNF:51
FNH:23
FNDA:0,(anonymous_0)
FNDA:0,(anonymous_1)
FNDA:0,(anonymous_2)
FNDA:11,(anonymous_3)
FNDA:29,(anonymous_4)
FNDA:1,(anonymous_5)
FNDA:1,(anonymous_6)
FNDA:1,(anonymous_7)
FNDA:5,(anonymous_8)
FNDA:1,(anonymous_9)
FNDA:5,(anonymous_10)
FNDA:1,(anonymous_11)
FNDA:1,(anonymous_12)
FNDA:1,(anonymous_13)
FNDA:1,(anonymous_14)
FNDA:1,(anonymous_15)
FNDA:6,(anonymous_16)
FNDA:0,(anonymous_17)
FNDA:0,(anonymous_18)
FNDA:0,(anonymous_19)
FNDA:0,(anonymous_20)
FNDA:0,(anonymous_21)
FNDA:0,(anonymous_22)
FNDA:0,(anonymous_23)
FNDA:0,(anonymous_24)
FNDA:0,(anonymous_25)
FNDA:0,(anonymous_26)
FNDA:0,(anonymous_27)
FNDA:0,(anonymous_28)
FNDA:0,(anonymous_29)
FNDA:0,(anonymous_30)
FNDA:0,(anonymous_31)
FNDA:0,(anonymous_32)
FNDA:0,(anonymous_33)
FNDA:2,(anonymous_34)
FNDA:9,(anonymous_35)
FNDA:2,(anonymous_36)
FNDA:0,(anonymous_37)
FNDA:0,(anonymous_38)
FNDA:0,(anonymous_39)
FNDA:0,(anonymous_40)
FNDA:0,(anonymous_41)
FNDA:0,(anonymous_42)
FNDA:0,(anonymous_43)
FNDA:0,(anonymous_44)
FNDA:2,(anonymous_45)
FNDA:6,(anonymous_46)
FNDA:2,(anonymous_47)
FNDA:1,(anonymous_48)
FNDA:5,(anonymous_49)
FNDA:1,(anonymous_50)
DA:1,6
DA:2,6
DA:3,6
DA:5,0
DA:6,0
DA:9,0
DA:10,0
DA:14,6
DA:19,6
DA:21,11
DA:22,11
DA:25,29
DA:26,29
DA:27,10
DA:31,6
DA:34,1
DA:35,1
DA:36,1
DA:37,1
DA:38,1
DA:41,6
DA:44,1
DA:45,1
DA:48,5
DA:49,4
DA:51,1
DA:55,6
DA:57,6
DA:58,1
DA:59,5
DA:60,5
DA:61,5
DA:65,1
DA:66,1
DA:69,1
DA:70,1
DA:74,6
DA:77,1
DA:78,1
DA:79,1
DA:80,1
DA:81,1
DA:82,1
DA:84,1
DA:85,1
DA:88,6
DA:91,1
DA:92,1
DA:95,6
DA:96,1
DA:97,1
DA:101,6
DA:102,6
DA:108,0
DA:109,0
DA:112,0
DA:113,0
DA:116,0
DA:117,0
DA:120,0
DA:121,0
DA:124,0
DA:127,0
DA:128,0
DA:129,0
DA:134,0
DA:135,0
DA:136,0
DA:137,0
DA:140,0
DA:141,0
DA:143,0
DA:147,0
DA:148,0
DA:149,0
DA:152,6
DA:153,6
DA:157,6
DA:161,0
DA:164,0
DA:165,0
DA:169,0
DA:170,0
DA:171,0
DA:172,0
DA:175,0
DA:176,0
DA:177,0
DA:178,0
DA:181,0
DA:182,0
DA:186,6
DA:188,6
DA:190,2
DA:191,2
DA:194,9
DA:195,2
DA:196,2
DA:200,2
DA:201,0
DA:202,0
DA:203,2
DA:204,2
DA:208,6
DA:209,6
DA:211,0
DA:212,0
DA:213,0
DA:216,0
DA:217,0
DA:218,0
DA:220,0
DA:224,6
DA:226,0
DA:227,0
DA:228,0
DA:231,0
DA:232,0
DA:233,0
DA:237,0
DA:238,0
DA:239,0
DA:240,0
DA:241,0
DA:245,6
DA:247,2
DA:248,2
DA:249,2
DA:252,6
DA:253,6
DA:257,2
DA:258,0
DA:259,0
DA:260,2
DA:261,2
DA:265,6
DA:269,1
DA:270,1
DA:271,1
DA:274,5
DA:275,0
DA:276,0
DA:278,5
DA:282,1
DA:283,0
DA:284,0
DA:285,1
DA:286,1
DA:290,6
LF:149
LH:84
BRDA:9,0,0,0
BRDA:26,1,0,10
BRDA:48,2,0,4
BRDA:48,2,1,1
BRDA:60,3,0,3
BRDA:69,4,0,1
BRDA:95,5,0,1
BRDA:113,6,0,0
BRDA:128,7,0,0
BRDA:135,8,0,0
BRDA:140,9,0,0
BRDA:140,9,1,0
BRDA:140,10,0,0
BRDA:140,10,1,0
BRDA:194,11,0,2
BRDA:200,12,0,0
BRDA:200,12,1,2
BRDA:216,13,0,0
BRDA:216,13,1,0
BRDA:231,14,0,0
BRDA:231,15,0,0
BRDA:231,15,1,0
BRDA:237,16,0,0
BRDA:237,16,1,0
BRDA:252,17,0,6
BRDA:252,18,0,6
BRDA:252,18,1,0
BRDA:257,19,0,0
BRDA:257,19,1,2
BRDA:274,20,0,0
BRDA:274,20,1,5
BRDA:282,21,0,0
BRDA:282,21,1,1
BRF:33
BRH:13
end_of_record
TN:
SF:src/index.ts
FNF:0
FNH:0
DA:1,6
DA:2,6
DA:3,6
DA:4,6
DA:5,6
DA:6,6
DA:7,6
LF:7
LH:7
BRF:0
BRH:0
end_of_record
TN:
SF:src/mathematical.ts
FN:5,(anonymous_0)
FN:7,(anonymous_1)
FN:12,(anonymous_2)
FN:22,(anonymous_3)
FN:28,(anonymous_4)
FN:28,(anonymous_5)
FN:29,(anonymous_6)
FN:30,(anonymous_7)
FN:31,(anonymous_8)
FN:31,(anonymous_9)
FNF:10
FNH:3
FNDA:1,(anonymous_0)
FNDA:1,(anonymous_1)
FNDA:0,(anonymous_2)
FNDA:5,(anonymous_3)
FNDA:0,(anonymous_4)
FNDA:0,(anonymous_5)
FNDA:0,(anonymous_6)
FNDA:0,(anonymous_7)
FNDA:0,(anonymous_8)
FNDA:0,(anonymous_9)
DA:1,6
DA:5,1
DA:6,1
DA:7,1
DA:8,1
DA:9,1
DA:11,1
DA:12,0
DA:13,0
DA:14,0
DA:15,0
DA:18,1
DA:19,1
DA:23,5
DA:26,6
DA:28,6
DA:29,6
DA:30,6
DA:31,6
LF:19
LH:15
BRDA:11,0,0,0
BRDA:11,0,1,1
BRDA:28,1,0,0
BRDA:28,1,1,0
BRF:4
BRH:1
end_of_record
TN:
SF:src/producer.ts
FN:4,subject
FN:6,(anonymous_8)
FN:7,(anonymous_9)
FN:8,(anonymous_10)
FN:9,(anonymous_11)
FN:17,defer
FN:18,(anonymous_13)
FN:31,(anonymous_14)
FN:37,(anonymous_15)
FN:41,(anonymous_16)
FN:45,(anonymous_17)
FN:64,(anonymous_18)
FN:64,(anonymous_19)
FN:65,(anonymous_20)
FN:69,(anonymous_21)
FN:82,(anonymous_22)
FN:82,(anonymous_23)
FN:89,of
FN:93,fromArray
FN:97,interval
FN:98,(anonymous_27)
FN:100,(anonymous_28)
FN:101,(anonymous_29)
FN:106,timer
FN:107,(anonymous_31)
FN:109,(anonymous_32)
FN:115,(anonymous_33)
FN:116,(anonymous_34)
FN:121,(anonymous_35)
FN:125,_fromEventPattern
FN:126,(anonymous_37)
FN:127,(anonymous_38)
FN:128,(anonymous_39)
FN:132,fromEventPattern
FN:136,fromEvent
FN:139,(anonymous_42)
FN:140,(anonymous_43)
FN:143,(anonymous_44)
FN:144,(anonymous_45)
FN:147,(anonymous_46)
FN:148,(anonymous_47)
FN:153,fromPromise
FN:154,(anonymous_49)
FN:158,fromFetch
FN:159,(anonymous_51)
FN:161,fromIterable
FN:162,(anonymous_53)
FN:174,fromReader
FN:175,(anonymous_55)
FN:175,(anonymous_56)
FN:186,(anonymous_57)
FN:190,fromReadableStream
FN:191,(anonymous_59)
FN:195,(anonymous_60)
FN:197,(anonymous_61)
FN:200,(anonymous_62)
FN:203,(anonymous_63)
FN:206,(anonymous_64)
FN:206,(anonymous_65)
FN:209,fromAnimationFrame
FN:210,(anonymous_67)
FN:211,next
FN:217,(anonymous_69)
FN:220,range
FN:222,(anonymous_71)
FN:229,bindCallback
FN:231,(anonymous_73)
FN:233,(anonymous_74)
FN:238,bindNodeCallback
FN:239,(anonymous_76)
FN:241,(anonymous_77)
FN:246,never
FN:247,(anonymous_79)
FN:249,throwError
FN:250,(anonymous_81)
FN:252,empty
FN:253,(anonymous_83)
FNF:77
FNH:26
FNDA:2,subject
FNDA:2,(anonymous_8)
FNDA:2,(anonymous_9)
FNDA:0,(anonymous_10)
FNDA:0,(anonymous_11)
FNDA:0,defer
FNDA:0,(anonymous_13)
FNDA:29,(anonymous_14)
FNDA:0,(anonymous_15)
FNDA:0,(anonymous_16)
FNDA:6,(anonymous_17)
FNDA:29,(anonymous_18)
FNDA:29,(anonymous_19)
FNDA:29,(anonymous_20)
FNDA:0,(anonymous_21)
FNDA:28,(anonymous_22)
FNDA:28,(anonymous_23)
FNDA:28,of
FNDA:0,fromArray
FNDA:22,interval
FNDA:21,(anonymous_27)
FNDA:54,(anonymous_28)
FNDA:21,(anonymous_29)
FNDA:9,timer
FNDA:9,(anonymous_31)
FNDA:9,(anonymous_32)
FNDA:0,(anonymous_33)
FNDA:0,(anonymous_34)
FNDA:0,(anonymous_35)
FNDA:0,_fromEventPattern
FNDA:0,(anonymous_37)
FNDA:0,(anonymous_38)
FNDA:0,(anonymous_39)
FNDA:0,fromEventPattern
FNDA:0,fromEvent
FNDA:0,(anonymous_42)
FNDA:0,(anonymous_43)
FNDA:0,(anonymous_44)
FNDA:0,(anonymous_45)
FNDA:0,(anonymous_46)
FNDA:0,(anonymous_47)
FNDA:0,fromPromise
FNDA:0,(anonymous_49)
FNDA:0,fromFetch
FNDA:0,(anonymous_51)
FNDA:1,fromIterable
FNDA:1,(anonymous_53)
FNDA:0,fromReader
FNDA:0,(anonymous_55)
FNDA:0,(anonymous_56)
FNDA:0,(anonymous_57)
FNDA:0,fromReadableStream
FNDA:0,(anonymous_59)
FNDA:0,(anonymous_60)
FNDA:0,(anonymous_61)
FNDA:0,(anonymous_62)
FNDA:0,(anonymous_63)
FNDA:0,(anonymous_64)
FNDA:0,(anonymous_65)
FNDA:0,fromAnimationFrame
FNDA:0,(anonymous_67)
FNDA:0,next
FNDA:0,(anonymous_69)
FNDA:4,range
FNDA:4,(anonymous_71)
FNDA:0,bindCallback
FNDA:0,(anonymous_73)
FNDA:0,(anonymous_74)
FNDA:0,bindNodeCallback
FNDA:0,(anonymous_76)
FNDA:0,(anonymous_77)
FNDA:0,never
FNDA:0,(anonymous_79)
FNDA:2,throwError
FNDA:2,(anonymous_81)
FNDA:4,empty
FNDA:4,(anonymous_83)
DA:1,6
DA:2,6
DA:4,6
DA:5,2
DA:6,2
DA:7,2
DA:8,2
DA:9,2
DA:10,2
DA:12,2
DA:13,2
DA:14,2
DA:15,2
DA:17,6
DA:18,0
DA:29,6
DA:32,29
DA:37,0
DA:41,0
DA:45,6
DA:47,6
DA:48,6
DA:52,0
DA:53,0
DA:57,0
DA:61,6
DA:64,29
DA:65,29
DA:69,6
DA:70,0
DA:72,0
DA:73,0
DA:75,0
DA:80,6
DA:82,28
DA:83,28
DA:84,28
DA:86,28
DA:89,6
DA:90,28
DA:93,6
DA:94,0
DA:97,6
DA:98,22
DA:99,21
DA:100,54
DA:101,21
DA:102,21
DA:106,6
DA:107,9
DA:108,9
DA:109,9
DA:110,9
DA:111,9
DA:114,9
DA:115,0
DA:116,0
DA:118,9
DA:121,9
DA:122,9
DA:126,0
DA:127,0
DA:128,0
DA:129,0
DA:132,6
DA:133,0
DA:136,6
DA:137,0
DA:138,0
DA:139,0
DA:140,0
DA:141,0
DA:142,0
DA:143,0
DA:144,0
DA:145,0
DA:146,0
DA:147,0
DA:148,0
DA:150,0
DA:153,6
DA:154,0
DA:155,0
DA:158,6
DA:159,0
DA:161,6
DA:162,1
DA:163,1
DA:164,1
DA:165,2
DA:166,2
DA:168,1
DA:170,1
DA:174,6
DA:175,0
DA:176,0
DA:177,0
DA:178,0
DA:179,0
DA:180,0
DA:182,0
DA:183,0
DA:186,0
DA:187,0
DA:190,6
DA:191,0
DA:192,0
DA:193,0
DA:195,0
DA:196,0
DA:198,0
DA:201,0
DA:204,0
DA:206,0
DA:209,6
DA:210,0
DA:211,0
DA:212,0
DA:213,0
DA:214,0
DA:217,0
DA:220,6
DA:222,4
DA:223,25
DA:224,4
DA:225,4
DA:229,6
DA:231,0
DA:232,0
DA:233,0
DA:235,0
DA:238,6
DA:239,0
DA:240,0
DA:241,0
DA:243,0
DA:246,6
DA:247,0
DA:249,6
DA:250,2
DA:252,6
DA:253,4
LF:142
LH:74
BRDA:10,0,0,2
BRDA:10,0,1,0
BRDA:36,1,0,6
BRDA:36,1,1,0
BRDA:47,2,0,6
BRDA:52,3,0,0
BRDA:70,4,0,0
BRDA:70,4,1,0
BRDA:73,5,0,0
BRDA:83,6,0,56
BRDA:83,6,1,49
BRDA:114,7,0,0
BRDA:114,7,1,9
BRDA:137,8,0,0
BRDA:137,8,1,0
BRDA:137,9,0,0
BRDA:137,9,1,0
BRDA:141,10,0,0
BRDA:141,10,1,0
BRDA:141,11,0,0
BRDA:141,11,1,0
BRDA:145,12,0,0
BRDA:145,12,1,0
BRDA:165,13,0,0
BRDA:176,14,0,0
BRDA:178,15,0,0
BRDA:178,15,1,0
BRDA:212,16,0,0
BRDA:222,17,0,4
BRDA:222,18,0,4
BRDA:223,19,0,29
BRDA:223,19,1,25
BRDA:241,20,0,0
BRDA:241,20,1,0
BRF:34
BRH:10
end_of_record
TN:
SF:src/transformation.ts
FN:7,(anonymous_0)
FN:10,(anonymous_1)
FN:19,(anonymous_2)
FN:24,(anonymous_3)
FN:27,(anonymous_4)
FN:38,(anonymous_5)
FN:41,(anonymous_6)
FN:46,(anonymous_7)
FN:46,(anonymous_8)
FN:54,(anonymous_9)
FN:57,(anonymous_10)
FN:66,(anonymous_11)
FN:76,(anonymous_12)
FN:79,(anonymous_13)
FN:89,(anonymous_14)
FN:95,(anonymous_15)
FN:105,(anonymous_16)
FN:107,(anonymous_17)
FN:116,makeMapTo
FN:117,(anonymous_19)
FN:117,(anonymous_20)
FN:122,(anonymous_21)
FN:133,(anonymous_22)
FN:136,(anonymous_23)
FN:140,(anonymous_24)
FN:148,(anonymous_25)
FN:160,(anonymous_26)
FN:169,(anonymous_27)
FN:171,(anonymous_28)
FN:175,(anonymous_29)
FN:178,(anonymous_30)
FN:186,(anonymous_31)
FN:192,(anonymous_32)
FN:203,(anonymous_33)
FN:206,(anonymous_34)
FN:217,(anonymous_35)
FN:218,(anonymous_36)
FN:221,(anonymous_37)
FN:222,(anonymous_38)
FN:228,(anonymous_39)
FN:230,(anonymous_40)
FN:243,(anonymous_41)
FN:239,(anonymous_42)
FN:246,(anonymous_43)
FN:249,(anonymous_44)
FN:253,(anonymous_45)
FN:265,(anonymous_46)
FN:269,(anonymous_47)
FN:273,(anonymous_48)
FN:274,(anonymous_49)
FN:286,(anonymous_50)
FN:292,(anonymous_51)
FN:293,(anonymous_52)
FN:298,(anonymous_53)
FN:301,(anonymous_54)
FN:309,(anonymous_55)
FN:318,(anonymous_56)
FN:330,(anonymous_57)
FN:334,(anonymous_58)
FN:341,(anonymous_59)
FN:355,(anonymous_60)
FN:360,(anonymous_61)
FN:368,(anonymous_62)
FNF:63
FNH:32
FNDA:0,(anonymous_0)
FNDA:0,(anonymous_1)
FNDA:0,(anonymous_2)
FNDA:0,(anonymous_3)
FNDA:0,(anonymous_4)
FNDA:6,(anonymous_5)
FNDA:17,(anonymous_6)
FNDA:0,(anonymous_7)
FNDA:0,(anonymous_8)
FNDA:38,(anonymous_9)
FNDA:14,(anonymous_10)
FNDA:0,(anonymous_11)
FNDA:9,(anonymous_12)
FNDA:17,(anonymous_13)
FNDA:4,(anonymous_14)
FNDA:1,(anonymous_15)
FNDA:3,(anonymous_16)
FNDA:4,(anonymous_17)
FNDA:24,makeMapTo
FNDA:0,(anonymous_19)
FNDA:0,(anonymous_20)
FNDA:4,(anonymous_21)
FNDA:1,(anonymous_22)
FNDA:1,(anonymous_23)
FNDA:5,(anonymous_24)
FNDA:1,(anonymous_25)
FNDA:0,(anonymous_26)
FNDA:1,(anonymous_27)
FNDA:5,(anonymous_28)
FNDA:1,(anonymous_29)
FNDA:0,(anonymous_30)
FNDA:0,(anonymous_31)
FNDA:0,(anonymous_32)
FNDA:0,(anonymous_33)
FNDA:0,(anonymous_34)
FNDA:0,(anonymous_35)
FNDA:0,(anonymous_36)
FNDA:0,(anonymous_37)
FNDA:0,(anonymous_38)
FNDA:0,(anonymous_39)
FNDA:0,(anonymous_40)
FNDA:0,(anonymous_41)
FNDA:0,(anonymous_42)
FNDA:0,(anonymous_43)
FNDA:0,(anonymous_44)
FNDA:0,(anonymous_45)
FNDA:1,(anonymous_46)
FNDA:0,(anonymous_47)
FNDA:1,(anonymous_48)
FNDA:1,(anonymous_49)
FNDA:1,(anonymous_50)
FNDA:0,(anonymous_51)
FNDA:0,(anonymous_52)
FNDA:1,(anonymous_53)
FNDA:1,(anonymous_54)
FNDA:21,(anonymous_55)
FNDA:17,(anonymous_56)
FNDA:4,(anonymous_57)
FNDA:4,(anonymous_58)
FNDA:21,(anonymous_59)
FNDA:0,(anonymous_60)
FNDA:25,(anonymous_61)
FNDA:4,(anonymous_62)
DA:1,6
DA:2,6
DA:7,0
DA:8,0
DA:9,0
DA:10,0
DA:11,0
DA:12,0
DA:13,0
DA:16,0
DA:20,0
DA:23,6
DA:25,0
DA:28,0
DA:29,0
DA:31,0
DA:33,0
DA:36,6
DA:38,6
DA:39,6
DA:42,17
DA:45,6
DA:46,6
DA:54,38
DA:55,38
DA:58,14
DA:59,14
DA:60,5
DA:62,9
DA:67,0
DA:68,0
DA:75,9
DA:76,9
DA:77,9
DA:80,17
DA:82,17
DA:83,5
DA:85,17
DA:86,17
DA:91,4
DA:97,1
DA:98,1
DA:106,3
DA:107,3
DA:108,4
DA:109,4
DA:114,6
DA:117,24
DA:120,6
DA:123,4
DA:124,4
DA:125,4
DA:127,0
DA:128,0
DA:134,1
DA:135,1
DA:137,1
DA:138,1
DA:141,5
DA:142,5
DA:143,5
DA:145,1
DA:149,1
DA:151,0
DA:152,1
DA:156,6
DA:157,6
DA:161,0
DA:162,0
DA:163,0
DA:164,0
DA:170,1
DA:172,5
DA:173,5
DA:177,1
DA:178,0
DA:179,1
DA:182,6
DA:183,6
DA:187,0
DA:188,0
DA:193,0
DA:194,0
DA:197,6
DA:198,6
DA:202,0
DA:203,0
DA:204,0
DA:207,0
DA:208,0
DA:209,0
DA:210,0
DA:211,0
DA:212,0
DA:213,0
DA:215,0
DA:218,0
DA:219,0
DA:222,0
DA:223,0
DA:226,6
DA:229,0
DA:231,0
DA:232,0
DA:235,6
DA:238,0
DA:239,0
DA:240,0
DA:241,0
DA:243,0
DA:244,0
DA:247,0
DA:250,0
DA:251,0
DA:254,0
DA:255,0
DA:259,6
DA:263,1
DA:266,1
DA:267,1
DA:270,0
DA:271,0
DA:274,1
DA:275,1
DA:276,1
DA:277,1
DA:278,1
DA:279,1
DA:280,0
DA:287,1
DA:288,1
DA:290,1
DA:293,0
DA:296,6
DA:298,1
DA:299,1
DA:302,1
DA:303,1
DA:307,6
DA:310,21
DA:311,21
DA:313,21
DA:314,21
DA:320,17
DA:322,17
DA:327,4
DA:328,4
DA:330,4
DA:331,4
DA:336,4
DA:338,4
DA:343,21
DA:344,21
DA:345,21
DA:346,21
DA:349,21
DA:352,21
DA:356,0
DA:357,0
DA:362,25
DA:363,4
DA:364,4
DA:370,4
DA:371,4
DA:375,6
LF:165
LH:102
BRDA:9,0,0,0
BRDA:9,0,1,0
BRDA:28,1,0,0
BRDA:28,1,1,0
BRDA:59,2,0,5
BRDA:59,2,1,9
BRDA:82,3,0,5
BRDA:124,4,0,4
BRDA:124,4,1,0
BRDA:143,5,0,1
BRDA:143,6,0,5
BRDA:143,6,1,4
BRDA:149,7,0,0
BRDA:163,8,0,0
BRDA:177,9,0,0
BRDA:177,9,1,1
BRDA:209,10,0,0
BRDA:276,11,0,1
BRDA:279,12,0,0
BRDA:287,13,0,1
BRDA:313,14,0,21
BRDA:362,15,0,4
BRDA:362,16,0,25
BRDA:362,16,1,25
BRF:24
BRH:14
end_of_record
TN:
SF:src/utils.ts
FN:3,(anonymous_0)
FN:3,(anonymous_1)
FN:4,(anonymous_2)
FN:6,(anonymous_3)
FN:6,(anonymous_4)
FN:9,(anonymous_5)
FN:9,(anonymous_6)
FN:12,(anonymous_7)
FN:15,(anonymous_8)
FN:25,(anonymous_9)
FN:25,(anonymous_10)
FN:29,(anonymous_11)
FN:32,(anonymous_12)
FN:34,(anonymous_13)
FN:35,(anonymous_14)
FN:36,(anonymous_15)
FN:45,(anonymous_16)
FN:44,(anonymous_17)
FN:48,(anonymous_18)
FN:53,(anonymous_19)
FN:60,(anonymous_20)
FN:60,(anonymous_21)
FN:62,(anonymous_22)
FN:65,(anonymous_23)
FN:79,(anonymous_24)
FN:82,(anonymous_25)
FNF:26
FNH:16
FNDA:3,(anonymous_0)
FNDA:3,(anonymous_1)
FNDA:3,(anonymous_2)
FNDA:9,(anonymous_3)
FNDA:3,(anonymous_4)
FNDA:0,(anonymous_5)
FNDA:0,(anonymous_6)
FNDA:0,(anonymous_7)
FNDA:0,(anonymous_8)
FNDA:25,(anonymous_9)
FNDA:25,(anonymous_10)
FNDA:4,(anonymous_11)
FNDA:9,(anonymous_12)
FNDA:0,(anonymous_13)
FNDA:0,(anonymous_14)
FNDA:0,(anonymous_15)
FNDA:1,(anonymous_16)
FNDA:1,(anonymous_17)
FNDA:0,(anonymous_18)
FNDA:1,(anonymous_19)
FNDA:1,(anonymous_20)
FNDA:1,(anonymous_21)
FNDA:0,(anonymous_22)
FNDA:0,(anonymous_23)
FNDA:1,(anonymous_24)
FNDA:3,(anonymous_25)
DA:1,6
DA:3,6
DA:4,3
DA:6,9
DA:9,6
DA:11,0
DA:13,0
DA:16,0
DA:24,6
DA:25,25
DA:30,4
DA:31,4
DA:32,9
DA:34,1
DA:35,1
DA:36,1
DA:41,6
DA:44,1
DA:45,1
DA:46,1
DA:49,0
DA:50,0
DA:51,0
DA:54,1
DA:55,1
DA:58,6
DA:60,6
DA:61,1
DA:62,0
DA:63,0
DA:64,0
DA:65,0
DA:66,0
DA:67,0
DA:69,0
DA:72,0
DA:73,0
DA:75,0
DA:76,0
DA:77,0
DA:79,1
DA:80,1
DA:81,1
DA:82,1
DA:83,3
DA:84,2
DA:86,1
DA:89,1
LF:48
LH:30
BRDA:25,0,0,0
BRDA:25,1,0,7
BRDA:25,2,0,11
BRDA:31,3,0,3
BRDA:31,3,1,1
BRDA:34,4,0,0
BRDA:35,5,0,0
BRDA:36,6,0,0
BRDA:60,7,0,0
BRDA:61,8,0,0
BRDA:61,8,1,1
BRDA:66,9,0,0
BRDA:66,9,1,0
BRDA:83,10,0,2
BRDA:83,10,1,1
BRF:15
BRH:7
end_of_record
