TN:
SF:src/combination.ts
FN:5,(anonymous_0)
FN:8,(anonymous_1)
FN:9,(anonymous_2)
FN:15,(anonymous_3)
FN:21,(anonymous_4)
FN:22,(anonymous_5)
FN:24,(anonymous_6)
FN:25,(anonymous_7)
FN:28,(anonymous_8)
FN:29,(anonymous_9)
FN:33,share
FN:34,(anonymous_11)
FN:37,(anonymous_12)
FN:48,merge
FN:50,(anonymous_14)
FN:53,(anonymous_15)
FN:62,race
FN:65,(anonymous_17)
FN:67,(anonymous_18)
FN:70,(anonymous_19)
FN:78,(anonymous_20)
FN:80,(anonymous_21)
FN:86,(anonymous_22)
FN:91,concat
FN:93,(anonymous_24)
FN:97,(anonymous_25)
FN:108,shareReplay
FN:109,(anonymous_27)
FN:112,(anonymous_28)
FN:117,(anonymous_29)
FN:119,(anonymous_30)
FN:120,(anonymous_31)
FN:121,(anonymous_32)
FN:126,iif
FN:127,(anonymous_34)
FN:129,combineLatest
FN:131,(anonymous_36)
FN:136,(anonymous_37)
FN:139,(anonymous_38)
FN:141,(anonymous_39)
FN:143,(anonymous_40)
FN:159,zip
FN:161,(anonymous_42)
FN:165,(anonymous_43)
FN:168,(anonymous_44)
FN:172,(anonymous_45)
FN:174,(anonymous_46)
FN:175,(anonymous_47)
FN:185,startWith
FN:186,(anonymous_49)
FN:187,(anonymous_50)
FN:197,(anonymous_51)
FN:200,(anonymous_52)
FN:204,(anonymous_53)
FN:215,(anonymous_54)
FN:221,(anonymous_55)
FN:227,(anonymous_56)
FN:241,(anonymous_57)
FN:245,(anonymous_58)
FN:258,(anonymous_59)
FN:261,(anonymous_60)
FN:268,(anonymous_61)
FN:271,(anonymous_62)
FNF:63
FNH:6
FNDA:0,(anonymous_0)
FNDA:0,(anonymous_1)
FNDA:0,(anonymous_2)
FNDA:0,(anonymous_3)
FNDA:0,(anonymous_4)
FNDA:0,(anonymous_5)
FNDA:0,(anonymous_6)
FNDA:0,(anonymous_7)
FNDA:0,(anonymous_8)
FNDA:0,(anonymous_9)
FNDA:0,share
FNDA:0,(anonymous_11)
FNDA:0,(anonymous_12)
FNDA:0,merge
FNDA:0,(anonymous_14)
FNDA:0,(anonymous_15)
FNDA:0,race
FNDA:0,(anonymous_17)
FNDA:0,(anonymous_18)
FNDA:0,(anonymous_19)
FNDA:0,(anonymous_20)
FNDA:0,(anonymous_21)
FNDA:0,(anonymous_22)
FNDA:0,concat
FNDA:0,(anonymous_24)
FNDA:0,(anonymous_25)
FNDA:0,shareReplay
FNDA:0,(anonymous_27)
FNDA:0,(anonymous_28)
FNDA:0,(anonymous_29)
FNDA:0,(anonymous_30)
FNDA:0,(anonymous_31)
FNDA:0,(anonymous_32)
FNDA:0,iif
FNDA:0,(anonymous_34)
FNDA:1,combineLatest
FNDA:1,(anonymous_36)
FNDA:1,(anonymous_37)
FNDA:2,(anonymous_38)
FNDA:2,(anonymous_39)
FNDA:5,(anonymous_40)
FNDA:0,zip
FNDA:0,(anonymous_42)
FNDA:0,(anonymous_43)
FNDA:0,(anonymous_44)
FNDA:0,(anonymous_45)
FNDA:0,(anonymous_46)
FNDA:0,(anonymous_47)
FNDA:0,startWith
FNDA:0,(anonymous_49)
FNDA:0,(anonymous_50)
FNDA:0,(anonymous_51)
FNDA:0,(anonymous_52)
FNDA:0,(anonymous_53)
FNDA:0,(anonymous_54)
FNDA:0,(anonymous_55)
FNDA:0,(anonymous_56)
FNDA:0,(anonymous_57)
FNDA:0,(anonymous_58)
FNDA:0,(anonymous_59)
FNDA:0,(anonymous_60)
FNDA:0,(anonymous_61)
FNDA:0,(anonymous_62)
DA:1,6
DA:4,0
DA:5,0
DA:6,0
DA:9,0
DA:10,0
DA:11,0
DA:12,0
DA:16,0
DA:17,0
DA:18,0
DA:22,0
DA:25,0
DA:26,0
DA:29,0
DA:30,0
DA:33,6
DA:34,0
DA:35,0
DA:36,0
DA:37,0
DA:38,0
DA:40,0
DA:41,0
DA:42,0
DA:43,0
DA:45,0
DA:48,6
DA:50,0
DA:51,0
DA:52,0
DA:53,0
DA:54,0
DA:55,0
DA:58,0
DA:62,6
DA:64,0
DA:66,0
DA:67,0
DA:68,0
DA:69,0
DA:70,0
DA:71,0
DA:72,0
DA:73,0
DA:75,0
DA:78,0
DA:79,0
DA:80,0
DA:81,0
DA:82,0
DA:83,0
DA:86,0
DA:91,6
DA:93,0
DA:94,0
DA:95,0
DA:96,0
DA:97,0
DA:98,0
DA:99,0
DA:100,0
DA:102,0
DA:104,0
DA:108,6
DA:109,0
DA:110,0
DA:111,0
DA:112,0
DA:113,0
DA:114,0
DA:115,0
DA:117,0
DA:119,0
DA:120,0
DA:121,0
DA:122,0
DA:126,6
DA:127,0
DA:129,6
DA:131,1
DA:132,1
DA:133,1
DA:134,1
DA:135,1
DA:136,1
DA:137,1
DA:139,1
DA:140,2
DA:141,2
DA:142,2
DA:143,2
DA:144,5
DA:145,5
DA:146,3
DA:149,2
DA:151,2
DA:152,2
DA:154,1
DA:159,6
DA:161,0
DA:162,0
DA:163,0
DA:164,0
DA:165,0
DA:166,0
DA:168,0
DA:169,0
DA:170,0
DA:171,0
DA:172,0
DA:173,0
DA:174,0
DA:175,0
DA:178,0
DA:179,0
DA:181,0
DA:185,6
DA:186,0
DA:187,0
DA:188,0
DA:189,0
DA:191,0
DA:198,0
DA:199,0
DA:200,0
DA:201,0
DA:202,0
DA:205,0
DA:206,0
DA:210,6
DA:212,0
DA:214,0
DA:215,0
DA:216,0
DA:217,0
DA:218,0
DA:222,0
DA:223,0
DA:224,0
DA:225,0
DA:227,0
DA:228,0
DA:230,0
DA:231,0
DA:234,0
DA:235,0
DA:236,0
DA:237,0
DA:242,0
DA:243,0
DA:244,0
DA:245,0
DA:247,0
DA:251,6
DA:257,0
DA:259,0
DA:260,0
DA:261,0
DA:262,0
DA:263,0
DA:265,0
DA:266,0
DA:269,0
DA:272,0
DA:273,0
DA:275,0
DA:279,6
LF:168
LH:32
BRDA:10,0,0,0
BRDA:17,1,0,0
BRDA:36,2,0,0
BRDA:54,3,0,0
BRDA:72,4,0,0
BRDA:72,4,1,0
BRDA:98,5,0,0
BRDA:98,5,1,0
BRDA:98,6,0,0
BRDA:98,6,1,0
BRDA:114,7,0,0
BRDA:127,8,0,0
BRDA:127,8,1,0
BRDA:137,9,0,0
BRDA:145,10,0,3
BRDA:166,11,0,0
BRDA:174,12,0,0
BRDA:187,13,0,0
BRDA:187,14,0,0
BRDA:188,15,0,0
BRDA:188,15,1,0
BRDA:191,16,0,0
BRDA:191,16,1,0
BRDA:205,17,0,0
BRDA:217,18,0,0
BRDA:222,19,0,0
BRDA:222,19,1,0
BRDA:223,20,0,0
BRDA:230,21,0,0
BRDA:235,22,0,0
BRDA:242,23,0,0
BRDA:242,23,1,0
BRDA:244,24,0,0
BRDA:272,25,0,0
BRF:34
BRH:1
end_of_record
TN:
SF:src/common.ts
FN:1,nothing
FN:2,(anonymous_1)
FN:3,(anonymous_2)
FN:4,dispose
FN:8,(anonymous_4)
FN:41,(anonymous_5)
FN:47,(anonymous_6)
FN:60,(anonymous_7)
FN:64,(anonymous_8)
FN:66,(anonymous_9)
FN:69,(anonymous_10)
FN:72,(anonymous_11)
FN:73,(anonymous_12)
FN:75,(anonymous_13)
FN:84,(anonymous_14)
FN:91,(anonymous_15)
FN:92,(anonymous_16)
FN:94,(anonymous_17)
FN:98,(anonymous_18)
FN:101,(anonymous_19)
FN:104,(anonymous_20)
FN:117,(anonymous_21)
FN:121,(anonymous_22)
FN:125,(anonymous_23)
FN:132,(anonymous_24)
FN:136,(anonymous_25)
FN:139,(anonymous_26)
FN:142,(anonymous_27)
FN:148,(anonymous_28)
FN:151,(anonymous_29)
FN:152,(anonymous_30)
FN:161,(anonymous_31)
FN:163,(anonymous_32)
FN:169,(anonymous_33)
FN:171,(anonymous_34)
FN:178,(anonymous_35)
FN:180,(anonymous_36)
FN:190,(anonymous_37)
FN:193,(anonymous_38)
FN:197,(anonymous_39)
FN:215,pipe
FN:216,(anonymous_41)
FN:218,create
FN:244,deliver
FN:245,(anonymous_44)
FN:246,(anonymous_45)
FN:248,(anonymous_46)
FN:257,(anonymous_47)
FN:263,send
FN:267,(anonymous_49)
FN:270,(anonymous_50)
FN:274,(anonymous_51)
FN:278,(anonymous_52)
FN:282,(anonymous_53)
FN:293,(anonymous_54)
FN:300,(anonymous_55)
FN:303,(anonymous_56)
FN:310,(anonymous_57)
FN:313,(anonymous_58)
FN:316,(anonymous_59)
FN:323,(anonymous_60)
FN:326,(anonymous_61)
FN:332,(anonymous_62)
FNF:63
FNH:20
FNDA:0,nothing
FNDA:3,(anonymous_1)
FNDA:0,(anonymous_2)
FNDA:0,dispose
FNDA:3,(anonymous_4)
FNDA:0,(anonymous_5)
FNDA:0,(anonymous_6)
FNDA:5,(anonymous_7)
FNDA:0,(anonymous_8)
FNDA:0,(anonymous_9)
FNDA:0,(anonymous_10)
FNDA:4,(anonymous_11)
FNDA:2,(anonymous_12)
FNDA:2,(anonymous_13)
FNDA:3,(anonymous_14)
FNDA:0,(anonymous_15)
FNDA:0,(anonymous_16)
FNDA:3,(anonymous_17)
FNDA:5,(anonymous_18)
FNDA:0,(anonymous_19)
FNDA:0,(anonymous_20)
FNDA:0,(anonymous_21)
FNDA:0,(anonymous_22)
FNDA:0,(anonymous_23)
FNDA:4,(anonymous_24)
FNDA:0,(anonymous_25)
FNDA:1,(anonymous_26)
FNDA:0,(anonymous_27)
FNDA:1,(anonymous_28)
FNDA:0,(anonymous_29)
FNDA:0,(anonymous_30)
FNDA:0,(anonymous_31)
FNDA:0,(anonymous_32)
FNDA:0,(anonymous_33)
FNDA:0,(anonymous_34)
FNDA:0,(anonymous_35)
FNDA:0,(anonymous_36)
FNDA:1,(anonymous_37)
FNDA:0,(anonymous_38)
FNDA:0,(anonymous_39)
FNDA:1,pipe
FNDA:3,(anonymous_41)
FNDA:3,create
FNDA:228,deliver
FNDA:2,(anonymous_44)
FNDA:2,(anonymous_45)
FNDA:0,(anonymous_46)
FNDA:2,(anonymous_47)
FNDA:0,send
FNDA:0,(anonymous_49)
FNDA:0,(anonymous_50)
FNDA:0,(anonymous_51)
FNDA:0,(anonymous_52)
FNDA:0,(anonymous_53)
FNDA:0,(anonymous_54)
FNDA:0,(anonymous_55)
FNDA:0,(anonymous_56)
FNDA:0,(anonymous_57)
FNDA:0,(anonymous_58)
FNDA:0,(anonymous_59)
FNDA:0,(anonymous_60)
FNDA:0,(anonymous_61)
FNDA:0,(anonymous_62)
DA:1,6
DA:2,6
DA:3,6
DA:4,6
DA:5,0
DA:8,6
DA:32,6
DA:36,6
DA:42,0
DA:48,0
DA:49,0
DA:50,0
DA:51,0
DA:60,6
DA:62,5
DA:63,5
DA:67,0
DA:70,0
DA:73,4
DA:76,2
DA:77,2
DA:78,2
DA:79,2
DA:80,2
DA:81,2
DA:82,2
DA:85,3
DA:86,0
DA:88,3
DA:89,3
DA:92,0
DA:95,3
DA:96,3
DA:99,5
DA:102,0
DA:105,0
DA:107,0
DA:109,0
DA:111,0
DA:113,0
DA:115,0
DA:119,0
DA:123,0
DA:127,0
DA:131,6
DA:132,4
DA:133,4
DA:134,4
DA:137,0
DA:140,1
DA:143,0
DA:146,6
DA:147,1
DA:148,1
DA:149,1
DA:150,1
DA:151,0
DA:152,0
DA:153,0
DA:155,0
DA:156,0
DA:157,0
DA:158,0
DA:159,0
DA:160,0
DA:161,0
DA:163,0
DA:164,0
DA:165,0
DA:168,0
DA:169,0
DA:171,0
DA:172,0
DA:173,0
DA:174,0
DA:177,0
DA:178,0
DA:180,0
DA:181,0
DA:182,0
DA:183,0
DA:187,1
DA:191,1
DA:194,0
DA:195,0
DA:198,0
DA:199,0
DA:215,6
DA:216,3
DA:218,6
DA:222,3
DA:223,0
DA:229,0
DA:230,0
DA:231,0
DA:232,0
DA:233,0
DA:234,0
DA:240,0
DA:242,3
DA:244,6
DA:245,228
DA:246,2
DA:247,2
DA:248,0
DA:249,0
DA:250,0
DA:251,0
DA:253,0
DA:254,0
DA:255,0
DA:257,2
DA:264,0
DA:267,0
DA:268,0
DA:269,0
DA:270,0
DA:271,0
DA:275,0
DA:276,0
DA:279,0
DA:280,0
DA:283,0
DA:284,0
DA:292,6
DA:294,0
DA:301,0
DA:304,0
DA:311,0
DA:314,0
DA:317,0
DA:324,0
DA:327,0
DA:328,0
DA:331,6
DA:332,0
DA:333,0
LF:137
LH:48
BRDA:42,0,0,0
BRDA:42,0,1,0
BRDA:85,1,0,0
BRDA:85,1,1,3
BRDA:148,2,0,0
BRDA:148,3,0,0
BRDA:148,4,0,0
BRDA:150,5,0,0
BRDA:150,5,1,1
BRDA:160,6,0,0
BRDA:160,6,1,0
BRDA:168,7,0,0
BRDA:168,7,1,0
BRDA:177,8,0,0
BRDA:177,8,1,0
BRDA:222,9,0,0
BRDA:232,10,0,0
BRDA:233,11,0,0
BRDA:233,11,1,0
BRDA:247,12,0,0
BRDA:247,12,1,2
BRDA:301,13,0,0
BRDA:301,13,1,0
BRDA:307,14,0,0
BRDA:307,14,1,0
BRDA:307,15,0,0
BRDA:307,15,1,0
BRDA:311,16,0,0
BRDA:311,16,1,0
BRDA:327,17,0,0
BRF:30
BRH:3
end_of_record
TN:
SF:src/filtering.ts
FN:5,(anonymous_0)
FN:8,(anonymous_1)
FN:17,(anonymous_2)
FN:21,(anonymous_3)
FN:24,(anonymous_4)
FN:34,(anonymous_5)
FN:37,(anonymous_6)
FN:48,(anonymous_7)
FN:51,(anonymous_8)
FN:62,(anonymous_9)
FN:63,(anonymous_10)
FN:70,(anonymous_11)
FN:73,(anonymous_12)
FN:81,(anonymous_13)
FN:85,(anonymous_14)
FN:96,(anonymous_15)
FN:99,(anonymous_16)
FN:113,(anonymous_17)
FN:116,(anonymous_18)
FN:120,(anonymous_19)
FN:124,(anonymous_20)
FN:128,(anonymous_21)
FN:131,(anonymous_22)
FN:140,(anonymous_23)
FN:144,(anonymous_24)
FN:151,(anonymous_25)
FN:162,(anonymous_26)
FN:165,(anonymous_27)
FN:168,(anonymous_28)
FN:175,(anonymous_29)
FN:179,(anonymous_30)
FN:185,(anonymous_31)
FN:193,(anonymous_32)
FN:193,(anonymous_33)
FN:195,(anonymous_34)
FN:198,(anonymous_35)
FN:205,(anonymous_36)
FN:215,(anonymous_37)
FN:215,(anonymous_38)
FN:215,(anonymous_39)
FN:218,(anonymous_40)
FN:221,(anonymous_41)
FN:234,(anonymous_42)
FN:237,(anonymous_43)
FN:244,(anonymous_44)
FN:256,(anonymous_45)
FN:259,(anonymous_46)
FN:264,(anonymous_47)
FN:278,(anonymous_48)
FN:281,(anonymous_49)
FN:290,(anonymous_50)
FNF:51
FNH:5
FNDA:0,(anonymous_0)
FNDA:0,(anonymous_1)
FNDA:0,(anonymous_2)
FNDA:1,(anonymous_3)
FNDA:3,(anonymous_4)
FNDA:0,(anonymous_5)
FNDA:0,(anonymous_6)
FNDA:0,(anonymous_7)
FNDA:0,(anonymous_8)
FNDA:0,(anonymous_9)
FNDA:0,(anonymous_10)
FNDA:0,(anonymous_11)
FNDA:0,(anonymous_12)
FNDA:0,(anonymous_13)
FNDA:0,(anonymous_14)
FNDA:0,(anonymous_15)
FNDA:0,(anonymous_16)
FNDA:0,(anonymous_17)
FNDA:0,(anonymous_18)
FNDA:0,(anonymous_19)
FNDA:0,(anonymous_20)
FNDA:0,(anonymous_21)
FNDA:0,(anonymous_22)
FNDA:0,(anonymous_23)
FNDA:0,(anonymous_24)
FNDA:0,(anonymous_25)
FNDA:0,(anonymous_26)
FNDA:0,(anonymous_27)
FNDA:0,(anonymous_28)
FNDA:0,(anonymous_29)
FNDA:0,(anonymous_30)
FNDA:0,(anonymous_31)
FNDA:0,(anonymous_32)
FNDA:0,(anonymous_33)
FNDA:0,(anonymous_34)
FNDA:0,(anonymous_35)
FNDA:0,(anonymous_36)
FNDA:0,(anonymous_37)
FNDA:0,(anonymous_38)
FNDA:0,(anonymous_39)
FNDA:0,(anonymous_40)
FNDA:0,(anonymous_41)
FNDA:0,(anonymous_42)
FNDA:0,(anonymous_43)
FNDA:0,(anonymous_44)
FNDA:1,(anonymous_45)
FNDA:3,(anonymous_46)
FNDA:1,(anonymous_47)
FNDA:0,(anonymous_48)
FNDA:0,(anonymous_49)
FNDA:0,(anonymous_50)
DA:1,6
DA:2,6
DA:3,6
DA:5,0
DA:6,0
DA:9,0
DA:10,0
DA:14,6
DA:19,6
DA:21,1
DA:22,1
DA:25,3
DA:26,3
DA:27,1
DA:28,1
DA:32,6
DA:35,0
DA:36,0
DA:37,0
DA:38,0
DA:39,0
DA:41,0
DA:42,0
DA:45,6
DA:48,0
DA:49,0
DA:52,0
DA:53,0
DA:55,0
DA:56,0
DA:60,6
DA:62,6
DA:63,0
DA:64,0
DA:65,0
DA:66,0
DA:70,0
DA:71,0
DA:74,0
DA:75,0
DA:79,6
DA:82,0
DA:83,0
DA:84,0
DA:85,0
DA:86,0
DA:87,0
DA:89,0
DA:90,0
DA:93,6
DA:96,0
DA:97,0
DA:100,0
DA:101,0
DA:102,0
DA:106,6
DA:107,6
DA:113,0
DA:114,0
DA:117,0
DA:118,0
DA:121,0
DA:122,0
DA:125,0
DA:126,0
DA:129,0
DA:132,0
DA:133,0
DA:134,0
DA:139,0
DA:140,0
DA:141,0
DA:142,0
DA:145,0
DA:146,0
DA:148,0
DA:152,0
DA:153,0
DA:154,0
DA:157,6
DA:158,6
DA:162,6
DA:166,0
DA:169,0
DA:170,0
DA:174,0
DA:175,0
DA:176,0
DA:177,0
DA:180,0
DA:181,0
DA:182,0
DA:183,0
DA:186,0
DA:187,0
DA:191,6
DA:193,6
DA:195,0
DA:196,0
DA:199,0
DA:200,0
DA:201,0
DA:202,0
DA:206,0
DA:207,0
DA:208,0
DA:209,0
DA:210,0
DA:214,6
DA:215,6
DA:217,0
DA:218,0
DA:219,0
DA:222,0
DA:223,0
DA:224,0
DA:225,0
DA:227,0
DA:231,6
DA:233,0
DA:234,0
DA:235,0
DA:238,0
DA:239,0
DA:240,0
DA:241,0
DA:245,0
DA:246,0
DA:247,0
DA:248,0
DA:249,0
DA:253,6
DA:255,1
DA:256,1
DA:257,1
DA:260,3
DA:261,3
DA:265,1
DA:266,0
DA:267,0
DA:268,1
DA:269,0
DA:273,6
DA:277,0
DA:278,0
DA:279,0
DA:282,0
DA:283,0
DA:284,0
DA:285,0
DA:287,0
DA:291,0
DA:292,0
DA:293,0
DA:294,0
DA:295,0
DA:299,6
LF:157
LH:37
BRDA:9,0,0,0
BRDA:26,1,0,1
BRDA:52,2,0,0
BRDA:52,2,1,0
BRDA:65,3,0,0
BRDA:74,4,0,0
BRDA:100,5,0,0
BRDA:118,6,0,0
BRDA:133,7,0,0
BRDA:140,8,0,0
BRDA:145,9,0,0
BRDA:145,9,1,0
BRDA:145,10,0,0
BRDA:145,10,1,0
BRDA:199,11,0,0
BRDA:206,12,0,0
BRDA:206,12,1,0
BRDA:222,13,0,0
BRDA:222,13,1,0
BRDA:238,14,0,0
BRDA:238,15,0,0
BRDA:238,15,1,0
BRDA:245,16,0,0
BRDA:245,16,1,0
BRDA:260,17,0,3
BRDA:260,18,0,3
BRDA:260,18,1,0
BRDA:265,19,0,0
BRDA:265,19,1,1
BRDA:282,20,0,0
BRDA:282,20,1,0
BRDA:291,21,0,0
BRDA:291,21,1,0
BRF:33
BRH:4
end_of_record
TN:
SF:src/index.ts
FNF:0
FNH:0
DA:1,6
DA:2,6
DA:3,6
DA:4,6
DA:5,6
DA:6,6
DA:7,6
LF:7
LH:7
BRF:0
BRH:0
end_of_record
TN:
SF:src/mathematical.ts
FN:5,(anonymous_0)
FN:7,(anonymous_1)
FN:12,(anonymous_2)
FN:22,(anonymous_3)
FN:28,(anonymous_4)
FN:28,(anonymous_5)
FN:29,(anonymous_6)
FN:30,(anonymous_7)
FN:31,(anonymous_8)
FN:31,(anonymous_9)
FNF:10
FNH:0
FNDA:0,(anonymous_0)
FNDA:0,(anonymous_1)
FNDA:0,(anonymous_2)
FNDA:0,(anonymous_3)
FNDA:0,(anonymous_4)
FNDA:0,(anonymous_5)
FNDA:0,(anonymous_6)
FNDA:0,(anonymous_7)
FNDA:0,(anonymous_8)
FNDA:0,(anonymous_9)
DA:1,6
DA:5,0
DA:6,0
DA:7,0
DA:8,0
DA:9,0
DA:11,0
DA:12,0
DA:13,0
DA:14,0
DA:15,0
DA:18,0
DA:19,0
DA:23,0
DA:26,6
DA:28,6
DA:29,6
DA:30,6
DA:31,6
LF:19
LH:6
BRDA:11,0,0,0
BRDA:11,0,1,0
BRDA:28,1,0,0
BRDA:28,1,1,0
BRF:4
BRH:0
end_of_record
TN:
SF:src/producer.ts
FN:4,subject
FN:6,(anonymous_8)
FN:7,(anonymous_9)
FN:8,(anonymous_10)
FN:9,(anonymous_11)
FN:17,defer
FN:18,(anonymous_13)
FN:31,(anonymous_14)
FN:37,(anonymous_15)
FN:41,(anonymous_16)
FN:45,(anonymous_17)
FN:64,(anonymous_18)
FN:64,(anonymous_19)
FN:65,(anonymous_20)
FN:69,(anonymous_21)
FN:82,(anonymous_22)
FN:82,(anonymous_23)
FN:89,of
FN:93,fromArray
FN:97,interval
FN:98,(anonymous_27)
FN:100,(anonymous_28)
FN:101,(anonymous_29)
FN:106,timer
FN:107,(anonymous_31)
FN:109,(anonymous_32)
FN:115,(anonymous_33)
FN:116,(anonymous_34)
FN:121,(anonymous_35)
FN:125,_fromEventPattern
FN:126,(anonymous_37)
FN:127,(anonymous_38)
FN:128,(anonymous_39)
FN:132,fromEventPattern
FN:136,fromEvent
FN:139,(anonymous_42)
FN:140,(anonymous_43)
FN:143,(anonymous_44)
FN:144,(anonymous_45)
FN:147,(anonymous_46)
FN:148,(anonymous_47)
FN:153,fromPromise
FN:154,(anonymous_49)
FN:158,fromFetch
FN:159,(anonymous_51)
FN:161,fromIterable
FN:162,(anonymous_53)
FN:174,fromReader
FN:175,(anonymous_55)
FN:175,(anonymous_56)
FN:186,(anonymous_57)
FN:190,fromReadableStream
FN:191,(anonymous_59)
FN:195,(anonymous_60)
FN:197,(anonymous_61)
FN:200,(anonymous_62)
FN:203,(anonymous_63)
FN:206,(anonymous_64)
FN:206,(anonymous_65)
FN:209,fromAnimationFrame
FN:210,(anonymous_67)
FN:211,next
FN:217,(anonymous_69)
FN:220,range
FN:222,(anonymous_71)
FN:229,bindCallback
FN:231,(anonymous_73)
FN:233,(anonymous_74)
FN:238,bindNodeCallback
FN:239,(anonymous_76)
FN:241,(anonymous_77)
FN:246,never
FN:247,(anonymous_79)
FN:249,throwError
FN:250,(anonymous_81)
FN:252,empty
FN:253,(anonymous_83)
FNF:77
FNH:12
FNDA:0,subject
FNDA:0,(anonymous_8)
FNDA:0,(anonymous_9)
FNDA:0,(anonymous_10)
FNDA:0,(anonymous_11)
FNDA:0,defer
FNDA:0,(anonymous_13)
FNDA:1,(anonymous_14)
FNDA:0,(anonymous_15)
FNDA:0,(anonymous_16)
FNDA:6,(anonymous_17)
FNDA:1,(anonymous_18)
FNDA:1,(anonymous_19)
FNDA:1,(anonymous_20)
FNDA:0,(anonymous_21)
FNDA:1,(anonymous_22)
FNDA:1,(anonymous_23)
FNDA:1,of
FNDA:0,fromArray
FNDA:1,interval
FNDA:1,(anonymous_27)
FNDA:3,(anonymous_28)
FNDA:1,(anonymous_29)
FNDA:0,timer
FNDA:0,(anonymous_31)
FNDA:0,(anonymous_32)
FNDA:0,(anonymous_33)
FNDA:0,(anonymous_34)
FNDA:0,(anonymous_35)
FNDA:0,_fromEventPattern
FNDA:0,(anonymous_37)
FNDA:0,(anonymous_38)
FNDA:0,(anonymous_39)
FNDA:0,fromEventPattern
FNDA:0,fromEvent
FNDA:0,(anonymous_42)
FNDA:0,(anonymous_43)
FNDA:0,(anonymous_44)
FNDA:0,(anonymous_45)
FNDA:0,(anonymous_46)
FNDA:0,(anonymous_47)
FNDA:0,fromPromise
FNDA:0,(anonymous_49)
FNDA:0,fromFetch
FNDA:0,(anonymous_51)
FNDA:0,fromIterable
FNDA:0,(anonymous_53)
FNDA:0,fromReader
FNDA:0,(anonymous_55)
FNDA:0,(anonymous_56)
FNDA:0,(anonymous_57)
FNDA:0,fromReadableStream
FNDA:0,(anonymous_59)
FNDA:0,(anonymous_60)
FNDA:0,(anonymous_61)
FNDA:0,(anonymous_62)
FNDA:0,(anonymous_63)
FNDA:0,(anonymous_64)
FNDA:0,(anonymous_65)
FNDA:0,fromAnimationFrame
FNDA:0,(anonymous_67)
FNDA:0,next
FNDA:0,(anonymous_69)
FNDA:0,range
FNDA:0,(anonymous_71)
FNDA:0,bindCallback
FNDA:0,(anonymous_73)
FNDA:0,(anonymous_74)
FNDA:0,bindNodeCallback
FNDA:0,(anonymous_76)
FNDA:0,(anonymous_77)
FNDA:0,never
FNDA:0,(anonymous_79)
FNDA:0,throwError
FNDA:0,(anonymous_81)
FNDA:0,empty
FNDA:0,(anonymous_83)
DA:1,6
DA:2,6
DA:4,6
DA:5,0
DA:6,0
DA:7,0
DA:8,0
DA:9,0
DA:10,0
DA:12,0
DA:13,0
DA:14,0
DA:15,0
DA:17,6
DA:18,0
DA:29,6
DA:32,1
DA:37,0
DA:41,0
DA:45,6
DA:47,6
DA:48,6
DA:52,0
DA:53,0
DA:57,0
DA:61,6
DA:64,6
DA:65,1
DA:69,6
DA:70,0
DA:72,0
DA:73,0
DA:75,0
DA:80,6
DA:82,6
DA:83,1
DA:84,2
DA:86,1
DA:89,6
DA:90,1
DA:93,6
DA:94,0
DA:97,6
DA:98,1
DA:99,1
DA:100,3
DA:101,1
DA:102,1
DA:106,6
DA:107,0
DA:108,0
DA:109,0
DA:110,0
DA:111,0
DA:114,0
DA:115,0
DA:116,0
DA:118,0
DA:121,0
DA:122,0
DA:126,0
DA:127,0
DA:128,0
DA:129,0
DA:132,6
DA:133,0
DA:136,6
DA:137,0
DA:138,0
DA:139,0
DA:140,0
DA:141,0
DA:142,0
DA:143,0
DA:144,0
DA:145,0
DA:146,0
DA:147,0
DA:148,0
DA:150,0
DA:153,6
DA:154,0
DA:155,0
DA:158,6
DA:159,0
DA:161,6
DA:162,0
DA:163,0
DA:164,0
DA:165,0
DA:166,0
DA:168,0
DA:170,0
DA:174,6
DA:175,0
DA:176,0
DA:177,0
DA:178,0
DA:179,0
DA:180,0
DA:182,0
DA:183,0
DA:186,0
DA:187,0
DA:190,6
DA:191,0
DA:192,0
DA:193,0
DA:195,0
DA:196,0
DA:198,0
DA:201,0
DA:204,0
DA:206,0
DA:209,6
DA:210,0
DA:211,0
DA:212,0
DA:213,0
DA:214,0
DA:217,0
DA:220,6
DA:222,0
DA:223,0
DA:224,0
DA:225,0
DA:229,6
DA:231,0
DA:232,0
DA:233,0
DA:235,0
DA:238,6
DA:239,0
DA:240,0
DA:241,0
DA:243,0
DA:246,6
DA:247,0
DA:249,6
DA:250,0
DA:252,6
DA:253,0
LF:142
LH:42
BRDA:10,0,0,0
BRDA:10,0,1,0
BRDA:36,1,0,6
BRDA:36,1,1,0
BRDA:47,2,0,6
BRDA:52,3,0,0
BRDA:70,4,0,0
BRDA:70,4,1,0
BRDA:73,5,0,0
BRDA:83,6,0,3
BRDA:83,6,1,3
BRDA:114,7,0,0
BRDA:114,7,1,0
BRDA:137,8,0,0
BRDA:137,8,1,0
BRDA:137,9,0,0
BRDA:137,9,1,0
BRDA:141,10,0,0
BRDA:141,10,1,0
BRDA:141,11,0,0
BRDA:141,11,1,0
BRDA:145,12,0,0
BRDA:145,12,1,0
BRDA:165,13,0,0
BRDA:176,14,0,0
BRDA:178,15,0,0
BRDA:178,15,1,0
BRDA:212,16,0,0
BRDA:222,17,0,0
BRDA:222,18,0,0
BRDA:223,19,0,0
BRDA:223,19,1,0
BRDA:241,20,0,0
BRDA:241,20,1,0
BRF:34
BRH:4
end_of_record
TN:
SF:src/transformation.ts
FN:7,(anonymous_0)
FN:10,(anonymous_1)
FN:19,(anonymous_2)
FN:24,(anonymous_3)
FN:27,(anonymous_4)
FN:38,(anonymous_5)
FN:41,(anonymous_6)
FN:46,(anonymous_7)
FN:46,(anonymous_8)
FN:54,(anonymous_9)
FN:57,(anonymous_10)
FN:66,(anonymous_11)
FN:76,(anonymous_12)
FN:79,(anonymous_13)
FN:89,(anonymous_14)
FN:95,(anonymous_15)
FN:105,(anonymous_16)
FN:107,(anonymous_17)
FN:116,makeMapTo
FN:117,(anonymous_19)
FN:117,(anonymous_20)
FN:122,(anonymous_21)
FN:133,(anonymous_22)
FN:136,(anonymous_23)
FN:140,(anonymous_24)
FN:148,(anonymous_25)
FN:160,(anonymous_26)
FN:169,(anonymous_27)
FN:171,(anonymous_28)
FN:175,(anonymous_29)
FN:178,(anonymous_30)
FN:186,(anonymous_31)
FN:192,(anonymous_32)
FN:203,(anonymous_33)
FN:206,(anonymous_34)
FN:217,(anonymous_35)
FN:218,(anonymous_36)
FN:221,(anonymous_37)
FN:222,(anonymous_38)
FN:228,(anonymous_39)
FN:230,(anonymous_40)
FN:243,(anonymous_41)
FN:239,(anonymous_42)
FN:246,(anonymous_43)
FN:249,(anonymous_44)
FN:253,(anonymous_45)
FN:265,(anonymous_46)
FN:269,(anonymous_47)
FN:273,(anonymous_48)
FN:274,(anonymous_49)
FN:286,(anonymous_50)
FN:292,(anonymous_51)
FN:293,(anonymous_52)
FN:298,(anonymous_53)
FN:301,(anonymous_54)
FN:309,(anonymous_55)
FN:318,(anonymous_56)
FN:330,(anonymous_57)
FN:334,(anonymous_58)
FN:341,(anonymous_59)
FN:355,(anonymous_60)
FN:360,(anonymous_61)
FN:368,(anonymous_62)
FNF:63
FNH:1
FNDA:0,(anonymous_0)
FNDA:0,(anonymous_1)
FNDA:0,(anonymous_2)
FNDA:0,(anonymous_3)
FNDA:0,(anonymous_4)
FNDA:0,(anonymous_5)
FNDA:0,(anonymous_6)
FNDA:0,(anonymous_7)
FNDA:0,(anonymous_8)
FNDA:0,(anonymous_9)
FNDA:0,(anonymous_10)
FNDA:0,(anonymous_11)
FNDA:0,(anonymous_12)
FNDA:0,(anonymous_13)
FNDA:0,(anonymous_14)
FNDA:0,(anonymous_15)
FNDA:0,(anonymous_16)
FNDA:0,(anonymous_17)
FNDA:24,makeMapTo
FNDA:0,(anonymous_19)
FNDA:0,(anonymous_20)
FNDA:0,(anonymous_21)
FNDA:0,(anonymous_22)
FNDA:0,(anonymous_23)
FNDA:0,(anonymous_24)
FNDA:0,(anonymous_25)
FNDA:0,(anonymous_26)
FNDA:0,(anonymous_27)
FNDA:0,(anonymous_28)
FNDA:0,(anonymous_29)
FNDA:0,(anonymous_30)
FNDA:0,(anonymous_31)
FNDA:0,(anonymous_32)
FNDA:0,(anonymous_33)
FNDA:0,(anonymous_34)
FNDA:0,(anonymous_35)
FNDA:0,(anonymous_36)
FNDA:0,(anonymous_37)
FNDA:0,(anonymous_38)
FNDA:0,(anonymous_39)
FNDA:0,(anonymous_40)
FNDA:0,(anonymous_41)
FNDA:0,(anonymous_42)
FNDA:0,(anonymous_43)
FNDA:0,(anonymous_44)
FNDA:0,(anonymous_45)
FNDA:0,(anonymous_46)
FNDA:0,(anonymous_47)
FNDA:0,(anonymous_48)
FNDA:0,(anonymous_49)
FNDA:0,(anonymous_50)
FNDA:0,(anonymous_51)
FNDA:0,(anonymous_52)
FNDA:0,(anonymous_53)
FNDA:0,(anonymous_54)
FNDA:0,(anonymous_55)
FNDA:0,(anonymous_56)
FNDA:0,(anonymous_57)
FNDA:0,(anonymous_58)
FNDA:0,(anonymous_59)
FNDA:0,(anonymous_60)
FNDA:0,(anonymous_61)
FNDA:0,(anonymous_62)
DA:1,6
DA:2,6
DA:7,0
DA:8,0
DA:9,0
DA:10,0
DA:11,0
DA:12,0
DA:13,0
DA:16,0
DA:20,0
DA:23,6
DA:25,0
DA:28,0
DA:29,0
DA:31,0
DA:33,0
DA:36,6
DA:38,0
DA:39,0
DA:42,0
DA:45,6
DA:46,6
DA:54,0
DA:55,0
DA:58,0
DA:59,0
DA:60,0
DA:62,0
DA:67,0
DA:68,0
DA:75,0
DA:76,0
DA:77,0
DA:80,0
DA:82,0
DA:83,0
DA:85,0
DA:86,0
DA:91,0
DA:97,0
DA:98,0
DA:106,0
DA:107,0
DA:108,0
DA:109,0
DA:114,6
DA:117,24
DA:120,6
DA:123,0
DA:124,0
DA:125,0
DA:127,0
DA:128,0
DA:134,0
DA:135,0
DA:137,0
DA:138,0
DA:141,0
DA:142,0
DA:143,0
DA:145,0
DA:149,0
DA:151,0
DA:152,0
DA:156,6
DA:157,6
DA:161,0
DA:162,0
DA:163,0
DA:164,0
DA:170,0
DA:172,0
DA:173,0
DA:177,0
DA:178,0
DA:179,0
DA:182,6
DA:183,6
DA:187,0
DA:188,0
DA:193,0
DA:194,0
DA:197,6
DA:198,6
DA:202,0
DA:203,0
DA:204,0
DA:207,0
DA:208,0
DA:209,0
DA:210,0
DA:211,0
DA:212,0
DA:213,0
DA:215,0
DA:218,0
DA:219,0
DA:222,0
DA:223,0
DA:226,6
DA:229,0
DA:231,0
DA:232,0
DA:235,6
DA:238,0
DA:239,0
DA:240,0
DA:241,0
DA:243,0
DA:244,0
DA:247,0
DA:250,0
DA:251,0
DA:254,0
DA:255,0
DA:259,6
DA:263,0
DA:266,0
DA:267,0
DA:270,0
DA:271,0
DA:274,0
DA:275,0
DA:276,0
DA:277,0
DA:278,0
DA:279,0
DA:280,0
DA:287,0
DA:288,0
DA:290,0
DA:293,0
DA:296,6
DA:298,0
DA:299,0
DA:302,0
DA:303,0
DA:307,6
DA:310,0
DA:311,0
DA:313,0
DA:314,0
DA:320,0
DA:322,0
DA:327,0
DA:328,0
DA:330,0
DA:331,0
DA:336,0
DA:338,0
DA:343,0
DA:344,0
DA:345,0
DA:346,0
DA:349,0
DA:352,0
DA:356,0
DA:357,0
DA:362,0
DA:363,0
DA:364,0
DA:370,0
DA:371,0
DA:375,6
LF:165
LH:21
BRDA:9,0,0,0
BRDA:9,0,1,0
BRDA:28,1,0,0
BRDA:28,1,1,0
BRDA:59,2,0,0
BRDA:59,2,1,0
BRDA:82,3,0,0
BRDA:124,4,0,0
BRDA:124,4,1,0
BRDA:143,5,0,0
BRDA:143,6,0,0
BRDA:143,6,1,0
BRDA:149,7,0,0
BRDA:163,8,0,0
BRDA:177,9,0,0
BRDA:177,9,1,0
BRDA:209,10,0,0
BRDA:276,11,0,0
BRDA:279,12,0,0
BRDA:287,13,0,0
BRDA:313,14,0,0
BRDA:362,15,0,0
BRDA:362,16,0,0
BRDA:362,16,1,0
BRF:24
BRH:0
end_of_record
TN:
SF:src/utils.ts
FN:3,(anonymous_0)
FN:3,(anonymous_1)
FN:4,(anonymous_2)
FN:6,(anonymous_3)
FN:6,(anonymous_4)
FN:9,(anonymous_5)
FN:9,(anonymous_6)
FN:12,(anonymous_7)
FN:15,(anonymous_8)
FN:25,(anonymous_9)
FN:25,(anonymous_10)
FN:29,(anonymous_11)
FN:32,(anonymous_12)
FN:34,(anonymous_13)
FN:35,(anonymous_14)
FN:36,(anonymous_15)
FN:45,(anonymous_16)
FN:44,(anonymous_17)
FN:48,(anonymous_18)
FN:53,(anonymous_19)
FN:60,(anonymous_20)
FN:60,(anonymous_21)
FN:62,(anonymous_22)
FN:65,(anonymous_23)
FN:79,(anonymous_24)
FN:82,(anonymous_25)
FNF:26
FNH:2
FNDA:0,(anonymous_0)
FNDA:0,(anonymous_1)
FNDA:0,(anonymous_2)
FNDA:0,(anonymous_3)
FNDA:0,(anonymous_4)
FNDA:0,(anonymous_5)
FNDA:0,(anonymous_6)
FNDA:0,(anonymous_7)
FNDA:0,(anonymous_8)
FNDA:1,(anonymous_9)
FNDA:1,(anonymous_10)
FNDA:0,(anonymous_11)
FNDA:0,(anonymous_12)
FNDA:0,(anonymous_13)
FNDA:0,(anonymous_14)
FNDA:0,(anonymous_15)
FNDA:0,(anonymous_16)
FNDA:0,(anonymous_17)
FNDA:0,(anonymous_18)
FNDA:0,(anonymous_19)
FNDA:0,(anonymous_20)
FNDA:0,(anonymous_21)
FNDA:0,(anonymous_22)
FNDA:0,(anonymous_23)
FNDA:0,(anonymous_24)
FNDA:0,(anonymous_25)
DA:1,6
DA:3,6
DA:4,0
DA:6,0
DA:9,6
DA:11,0
DA:13,0
DA:16,0
DA:24,6
DA:25,6
DA:30,0
DA:31,0
DA:32,0
DA:34,0
DA:35,0
DA:36,0
DA:41,6
DA:44,0
DA:45,0
DA:46,0
DA:49,0
DA:50,0
DA:51,0
DA:54,0
DA:55,0
DA:58,6
DA:60,6
DA:61,0
DA:62,0
DA:63,0
DA:64,0
DA:65,0
DA:66,0
DA:67,0
DA:69,0
DA:72,0
DA:73,0
DA:75,0
DA:76,0
DA:77,0
DA:79,0
DA:80,0
DA:81,0
DA:82,0
DA:83,0
DA:84,0
DA:86,0
DA:89,0
LF:48
LH:8
BRDA:25,0,0,0
BRDA:25,1,0,0
BRDA:25,2,0,0
BRDA:31,3,0,0
BRDA:31,3,1,0
BRDA:34,4,0,0
BRDA:35,5,0,0
BRDA:36,6,0,0
BRDA:60,7,0,0
BRDA:61,8,0,0
BRDA:61,8,1,0
BRDA:66,9,0,0
BRDA:66,9,1,0
BRDA:83,10,0,0
BRDA:83,10,1,0
BRF:15
BRH:0
end_of_record
